==== Starting test: 0522_predict_online.log ====
[Wed Jul 23 09:54:47 UTC 2025] Processing: /home/genesis/hlo_cliped_tests/0522/predict_online/predict_online_0.cluster.stablehlo.mlir
All operations visited successfully.
Checking satisfiability of constraints...
Solution: {'%arg0': 1, '%arg1': -9, '%arg2': -9, '%arg3': -3, '%arg4': 1, '%arg5': -6, '%arg6': 1, '%arg7': -6, '%arg8': -9, '%arg9': -9, '%arg10': 1, '%arg11': -9, '%arg12': 1, '%arg13': 1}

real	0m11.755s
user	0m18.724s
sys	0m0.084s
----------------------------------------
[Wed Jul 23 09:54:59 UTC 2025] Processing: /home/genesis/hlo_cliped_tests/0522/predict_online/predict_online_1.cluster.stablehlo.mlir
All operations visited successfully.
Checking satisfiability of constraints...
Solution: {'%arg0': 1, '%arg1': 1, '%arg2': 1}

real	0m0.422s
user	0m7.412s
sys	0m0.060s
----------------------------------------
[Wed Jul 23 09:54:59 UTC 2025] Processing: /home/genesis/hlo_cliped_tests/0522/predict_online/predict_online_2.cluster.stablehlo.mlir
All operations visited successfully.
Checking satisfiability of constraints...
Solution: {'%arg0': 1/100}

real	0m0.415s
user	0m7.476s
sys	0m0.048s
----------------------------------------
[Wed Jul 23 09:54:59 UTC 2025] Processing: /home/genesis/hlo_cliped_tests/0522/predict_online/predict_online_3.cluster.stablehlo.mlir
All operations visited successfully.
Checking satisfiability of constraints...
Solution: {'%arg0': -1/100, '%arg1': 1, '%arg2': 1/100}

real	0m0.406s
user	0m7.408s
sys	0m0.056s
----------------------------------------
[Wed Jul 23 09:55:00 UTC 2025] Processing: /home/genesis/hlo_cliped_tests/0522/predict_online/predict_online_4.cluster.stablehlo.mlir
All operations visited successfully.
Checking satisfiability of constraints...
Solution: {'%arg0': 1, '%arg1': 1}

real	0m0.437s
user	0m7.432s
sys	0m0.040s
----------------------------------------
[Wed Jul 23 09:55:00 UTC 2025] Processing: /home/genesis/hlo_cliped_tests/0522/predict_online/predict_online_5.cluster.stablehlo.mlir
All operations visited successfully.
Checking satisfiability of constraints...
Solution: {'%arg0': 1/100}

real	0m0.449s
user	0m7.393s
sys	0m0.111s
----------------------------------------
[Wed Jul 23 09:55:01 UTC 2025] Processing: /home/genesis/hlo_cliped_tests/0522/predict_online/predict_online_6.cluster.stablehlo.mlir
All operations visited successfully.
Checking satisfiability of constraints...
Solution: {'%arg0': 1/100}

real	0m0.413s
user	0m7.393s
sys	0m0.060s
----------------------------------------
[Wed Jul 23 09:55:01 UTC 2025] Processing: /home/genesis/hlo_cliped_tests/0522/predict_online/predict_online_7.cluster.stablehlo.mlir
All operations visited successfully.
Checking satisfiability of constraints...
Solution: {'%arg0': 1/100}

real	0m0.383s
user	0m7.396s
sys	0m0.044s
----------------------------------------
[Wed Jul 23 09:55:02 UTC 2025] Processing: /home/genesis/hlo_cliped_tests/0522/predict_online/predict_online_8.cluster.stablehlo.mlir
All operations visited successfully.
Checking satisfiability of constraints...
Solution: {'%arg0': 1/100}

real	0m0.424s
user	0m7.392s
sys	0m0.068s
----------------------------------------
[Wed Jul 23 09:55:02 UTC 2025] Processing: /home/genesis/hlo_cliped_tests/0522/predict_online/predict_online_9.cluster.stablehlo.mlir
All operations visited successfully.
Checking satisfiability of constraints...
Solution: {'%arg0': 1/100}

real	0m0.400s
user	0m7.393s
sys	0m0.064s
----------------------------------------
[Wed Jul 23 09:55:02 UTC 2025] Processing: /home/genesis/hlo_cliped_tests/0522/predict_online/predict_online_10.cluster.stablehlo.mlir
All operations visited successfully.
Checking satisfiability of constraints...
Solution: {'%arg0': 1/100}

real	0m0.385s
user	0m7.374s
sys	0m0.069s
----------------------------------------
[Wed Jul 23 09:55:03 UTC 2025] Processing: /home/genesis/hlo_cliped_tests/0522/predict_online/predict_online_11.cluster.stablehlo.mlir
All operations visited successfully.
Checking satisfiability of constraints...
Solution: {'%arg0': 1/100}

real	0m0.398s
user	0m7.395s
sys	0m0.060s
----------------------------------------
[Wed Jul 23 09:55:03 UTC 2025] Processing: /home/genesis/hlo_cliped_tests/0522/predict_online/predict_online_12.cluster.stablehlo.mlir
All operations visited successfully.
Checking satisfiability of constraints...
Solution: {'%arg0': 1/100}

real	0m0.456s
user	0m7.450s
sys	0m0.056s
----------------------------------------
[Wed Jul 23 09:55:04 UTC 2025] Processing: /home/genesis/hlo_cliped_tests/0522/predict_online/predict_online_13.cluster.stablehlo.mlir
All operations visited successfully.
Checking satisfiability of constraints...
Solution: {'%arg0': 1/100, '%arg1': 1/100, '%arg2': 1/100, '%arg3': 1/100}

real	0m0.590s
user	0m7.586s
sys	0m0.052s
----------------------------------------
[Wed Jul 23 09:55:04 UTC 2025] Processing: /home/genesis/hlo_cliped_tests/0522/predict_online/predict_online_14.cluster.stablehlo.mlir
All operations visited successfully.
Checking satisfiability of constraints...
Solution: {'%arg0': 1/100}

real	0m0.469s
user	0m7.461s
sys	0m0.060s
----------------------------------------
[Wed Jul 23 09:55:05 UTC 2025] Processing: /home/genesis/hlo_cliped_tests/0522/predict_online/predict_online_15.cluster.stablehlo.mlir
All operations visited successfully.
Checking satisfiability of constraints...
Solution: {'%arg0': 1, '%arg1': 1, '%arg2': 1}

real	0m0.412s
user	0m7.405s
sys	0m0.057s
----------------------------------------
[Wed Jul 23 09:55:05 UTC 2025] Processing: /home/genesis/hlo_cliped_tests/0522/predict_online/predict_online_16.cluster.stablehlo.mlir
All operations visited successfully.
Checking satisfiability of constraints...
Solution: {'%arg0': 1, '%arg1': 1, '%arg2': 1, '%arg3': 1}

real	0m0.412s
user	0m7.428s
sys	0m0.036s
----------------------------------------
[Wed Jul 23 09:55:06 UTC 2025] Processing: /home/genesis/hlo_cliped_tests/0522/predict_online/predict_online_17.cluster.stablehlo.mlir
All operations visited successfully.
Checking satisfiability of constraints...
Solution: {'%arg0': 1, '%arg1': 1}

real	0m0.394s
user	0m7.382s
sys	0m0.068s
----------------------------------------
[Wed Jul 23 09:55:06 UTC 2025] Processing: /home/genesis/hlo_cliped_tests/0522/predict_online/predict_online_18.cluster.stablehlo.mlir
All operations visited successfully.
Checking satisfiability of constraints...
Solution: {'%arg0': 1, '%arg1': 1}

real	0m0.389s
user	0m7.400s
sys	0m0.044s
----------------------------------------
[Wed Jul 23 09:55:06 UTC 2025] Processing: /home/genesis/hlo_cliped_tests/0522/predict_online/predict_online_19.cluster.stablehlo.mlir
All operations visited successfully.
Checking satisfiability of constraints...
Solution: {'%arg0': 1, '%arg1': 1}

real	0m0.440s
user	0m7.377s
sys	0m0.107s
----------------------------------------
[Wed Jul 23 09:55:07 UTC 2025] Processing: /home/genesis/hlo_cliped_tests/0522/predict_online/predict_online_20.cluster.stablehlo.mlir
All operations visited successfully.
Checking satisfiability of constraints...
Solution: {'%arg0': 1, '%arg1': 1}

real	0m0.413s
user	0m7.415s
sys	0m0.056s
----------------------------------------
[Wed Jul 23 09:55:07 UTC 2025] Processing: /home/genesis/hlo_cliped_tests/0522/predict_online/predict_online_21.cluster.stablehlo.mlir
All operations visited successfully.
Checking satisfiability of constraints...
Solution: {'%arg0': 1, '%arg1': 1}

real	0m0.439s
user	0m7.441s
sys	0m0.056s
----------------------------------------
[Wed Jul 23 09:55:08 UTC 2025] Processing: /home/genesis/hlo_cliped_tests/0522/predict_online/predict_online_22.cluster.stablehlo.mlir
All operations visited successfully.
Checking satisfiability of constraints...
Solution: {'%arg0': 1, '%arg1': 1}

real	0m0.414s
user	0m7.404s
sys	0m0.064s
----------------------------------------
[Wed Jul 23 09:55:08 UTC 2025] Processing: /home/genesis/hlo_cliped_tests/0522/predict_online/predict_online_23.cluster.stablehlo.mlir
All operations visited successfully.
Checking satisfiability of constraints...
Solution: {'%arg0': 1, '%arg1': 1}

real	0m0.401s
user	0m7.396s
sys	0m0.060s
----------------------------------------
[Wed Jul 23 09:55:08 UTC 2025] Processing: /home/genesis/hlo_cliped_tests/0522/predict_online/predict_online_24.cluster.stablehlo.mlir
All operations visited successfully.
Checking satisfiability of constraints...
Solution: {'%arg0': 1, '%arg1': 1/100, '%arg2': -1/100, '%arg3': 1/100, '%arg4': 1, '%arg5': 1/100, '%arg6': 1, '%arg7': 1/100, '%arg8': 1/100}

real	0m0.422s
user	0m7.266s
sys	0m0.212s
----------------------------------------
[Wed Jul 23 09:55:09 UTC 2025] Processing: /home/genesis/hlo_cliped_tests/0522/predict_online/predict_online_25.cluster.stablehlo.mlir
All operations visited successfully.
Checking satisfiability of constraints...
Solution: {'%arg0': 1/100, '%arg1': 1/100, '%arg2': -1/100, '%arg3': 1/100, '%arg4': -1/100, '%arg5': 1/100, '%arg6': 1/100, '%arg7': 1/100, '%arg8': 1/100, '%arg9': -1/100, '%arg10': 1/100, '%arg11': 1/100, '%arg12': 1/100}

real	0m0.413s
user	0m7.403s
sys	0m0.068s
----------------------------------------
[Wed Jul 23 09:55:09 UTC 2025] Processing: /home/genesis/hlo_cliped_tests/0522/predict_online/predict_online_26.cluster.stablehlo.mlir
All operations visited successfully.
Checking satisfiability of constraints...
Solution: {'%arg0': 1/100, '%arg1': 1/100, '%arg2': -1/100, '%arg3': 1/100, '%arg4': -1/100, '%arg5': 1/100, '%arg6': 1/100, '%arg7': 1/100, '%arg8': 1/100, '%arg9': -1/100, '%arg10': 1/100, '%arg11': 1/100, '%arg12': 1/100}

real	0m0.407s
user	0m7.416s
sys	0m0.048s
----------------------------------------
[Wed Jul 23 09:55:10 UTC 2025] Processing: /home/genesis/hlo_cliped_tests/0522/predict_online/predict_online_27.cluster.stablehlo.mlir
All operations visited successfully.
Checking satisfiability of constraints...
Solution: {'%arg0': 1/100, '%arg1': 1/100, '%arg2': -1/100, '%arg3': 1/100, '%arg4': -1/100, '%arg5': 1/100, '%arg6': 1/100, '%arg7': 1/100, '%arg8': 1/100, '%arg9': -1/100, '%arg10': 1/100, '%arg11': 1/100, '%arg12': 1/100}

real	0m0.434s
user	0m7.445s
sys	0m0.040s
----------------------------------------
[Wed Jul 23 09:55:10 UTC 2025] Processing: /home/genesis/hlo_cliped_tests/0522/predict_online/predict_online_28.cluster.stablehlo.mlir
All operations visited successfully.
Checking satisfiability of constraints...
Solution: {'%arg0': 1/100, '%arg1': 1/100, '%arg2': -1/100, '%arg3': 1/100, '%arg4': -1/100, '%arg5': 1/100, '%arg6': 1/100, '%arg7': 1/100, '%arg8': 1/100, '%arg9': -1/100, '%arg10': 1/100, '%arg11': 1/100, '%arg12': 1/100}

real	0m0.427s
user	0m7.408s
sys	0m0.081s
----------------------------------------
[Wed Jul 23 09:55:11 UTC 2025] Processing: /home/genesis/hlo_cliped_tests/0522/predict_online/predict_online_29.cluster.stablehlo.mlir
All operations visited successfully.
Checking satisfiability of constraints...
Solution: {'%arg0': 1/100, '%arg1': 1/100, '%arg2': -1/100, '%arg3': 1/100, '%arg4': -1/100, '%arg5': 1/100, '%arg6': 1/100, '%arg7': 1/100, '%arg8': 1/100, '%arg9': -1/100, '%arg10': 1/100, '%arg11': 1/100, '%arg12': 1/100}

real	0m0.414s
user	0m7.391s
sys	0m0.080s
----------------------------------------
[Wed Jul 23 09:55:11 UTC 2025] Processing: /home/genesis/hlo_cliped_tests/0522/predict_online/predict_online_30.cluster.stablehlo.mlir
All operations visited successfully.
Checking satisfiability of constraints...
Solution: {'%arg0': 1/100, '%arg1': 1/100, '%arg2': -1/100, '%arg3': 1/100, '%arg4': -1/100, '%arg5': 1/100, '%arg6': 1/100, '%arg7': 1/100, '%arg8': 1/100, '%arg9': -1/100, '%arg10': 1/100, '%arg11': 1/100, '%arg12': 1/100}

real	0m0.415s
user	0m7.392s
sys	0m0.080s
----------------------------------------
[Wed Jul 23 09:55:11 UTC 2025] Processing: /home/genesis/hlo_cliped_tests/0522/predict_online/predict_online_31.cluster.stablehlo.mlir
All operations visited successfully.
Checking satisfiability of constraints...
Solution: {'%arg0': 1, '%arg1': 1/100, '%arg2': 1/100, '%arg3': -1/100, '%arg4': 0, '%arg5': 1/100, '%arg6': 1/100}

real	0m0.402s
user	0m7.394s
sys	0m0.068s
----------------------------------------
[Wed Jul 23 09:55:12 UTC 2025] Processing: /home/genesis/hlo_cliped_tests/0522/predict_online/predict_online_32.cluster.stablehlo.mlir
All operations visited successfully.
Checking satisfiability of constraints...
Solution: {'%arg0': 1, '%arg1': 1/100, '%arg2': 1/100, '%arg3': -1/100, '%arg4': 0, '%arg5': 1/100, '%arg6': 1/100}

real	0m0.402s
user	0m7.412s
sys	0m0.048s
----------------------------------------
[Wed Jul 23 09:55:12 UTC 2025] Processing: /home/genesis/hlo_cliped_tests/0522/predict_online/predict_online_33.cluster.stablehlo.mlir
All operations visited successfully.
Checking satisfiability of constraints...
Solution: {'%arg0': 1, '%arg1': 1/100, '%arg2': 1/100, '%arg3': -1/100, '%arg4': 0, '%arg5': 1/100, '%arg6': 1/100}

real	0m0.390s
user	0m7.290s
sys	0m0.158s
----------------------------------------
[Wed Jul 23 09:55:13 UTC 2025] Processing: /home/genesis/hlo_cliped_tests/0522/predict_online/predict_online_34.cluster.stablehlo.mlir
All operations visited successfully.
Checking satisfiability of constraints...
Solution: {'%arg0': 1, '%arg1': 1}

real	0m0.397s
user	0m7.417s
sys	0m0.037s
----------------------------------------
[Wed Jul 23 09:55:13 UTC 2025] Processing: /home/genesis/hlo_cliped_tests/0522/predict_online/predict_online_35.cluster.stablehlo.mlir
All operations visited successfully.
Checking satisfiability of constraints...
Solution: {'%arg0': 1/100, '%arg1': 1, '%arg2': 1/100, '%arg3': -1/100, '%arg4': 0, '%arg5': 1/100, '%arg6': 1/100}

real	0m0.441s
user	0m7.443s
sys	0m0.052s
----------------------------------------
[Wed Jul 23 09:55:13 UTC 2025] Processing: /home/genesis/hlo_cliped_tests/0522/predict_online/predict_online_36.cluster.stablehlo.mlir
All operations visited successfully.
Checking satisfiability of constraints...
Solution: {'%arg0': 1/100, '%arg1': 1/100}

real	0m0.411s
user	0m7.407s
sys	0m0.064s
----------------------------------------
[Wed Jul 23 09:55:14 UTC 2025] Processing: /home/genesis/hlo_cliped_tests/0522/predict_online/predict_online_37.cluster.stablehlo.mlir
All operations visited successfully.
Checking satisfiability of constraints...
Solution: {'%arg0': 1, '%arg1': 1}

real	0m0.410s
user	0m7.392s
sys	0m0.076s
----------------------------------------
[Wed Jul 23 09:55:14 UTC 2025] Processing: /home/genesis/hlo_cliped_tests/0522/predict_online/predict_online_38.cluster.stablehlo.mlir
All operations visited successfully.
Checking satisfiability of constraints...
Solution: {'%arg0': 1/100, '%arg1': 1/100}

real	0m0.395s
user	0m7.406s
sys	0m0.048s
----------------------------------------
[Wed Jul 23 09:55:15 UTC 2025] Processing: /home/genesis/hlo_cliped_tests/0522/predict_online/predict_online_39.cluster.stablehlo.mlir
All operations visited successfully.
Checking satisfiability of constraints...
Solution: {'%arg0': 1, '%arg1': 1/100, '%arg2': 51/100}

real	0m0.460s
user	0m7.446s
sys	0m0.068s
----------------------------------------
[Wed Jul 23 09:55:15 UTC 2025] Processing: /home/genesis/hlo_cliped_tests/0522/predict_online/predict_online_40.cluster.stablehlo.mlir
All operations visited successfully.
Checking satisfiability of constraints...
Solution: {'%arg0': 1/100}

real	0m0.484s
user	0m7.357s
sys	0m0.103s
----------------------------------------
[Wed Jul 23 09:55:16 UTC 2025] Processing: /home/genesis/hlo_cliped_tests/0522/predict_online/predict_online_41.cluster.stablehlo.mlir
All operations visited successfully.
Checking satisfiability of constraints...
Solution: {'%arg0': 1/100}

real	0m0.490s
user	0m7.491s
sys	0m0.048s
----------------------------------------
[Wed Jul 23 09:55:16 UTC 2025] Processing: /home/genesis/hlo_cliped_tests/0522/predict_online/predict_online_42.cluster.stablehlo.mlir
All operations visited successfully.
Checking satisfiability of constraints...
Solution: {'%arg0': 1/100}

real	0m0.423s
user	0m7.399s
sys	0m0.080s
----------------------------------------
[Wed Jul 23 09:55:17 UTC 2025] Processing: /home/genesis/hlo_cliped_tests/0522/predict_online/predict_online_43.cluster.stablehlo.mlir
All operations visited successfully.
Checking satisfiability of constraints...
Solution: {'%arg0': 1/100}

real	0m0.478s
user	0m7.472s
sys	0m0.056s
----------------------------------------
[Wed Jul 23 09:55:17 UTC 2025] Processing: /home/genesis/hlo_cliped_tests/0522/predict_online/predict_online_44.cluster.stablehlo.mlir
All operations visited successfully.
Checking satisfiability of constraints...
Solution: {'%arg0': 1/100}

real	0m0.402s
user	0m7.409s
sys	0m0.048s
----------------------------------------
[Wed Jul 23 09:55:17 UTC 2025] Processing: /home/genesis/hlo_cliped_tests/0522/predict_online/predict_online_45.cluster.stablehlo.mlir
All operations visited successfully.
Checking satisfiability of constraints...
Solution: {'%arg0': 1, '%arg1': 1}

real	0m0.403s
user	0m7.415s
sys	0m0.044s
----------------------------------------
[Wed Jul 23 09:55:18 UTC 2025] Processing: /home/genesis/hlo_cliped_tests/0522/predict_online/predict_online_46.cluster.stablehlo.mlir
All operations visited successfully.
Checking satisfiability of constraints...
Solution: {'%arg0': -1/100, '%arg1': 1/100, '%arg2': 1/100}

real	0m0.416s
user	0m7.411s
sys	0m0.064s
----------------------------------------
[Wed Jul 23 09:55:18 UTC 2025] Processing: /home/genesis/hlo_cliped_tests/0522/predict_online/predict_online_47.cluster.stablehlo.mlir
All operations visited successfully.
Checking satisfiability of constraints...
Solution: {'%arg0': -1/100, '%arg1': 1/100, '%arg2': 1/100}

real	0m0.406s
user	0m7.406s
sys	0m0.056s
----------------------------------------
[Wed Jul 23 09:55:19 UTC 2025] Processing: /home/genesis/hlo_cliped_tests/0522/predict_online/predict_online_48.cluster.stablehlo.mlir
All operations visited successfully.
Checking satisfiability of constraints...
Solution: {'%arg0': -1/100, '%arg1': 1/100, '%arg2': 1/100}

real	0m0.417s
user	0m7.392s
sys	0m0.076s
----------------------------------------
[Wed Jul 23 09:55:19 UTC 2025] Processing: /home/genesis/hlo_cliped_tests/0522/predict_online/predict_online_49.cluster.stablehlo.mlir
All operations visited successfully.
Checking satisfiability of constraints...
Solution: {'%arg0': -1/100, '%arg1': 1/100, '%arg2': 1/100}

real	0m0.402s
user	0m7.394s
sys	0m0.064s
----------------------------------------
[Wed Jul 23 09:55:19 UTC 2025] Processing: /home/genesis/hlo_cliped_tests/0522/predict_online/predict_online_50.cluster.stablehlo.mlir
All operations visited successfully.
Checking satisfiability of constraints...
Solution: {'%arg0': -1/100, '%arg1': 1/100, '%arg2': 1/100}

real	0m0.407s
user	0m7.415s
sys	0m0.040s
----------------------------------------
[Wed Jul 23 09:55:20 UTC 2025] Processing: /home/genesis/hlo_cliped_tests/0522/predict_online/predict_online_51.cluster.stablehlo.mlir
All operations visited successfully.
Checking satisfiability of constraints...
Solution: {'%arg0': 1/100, '%arg1': 1}

real	0m0.391s
user	0m7.395s
sys	0m0.064s
----------------------------------------
[Wed Jul 23 09:55:20 UTC 2025] Processing: /home/genesis/hlo_cliped_tests/0522/predict_online/predict_online_52.cluster.stablehlo.mlir
All operations visited successfully.
Checking satisfiability of constraints...
Solution: {'%arg0': 1, '%arg1': 1}

real	0m0.488s
user	0m7.436s
sys	0m0.056s
----------------------------------------
[Wed Jul 23 09:55:21 UTC 2025] Processing: /home/genesis/hlo_cliped_tests/0522/predict_online/predict_online_53.cluster.stablehlo.mlir
All operations visited successfully.
Checking satisfiability of constraints...
Solution: {'%arg0': 1, '%arg1': 1, '%arg2': 1}

real	0m0.482s
user	0m7.306s
sys	0m0.110s
----------------------------------------
[Wed Jul 23 09:55:21 UTC 2025] Processing: /home/genesis/hlo_cliped_tests/0522/predict_online/predict_online_54.cluster.stablehlo.mlir
All operations visited successfully.
Checking satisfiability of constraints...
Solution: {'%arg0': 1, '%arg1': 1, '%arg2': 1, '%arg3': 1}

real	0m0.447s
user	0m7.447s
sys	0m0.052s
----------------------------------------
[Wed Jul 23 09:55:22 UTC 2025] Processing: /home/genesis/hlo_cliped_tests/0522/predict_online/predict_online_55.cluster.stablehlo.mlir
All operations visited successfully.
Checking satisfiability of constraints...
Solution: {'%arg0': 1, '%arg1': 1/100, '%arg2': 51/100}

real	0m0.517s
user	0m7.374s
sys	0m0.087s
----------------------------------------
[Wed Jul 23 09:55:22 UTC 2025] Processing: /home/genesis/hlo_cliped_tests/0522/predict_online/predict_online_56.cluster.stablehlo.mlir
All operations visited successfully.
Checking satisfiability of constraints...
Solution: {'%arg0': 1/100, '%arg1': 1/100}

real	0m0.517s
user	0m7.349s
sys	0m0.079s
----------------------------------------
[Wed Jul 23 09:55:23 UTC 2025] Processing: /home/genesis/hlo_cliped_tests/0522/predict_online/predict_online_57.cluster.stablehlo.mlir
All operations visited successfully.
Checking satisfiability of constraints...
Solution: {'%arg0': 1/100, '%arg1': 1/100}

real	0m0.492s
user	0m7.366s
sys	0m0.084s
----------------------------------------
[Wed Jul 23 09:55:23 UTC 2025] Processing: /home/genesis/hlo_cliped_tests/0522/predict_online/predict_online_58.cluster.stablehlo.mlir
All operations visited successfully.
Checking satisfiability of constraints...
Solution: {'%arg0': 1/100, '%arg1': 1/100}

real	0m0.518s
user	0m7.397s
sys	0m0.076s
----------------------------------------
[Wed Jul 23 09:55:24 UTC 2025] Processing: /home/genesis/hlo_cliped_tests/0522/predict_online/predict_online_59.cluster.stablehlo.mlir
All operations visited successfully.
Checking satisfiability of constraints...
Solution: {'%arg0': 1/100, '%arg1': 1/100}

real	0m0.518s
user	0m7.230s
sys	0m0.056s
----------------------------------------
[Wed Jul 23 09:55:24 UTC 2025] Processing: /home/genesis/hlo_cliped_tests/0522/predict_online/predict_online_60.cluster.stablehlo.mlir
All operations visited successfully.
Checking satisfiability of constraints...
Solution: {'%arg0': 1/100, '%arg1': 1/100}

real	0m0.516s
user	0m7.295s
sys	0m0.064s
----------------------------------------
[Wed Jul 23 09:55:25 UTC 2025] Processing: /home/genesis/hlo_cliped_tests/0522/predict_online/predict_online_61.cluster.stablehlo.mlir
All operations visited successfully.
Checking satisfiability of constraints...
Solution: {'%arg0': 1, '%arg1': 1, '%arg2': 1}

real	0m0.426s
user	0m7.431s
sys	0m0.056s
----------------------------------------
[Wed Jul 23 09:55:25 UTC 2025] Processing: /home/genesis/hlo_cliped_tests/0522/predict_online/predict_online_62.cluster.stablehlo.mlir
All operations visited successfully.
Checking satisfiability of constraints...
Solution: {'%arg0': 1, '%arg1': 1/100, '%arg2': 51/100}

real	0m0.469s
user	0m7.442s
sys	0m0.064s
----------------------------------------
[Wed Jul 23 09:55:26 UTC 2025] Processing: /home/genesis/hlo_cliped_tests/0522/predict_online/predict_online_63.cluster.stablehlo.mlir
All operations visited successfully.
Checking satisfiability of constraints...
Solution: {'%arg0': 1, '%arg1': 1/100, '%arg2': 51/100}

real	0m0.450s
user	0m7.379s
sys	0m0.127s
----------------------------------------
[Wed Jul 23 09:55:26 UTC 2025] Processing: /home/genesis/hlo_cliped_tests/0522/predict_online/predict_online_64.cluster.stablehlo.mlir
All operations visited successfully.
Checking satisfiability of constraints...
Solution: {'%arg0': 1, '%arg1': 1/100, '%arg2': 51/100}

real	0m0.446s
user	0m7.451s
sys	0m0.052s
----------------------------------------
[Wed Jul 23 09:55:27 UTC 2025] Processing: /home/genesis/hlo_cliped_tests/0522/predict_online/predict_online_65.cluster.stablehlo.mlir
All operations visited successfully.
Checking satisfiability of constraints...
Solution: {'%arg0': 1, '%arg1': 1/100, '%arg2': 51/100}

real	0m0.482s
user	0m7.465s
sys	0m0.068s
----------------------------------------
[Wed Jul 23 09:55:27 UTC 2025] Processing: /home/genesis/hlo_cliped_tests/0522/predict_online/predict_online_66.cluster.stablehlo.mlir
All operations visited successfully.
Checking satisfiability of constraints...
Solution: {'%arg0': 1, '%arg1': 1/100, '%arg2': 51/100}

real	0m0.488s
user	0m7.394s
sys	0m0.092s
----------------------------------------
[Wed Jul 23 09:55:28 UTC 2025] Processing: /home/genesis/hlo_cliped_tests/0522/predict_online/predict_online_67.cluster.stablehlo.mlir
All operations visited successfully.
Checking satisfiability of constraints...
Solution: {'%arg0': 1, '%arg1': 1/100, '%arg2': 51/100}

real	0m0.640s
user	0m7.168s
sys	0m0.110s
----------------------------------------
[Wed Jul 23 09:55:28 UTC 2025] Processing: /home/genesis/hlo_cliped_tests/0522/predict_online/predict_online_68.cluster.stablehlo.mlir
All operations visited successfully.
Checking satisfiability of constraints...
Solution: {'%arg0': 1, '%arg1': 1/100, '%arg2': 51/100}

real	0m0.540s
user	0m7.169s
sys	0m0.064s
----------------------------------------
[Wed Jul 23 09:55:29 UTC 2025] Processing: /home/genesis/hlo_cliped_tests/0522/predict_online/predict_online_69.cluster.stablehlo.mlir
All operations visited successfully.
Checking satisfiability of constraints...
Solution: {'%arg0': 1, '%arg1': 1/100, '%arg2': 51/100}

real	0m0.475s
user	0m7.468s
sys	0m0.076s
----------------------------------------
[Wed Jul 23 09:55:29 UTC 2025] Processing: /home/genesis/hlo_cliped_tests/0522/predict_online/predict_online_70.cluster.stablehlo.mlir
All operations visited successfully.
Checking satisfiability of constraints...
Solution: {'%arg0': 1, '%arg1': 1/100, '%arg2': 51/100}

real	0m0.512s
user	0m7.436s
sys	0m0.076s
----------------------------------------
[Wed Jul 23 09:55:30 UTC 2025] Processing: /home/genesis/hlo_cliped_tests/0522/predict_online/predict_online_71.cluster.stablehlo.mlir
All operations visited successfully.
Checking satisfiability of constraints...
Solution: {'%arg0': 1, '%arg1': 1, '%arg2': 0, '%arg3': 1, '%arg4': 1}

real	0m0.643s
user	0m7.051s
sys	0m0.044s
----------------------------------------
[Wed Jul 23 09:55:30 UTC 2025] Processing: /home/genesis/hlo_cliped_tests/0522/predict_online/predict_online_72.cluster.stablehlo.mlir
All operations visited successfully.
Checking satisfiability of constraints...
Solution: {'%arg0': 0, '%arg1': 1, '%arg2': 1, '%arg3': 1, '%arg4': 1, '%arg5': 1}

real	0m0.502s
user	0m6.509s
sys	0m0.083s
----------------------------------------
[Wed Jul 23 09:55:31 UTC 2025] Processing: /home/genesis/hlo_cliped_tests/0522/predict_online/predict_online_73.cluster.stablehlo.mlir
All operations visited successfully.
Checking satisfiability of constraints...
Solution: {'%arg0': 1, '%arg1': 1, '%arg2': 1, '%arg3': 1}

real	0m0.564s
user	0m7.009s
sys	0m0.056s
----------------------------------------
[Wed Jul 23 09:55:32 UTC 2025] Processing: /home/genesis/hlo_cliped_tests/0522/predict_online/predict_online_74.cluster.stablehlo.mlir
All operations visited successfully.
Checking satisfiability of constraints...
Solution: {'%arg0': 1, '%arg1': 1, '%arg2': 1, '%arg3': 1}

real	0m0.504s
user	0m6.740s
sys	0m0.087s
----------------------------------------
[Wed Jul 23 09:55:32 UTC 2025] Processing: /home/genesis/hlo_cliped_tests/0522/predict_online/predict_online_75.cluster.stablehlo.mlir
All operations visited successfully.
Checking satisfiability of constraints...
Solution: {'%arg0': 1, '%arg1': 1, '%arg2': 1}

real	0m0.509s
user	0m6.559s
sys	0m0.043s
----------------------------------------
[Wed Jul 23 09:55:33 UTC 2025] Processing: /home/genesis/hlo_cliped_tests/0522/predict_online/predict_online_76.cluster.stablehlo.mlir
All operations visited successfully.
Checking satisfiability of constraints...
Solution: {'%arg0': 1, '%arg1': 1}

real	0m0.497s
user	0m6.589s
sys	0m0.067s
----------------------------------------
[Wed Jul 23 09:55:33 UTC 2025] Processing: /home/genesis/hlo_cliped_tests/0522/predict_online/predict_online_77.cluster.stablehlo.mlir
All operations visited successfully.
Checking satisfiability of constraints...
Solution: {'%arg0': 1/100, '%arg1': 1/100}

real	0m0.565s
user	0m6.859s
sys	0m0.091s
----------------------------------------
[Wed Jul 23 09:55:34 UTC 2025] Processing: /home/genesis/hlo_cliped_tests/0522/predict_online/predict_online_78.cluster.stablehlo.mlir
All operations visited successfully.
Checking satisfiability of constraints...
Solution: {'%arg0': 1/100, '%arg1': 1/100}

real	0m0.469s
user	0m7.220s
sys	0m0.080s
----------------------------------------
[Wed Jul 23 09:55:34 UTC 2025] Processing: /home/genesis/hlo_cliped_tests/0522/predict_online/predict_online_79.cluster.stablehlo.mlir
All operations visited successfully.
Checking satisfiability of constraints...
Solution: {'%arg0': 1/100, '%arg1': 1/100}

real	0m0.471s
user	0m7.161s
sys	0m0.072s
----------------------------------------
[Wed Jul 23 09:55:35 UTC 2025] Processing: /home/genesis/hlo_cliped_tests/0522/predict_online/predict_online_80.cluster.stablehlo.mlir
All operations visited successfully.
Checking satisfiability of constraints...
Solution: {'%arg0': 1/100, '%arg1': 1/100}

real	0m0.480s
user	0m6.773s
sys	0m0.055s
----------------------------------------
[Wed Jul 23 09:55:35 UTC 2025] Processing: /home/genesis/hlo_cliped_tests/0522/predict_online/predict_online_81.cluster.stablehlo.mlir
All operations visited successfully.
Checking satisfiability of constraints...
Solution: {'%arg0': 1, '%arg1': 1, '%arg2': 1}

real	0m0.544s
user	0m7.150s
sys	0m0.056s
----------------------------------------
[Wed Jul 23 09:55:36 UTC 2025] Processing: /home/genesis/hlo_cliped_tests/0522/predict_online/predict_online_82.cluster.stablehlo.mlir
All operations visited successfully.
Checking satisfiability of constraints...
Solution: {'%arg0': 1, '%arg1': 1}

real	0m0.630s
user	0m6.798s
sys	0m0.087s
----------------------------------------
[Wed Jul 23 09:55:36 UTC 2025] Processing: /home/genesis/hlo_cliped_tests/0522/predict_online/predict_online_83.cluster.stablehlo.mlir
All operations visited successfully.
Checking satisfiability of constraints...
Solution: {'%arg0': 1, '%arg1': 1, '%arg2': 1}

real	0m0.514s
user	0m6.765s
sys	0m0.055s
----------------------------------------
[Wed Jul 23 09:55:37 UTC 2025] Processing: /home/genesis/hlo_cliped_tests/0522/predict_online/predict_online_84.cluster.stablehlo.mlir
All operations visited successfully.
Checking satisfiability of constraints...
Solution: {'%arg0': 1, '%arg1': 1}

real	0m0.507s
user	0m7.303s
sys	0m0.055s
----------------------------------------
[Wed Jul 23 09:55:37 UTC 2025] Processing: /home/genesis/hlo_cliped_tests/0522/predict_online/predict_online_85.cluster.stablehlo.mlir
All operations visited successfully.
Checking satisfiability of constraints...
Solution: {'%arg0': 1/100, '%arg1': 1/100}

real	0m0.418s
user	0m7.397s
sys	0m0.076s
----------------------------------------
[Wed Jul 23 09:55:38 UTC 2025] Processing: /home/genesis/hlo_cliped_tests/0522/predict_online/predict_online_86.cluster.stablehlo.mlir
All operations visited successfully.
Checking satisfiability of constraints...
Solution: {'%arg0': 1/100, '%arg1': 1/100}

real	0m0.398s
user	0m7.346s
sys	0m0.107s
----------------------------------------
[Wed Jul 23 09:55:38 UTC 2025] Processing: /home/genesis/hlo_cliped_tests/0522/predict_online/predict_online_87.cluster.stablehlo.mlir
All operations visited successfully.
Checking satisfiability of constraints...
Solution: {'%arg0': 1/100, '%arg1': 1/100}

real	0m0.393s
user	0m7.403s
sys	0m0.048s
----------------------------------------
[Wed Jul 23 09:55:39 UTC 2025] Processing: /home/genesis/hlo_cliped_tests/0522/predict_online/predict_online_88.cluster.stablehlo.mlir
All operations visited successfully.
Checking satisfiability of constraints...
Solution: {'%arg0': 1/100, '%arg1': 1/100}

real	0m0.395s
user	0m7.399s
sys	0m0.052s
----------------------------------------
[Wed Jul 23 09:55:39 UTC 2025] Processing: /home/genesis/hlo_cliped_tests/0522/predict_online/predict_online_89.cluster.stablehlo.mlir
All operations visited successfully.
Checking satisfiability of constraints...
Solution: {'%arg0': 1, '%arg1': 1, '%arg2': 1}

real	0m0.393s
user	0m7.398s
sys	0m0.052s
----------------------------------------
[Wed Jul 23 09:55:39 UTC 2025] Processing: /home/genesis/hlo_cliped_tests/0522/predict_online/predict_online_90.cluster.stablehlo.mlir
All operations visited successfully.
Checking satisfiability of constraints...
Solution: {'%arg0': 1, '%arg1': 1}

real	0m0.400s
user	0m7.391s
sys	0m0.068s
----------------------------------------
[Wed Jul 23 09:55:40 UTC 2025] Processing: /home/genesis/hlo_cliped_tests/0522/predict_online/predict_online_91.cluster.stablehlo.mlir
All operations visited successfully.
Checking satisfiability of constraints...
Solution: {'%arg0': 1, '%arg1': 1, '%arg2': 1}

real	0m0.420s
user	0m7.405s
sys	0m0.064s
----------------------------------------
[Wed Jul 23 09:55:40 UTC 2025] Processing: /home/genesis/hlo_cliped_tests/0522/predict_online/predict_online_92.cluster.stablehlo.mlir
All operations visited successfully.
Checking satisfiability of constraints...
Solution: {'%arg0': 1/100, '%arg1': 1/100}

real	0m0.392s
user	0m7.404s
sys	0m0.044s
----------------------------------------
[Wed Jul 23 09:55:41 UTC 2025] Processing: /home/genesis/hlo_cliped_tests/0522/predict_online/predict_online_93.cluster.stablehlo.mlir
All operations visited successfully.
Checking satisfiability of constraints...
Solution: {'%arg0': 1/100, '%arg1': 1/100}

real	0m0.404s
user	0m7.420s
sys	0m0.040s
----------------------------------------
[Wed Jul 23 09:55:41 UTC 2025] Processing: /home/genesis/hlo_cliped_tests/0522/predict_online/predict_online_94.cluster.stablehlo.mlir
All operations visited successfully.
Checking satisfiability of constraints...
Solution: {'%arg0': 1/100, '%arg1': 1/100}

real	0m0.400s
user	0m7.345s
sys	0m0.107s
----------------------------------------
[Wed Jul 23 09:55:41 UTC 2025] Processing: /home/genesis/hlo_cliped_tests/0522/predict_online/predict_online_95.cluster.stablehlo.mlir
All operations visited successfully.
Checking satisfiability of constraints...
Solution: {'%arg0': 1/100, '%arg1': 1/100}

real	0m0.381s
user	0m7.369s
sys	0m0.068s
----------------------------------------
[Wed Jul 23 09:55:42 UTC 2025] Processing: /home/genesis/hlo_cliped_tests/0522/predict_online/predict_online_96.cluster.stablehlo.mlir
All operations visited successfully.
Checking satisfiability of constraints...
Solution: {'%arg0': -9, '%arg1': 1, '%arg2': 1}

real	0m0.398s
user	0m7.404s
sys	0m0.052s
----------------------------------------
[Wed Jul 23 09:55:42 UTC 2025] Processing: /home/genesis/hlo_cliped_tests/0522/predict_online/predict_online_97.cluster.stablehlo.mlir
All operations visited successfully.
Checking satisfiability of constraints...
Solution: {'%arg0': 1/100, '%arg1': 1/100, '%arg2': 1/100}

real	0m0.428s
user	0m7.401s
sys	0m0.064s
----------------------------------------
[Wed Jul 23 09:55:43 UTC 2025] Processing: /home/genesis/hlo_cliped_tests/0522/predict_online/predict_online_98.cluster.stablehlo.mlir
All operations visited successfully.
Checking satisfiability of constraints...
Solution: {'%arg0': 1/100, '%arg1': 1/100}

real	0m0.400s
user	0m7.404s
sys	0m0.053s
----------------------------------------
[Wed Jul 23 09:55:43 UTC 2025] Processing: /home/genesis/hlo_cliped_tests/0522/predict_online/predict_online_99.cluster.stablehlo.mlir
All operations visited successfully.
Checking satisfiability of constraints...
Solution: {'%arg0': 1/100, '%arg1': 1/100, '%arg2': 1/100}

real	0m0.396s
user	0m7.405s
sys	0m0.048s
----------------------------------------
[Wed Jul 23 09:55:43 UTC 2025] Processing: /home/genesis/hlo_cliped_tests/0522/predict_online/predict_online_100.cluster.stablehlo.mlir
All operations visited successfully.
Checking satisfiability of constraints...
Solution: {'%arg0': 1/100, '%arg1': 1/100}

real	0m0.386s
user	0m7.405s
sys	0m0.036s
----------------------------------------
[Wed Jul 23 09:55:44 UTC 2025] Processing: /home/genesis/hlo_cliped_tests/0522/predict_online/predict_online_101.cluster.stablehlo.mlir
All operations visited successfully.
Checking satisfiability of constraints...
Solution: {'%arg0': 1/100, '%arg1': 1/100}

real	0m0.409s
user	0m7.405s
sys	0m0.056s
----------------------------------------
[Wed Jul 23 09:55:44 UTC 2025] Processing: /home/genesis/hlo_cliped_tests/0522/predict_online/predict_online_102.cluster.stablehlo.mlir
All operations visited successfully.
Checking satisfiability of constraints...
Solution: {'%arg0': 1, '%arg1': 1, '%arg2': 1}

real	0m0.388s
user	0m7.354s
sys	0m0.092s
----------------------------------------
[Wed Jul 23 09:55:45 UTC 2025] Processing: /home/genesis/hlo_cliped_tests/0522/predict_online/predict_online_103.cluster.stablehlo.mlir
All operations visited successfully.
Checking satisfiability of constraints...
Solution: {'%arg0': 1, '%arg1': 1}

real	0m0.404s
user	0m7.398s
sys	0m0.064s
----------------------------------------
[Wed Jul 23 09:55:45 UTC 2025] Processing: /home/genesis/hlo_cliped_tests/0522/predict_online/predict_online_104.cluster.stablehlo.mlir
All operations visited successfully.
Checking satisfiability of constraints...
Solution: {'%arg0': 1/100, '%arg1': 1/100}

real	0m0.397s
user	0m7.378s
sys	0m0.076s
----------------------------------------
[Wed Jul 23 09:55:45 UTC 2025] Processing: /home/genesis/hlo_cliped_tests/0522/predict_online/predict_online_105.cluster.stablehlo.mlir
All operations visited successfully.
Checking satisfiability of constraints...
Solution: {'%arg0': 1/100, '%arg1': 1/100}

real	0m0.473s
user	0m7.477s
sys	0m0.048s
----------------------------------------
[Wed Jul 23 09:55:46 UTC 2025] Processing: /home/genesis/hlo_cliped_tests/0522/predict_online/predict_online_106.cluster.stablehlo.mlir
All operations visited successfully.
Checking satisfiability of constraints...
Solution: {'%arg0': 1/100, '%arg1': 1/100}

real	0m0.496s
user	0m7.464s
sys	0m0.084s
----------------------------------------
[Wed Jul 23 09:55:46 UTC 2025] Processing: /home/genesis/hlo_cliped_tests/0522/predict_online/predict_online_107.cluster.stablehlo.mlir
All operations visited successfully.
Checking satisfiability of constraints...
Solution: {'%arg0': 1/100, '%arg1': 1/100}

real	0m0.436s
user	0m7.422s
sys	0m0.064s
----------------------------------------
[Wed Jul 23 09:55:47 UTC 2025] Processing: /home/genesis/hlo_cliped_tests/0522/predict_online/predict_online_108.cluster.stablehlo.mlir
All operations visited successfully.
Checking satisfiability of constraints...
Solution: {'%arg0': 1, '%arg1': 1, '%arg2': 1}

real	0m0.389s
user	0m7.404s
sys	0m0.044s
----------------------------------------
[Wed Jul 23 09:55:47 UTC 2025] Processing: /home/genesis/hlo_cliped_tests/0522/predict_online/predict_online_109.cluster.stablehlo.mlir
All operations visited successfully.
Checking satisfiability of constraints...
Solution: {'%arg0': 1, '%arg1': 1}

real	0m0.384s
user	0m7.384s
sys	0m0.060s
----------------------------------------
[Wed Jul 23 09:55:48 UTC 2025] Processing: /home/genesis/hlo_cliped_tests/0522/predict_online/predict_online_110.cluster.stablehlo.mlir
All operations visited successfully.
Checking satisfiability of constraints...
Solution: {'%arg0': 1/100, '%arg1': 1/100}

real	0m0.422s
user	0m7.414s
sys	0m0.052s
----------------------------------------
[Wed Jul 23 09:55:48 UTC 2025] Processing: /home/genesis/hlo_cliped_tests/0522/predict_online/predict_online_111.cluster.stablehlo.mlir
All operations visited successfully.
Checking satisfiability of constraints...
Solution: {'%arg0': 1/100, '%arg1': 1/100}

real	0m0.395s
user	0m7.367s
sys	0m0.088s
----------------------------------------
[Wed Jul 23 09:55:48 UTC 2025] Processing: /home/genesis/hlo_cliped_tests/0522/predict_online/predict_online_112.cluster.stablehlo.mlir
All operations visited successfully.
Checking satisfiability of constraints...
Solution: {'%arg0': -9, '%arg1': 1, '%arg2': 1}

real	0m0.391s
user	0m7.384s
sys	0m0.064s
----------------------------------------
[Wed Jul 23 09:55:49 UTC 2025] Processing: /home/genesis/hlo_cliped_tests/0522/predict_online/predict_online_113.cluster.stablehlo.mlir
All operations visited successfully.
Checking satisfiability of constraints...
Solution: {'%arg0': 1/100, '%arg1': 1/100, '%arg2': 1/100}

real	0m0.396s
user	0m7.412s
sys	0m0.040s
----------------------------------------
[Wed Jul 23 09:55:49 UTC 2025] Processing: /home/genesis/hlo_cliped_tests/0522/predict_online/predict_online_114.cluster.stablehlo.mlir
All operations visited successfully.
Checking satisfiability of constraints...
Solution: {'%arg0': 1/100, '%arg1': 1/100}

real	0m0.391s
user	0m7.399s
sys	0m0.052s
----------------------------------------
[Wed Jul 23 09:55:50 UTC 2025] Processing: /home/genesis/hlo_cliped_tests/0522/predict_online/predict_online_115.cluster.stablehlo.mlir
All operations visited successfully.
Checking satisfiability of constraints...
Solution: {'%arg0': 1/100, '%arg1': 1/100, '%arg2': 1/100}

real	0m0.392s
user	0m7.399s
sys	0m0.048s
----------------------------------------
[Wed Jul 23 09:55:50 UTC 2025] Processing: /home/genesis/hlo_cliped_tests/0522/predict_online/predict_online_116.cluster.stablehlo.mlir
All operations visited successfully.
Checking satisfiability of constraints...
Solution: {'%arg0': 1, '%arg1': 1}

real	0m0.394s
user	0m7.401s
sys	0m0.052s
----------------------------------------
[Wed Jul 23 09:55:50 UTC 2025] Processing: /home/genesis/hlo_cliped_tests/0522/predict_online/predict_online_117.cluster.stablehlo.mlir
All operations visited successfully.
Checking satisfiability of constraints...
Solution: {'%arg0': 1, '%arg1': 1}

real	0m0.392s
user	0m7.397s
sys	0m0.052s
----------------------------------------
[Wed Jul 23 09:55:51 UTC 2025] Processing: /home/genesis/hlo_cliped_tests/0522/predict_online/predict_online_118.cluster.stablehlo.mlir
All operations visited successfully.
Checking satisfiability of constraints...
Solution: {'%arg0': 1, '%arg1': 1, '%arg2': 1}

real	0m0.393s
user	0m7.406s
sys	0m0.044s
----------------------------------------
[Wed Jul 23 09:55:51 UTC 2025] Processing: /home/genesis/hlo_cliped_tests/0522/predict_online/predict_online_119.cluster.stablehlo.mlir
All operations visited successfully.
Checking satisfiability of constraints...
Solution: {'%arg0': 1, '%arg1': 1}

real	0m0.409s
user	0m7.385s
sys	0m0.084s
----------------------------------------
[Wed Jul 23 09:55:52 UTC 2025] Processing: /home/genesis/hlo_cliped_tests/0522/predict_online/predict_online_120.cluster.stablehlo.mlir
All operations visited successfully.
Checking satisfiability of constraints...
Solution: {'%arg0': 1/100, '%arg1': 1/100}

real	0m0.416s
user	0m7.390s
sys	0m0.076s
----------------------------------------
[Wed Jul 23 09:55:52 UTC 2025] Processing: /home/genesis/hlo_cliped_tests/0522/predict_online/predict_online_121.cluster.stablehlo.mlir
All operations visited successfully.
Checking satisfiability of constraints...
Solution: {'%arg0': 1/100, '%arg1': 1/100}

real	0m0.400s
user	0m7.319s
sys	0m0.139s
----------------------------------------
[Wed Jul 23 09:55:52 UTC 2025] Processing: /home/genesis/hlo_cliped_tests/0522/predict_online/predict_online_122.cluster.stablehlo.mlir
All operations visited successfully.
Checking satisfiability of constraints...
Solution: {'%arg0': 1/100, '%arg1': 1/100}

real	0m0.395s
user	0m7.403s
sys	0m0.048s
----------------------------------------
[Wed Jul 23 09:55:53 UTC 2025] Processing: /home/genesis/hlo_cliped_tests/0522/predict_online/predict_online_123.cluster.stablehlo.mlir
All operations visited successfully.
Checking satisfiability of constraints...
Solution: {'%arg0': 1/100, '%arg1': 1/100}

real	0m0.393s
user	0m7.400s
sys	0m0.048s
----------------------------------------
[Wed Jul 23 09:55:53 UTC 2025] Processing: /home/genesis/hlo_cliped_tests/0522/predict_online/predict_online_124.cluster.stablehlo.mlir
All operations visited successfully.
Checking satisfiability of constraints...
Solution: {'%arg0': 1, '%arg1': 1, '%arg2': 1}

real	0m0.404s
user	0m7.413s
sys	0m0.048s
----------------------------------------
[Wed Jul 23 09:55:54 UTC 2025] Processing: /home/genesis/hlo_cliped_tests/0522/predict_online/predict_online_125.cluster.stablehlo.mlir
All operations visited successfully.
Checking satisfiability of constraints...
Solution: {'%arg0': 1, '%arg1': 1}

real	0m0.520s
user	0m7.114s
sys	0m0.066s
----------------------------------------
[Wed Jul 23 09:55:54 UTC 2025] Processing: /home/genesis/hlo_cliped_tests/0522/predict_online/predict_online_126.cluster.stablehlo.mlir
All operations visited successfully.
Checking satisfiability of constraints...
Solution: {'%arg0': 1, '%arg1': 1, '%arg2': 1}

real	0m0.395s
user	0m7.405s
sys	0m0.044s
----------------------------------------
[Wed Jul 23 09:55:55 UTC 2025] Processing: /home/genesis/hlo_cliped_tests/0522/predict_online/predict_online_127.cluster.stablehlo.mlir
All operations visited successfully.
Checking satisfiability of constraints...
Solution: {'%arg0': 1, '%arg1': 1}

real	0m0.402s
user	0m7.410s
sys	0m0.048s
----------------------------------------
[Wed Jul 23 09:55:55 UTC 2025] Processing: /home/genesis/hlo_cliped_tests/0522/predict_online/predict_online_128.cluster.stablehlo.mlir
All operations visited successfully.
Checking satisfiability of constraints...
Solution: {'%arg0': 1/100, '%arg1': 1/100}

real	0m0.393s
user	0m7.373s
sys	0m0.076s
----------------------------------------
[Wed Jul 23 09:55:55 UTC 2025] Processing: /home/genesis/hlo_cliped_tests/0522/predict_online/predict_online_129.cluster.stablehlo.mlir
All operations visited successfully.
Checking satisfiability of constraints...
Solution: {'%arg0': 1/100, '%arg1': 1/100}

real	0m0.394s
user	0m7.384s
sys	0m0.068s
----------------------------------------
[Wed Jul 23 09:55:56 UTC 2025] Processing: /home/genesis/hlo_cliped_tests/0522/predict_online/predict_online_130.cluster.stablehlo.mlir
All operations visited successfully.
Checking satisfiability of constraints...
Solution: {'%arg0': 1/100, '%arg1': 1/100}

real	0m0.405s
user	0m7.413s
sys	0m0.048s
----------------------------------------
[Wed Jul 23 09:55:56 UTC 2025] Processing: /home/genesis/hlo_cliped_tests/0522/predict_online/predict_online_131.cluster.stablehlo.mlir
All operations visited successfully.
Checking satisfiability of constraints...
Solution: {'%arg0': 1/100, '%arg1': 1/100}

real	0m0.421s
user	0m7.400s
sys	0m0.076s
----------------------------------------
[Wed Jul 23 09:55:57 UTC 2025] Processing: /home/genesis/hlo_cliped_tests/0522/predict_online/predict_online_132.cluster.stablehlo.mlir
All operations visited successfully.
Checking satisfiability of constraints...
Solution: {'%arg0': 1, '%arg1': 1, '%arg2': 1}

real	0m0.427s
user	0m7.355s
sys	0m0.115s
----------------------------------------
[Wed Jul 23 09:55:57 UTC 2025] Processing: /home/genesis/hlo_cliped_tests/0522/predict_online/predict_online_133.cluster.stablehlo.mlir
All operations visited successfully.
Checking satisfiability of constraints...
Solution: {'%arg0': 1, '%arg1': 1}

real	0m0.401s
user	0m7.379s
sys	0m0.080s
----------------------------------------
[Wed Jul 23 09:55:57 UTC 2025] Processing: /home/genesis/hlo_cliped_tests/0522/predict_online/predict_online_134.cluster.stablehlo.mlir
All operations visited successfully.
Checking satisfiability of constraints...
Solution: {'%arg0': 1, '%arg1': 1}

real	0m0.420s
user	0m7.416s
sys	0m0.060s
----------------------------------------
[Wed Jul 23 09:55:58 UTC 2025] Processing: /home/genesis/hlo_cliped_tests/0522/predict_online/predict_online_135.cluster.stablehlo.mlir
All operations visited successfully.
Checking satisfiability of constraints...
Solution: {'%arg0': 1, '%arg1': 1}

real	0m0.392s
user	0m7.382s
sys	0m0.069s
----------------------------------------
[Wed Jul 23 09:55:58 UTC 2025] Processing: /home/genesis/hlo_cliped_tests/0522/predict_online/predict_online_136.cluster.stablehlo.mlir
All operations visited successfully.
Checking satisfiability of constraints...
Solution: {'%arg0': 1, '%arg1': 1}

real	0m0.394s
user	0m7.412s
sys	0m0.041s
----------------------------------------
[Wed Jul 23 09:55:59 UTC 2025] Processing: /home/genesis/hlo_cliped_tests/0522/predict_online/predict_online_137.cluster.stablehlo.mlir
All operations visited successfully.
Checking satisfiability of constraints...
Solution: {'%arg0': -1/100, '%arg1': 1/100, '%arg2': 1/100, '%arg3': 1/100, '%arg4': 1/100, '%arg5': 1/100}

real	0m0.406s
user	0m7.405s
sys	0m0.056s
----------------------------------------
[Wed Jul 23 09:55:59 UTC 2025] Processing: /home/genesis/hlo_cliped_tests/0522/predict_online/predict_online_138.cluster.stablehlo.mlir
All operations visited successfully.
Checking satisfiability of constraints...
Solution: {'%arg0': 1, '%arg1': 1, '%arg2': 1}

real	0m0.411s
user	0m7.388s
sys	0m0.080s
----------------------------------------
[Wed Jul 23 09:55:59 UTC 2025] Processing: /home/genesis/hlo_cliped_tests/0522/predict_online/predict_online_139.cluster.stablehlo.mlir
All operations visited successfully.
Checking satisfiability of constraints...
Solution: {'%arg0': 1, '%arg1': 1}

real	0m0.393s
user	0m7.389s
sys	0m0.060s
----------------------------------------
[Wed Jul 23 09:56:00 UTC 2025] Processing: /home/genesis/hlo_cliped_tests/0522/predict_online/predict_online_140.cluster.stablehlo.mlir
All operations visited successfully.
Checking satisfiability of constraints...
Solution: {'%arg0': 1/100, '%arg1': 1/100}

real	0m0.389s
user	0m7.405s
sys	0m0.040s
----------------------------------------
[Wed Jul 23 09:56:00 UTC 2025] Processing: /home/genesis/hlo_cliped_tests/0522/predict_online/predict_online_141.cluster.stablehlo.mlir
All operations visited successfully.
Checking satisfiability of constraints...
Solution: {'%arg0': 1/100, '%arg1': 1/100}

real	0m0.403s
user	0m7.420s
sys	0m0.040s
----------------------------------------
[Wed Jul 23 09:56:01 UTC 2025] Processing: /home/genesis/hlo_cliped_tests/0522/predict_online/predict_online_142.cluster.stablehlo.mlir
All operations visited successfully.
Checking satisfiability of constraints...
Solution: {'%arg0': 1/100, '%arg1': 1/100}

real	0m0.394s
user	0m7.397s
sys	0m0.056s
----------------------------------------
[Wed Jul 23 09:56:01 UTC 2025] Processing: /home/genesis/hlo_cliped_tests/0522/predict_online/predict_online_143.cluster.stablehlo.mlir
All operations visited successfully.
Checking satisfiability of constraints...
Solution: {'%arg0': 1/100, '%arg1': 1/100}

real	0m0.385s
user	0m7.357s
sys	0m0.088s
----------------------------------------
[Wed Jul 23 09:56:01 UTC 2025] Processing: /home/genesis/hlo_cliped_tests/0522/predict_online/predict_online_144.cluster.stablehlo.mlir
All operations visited successfully.
Checking satisfiability of constraints...
Solution: {'%arg0': 1, '%arg1': 1, '%arg2': 1}

real	0m0.387s
user	0m7.396s
sys	0m0.044s
----------------------------------------
[Wed Jul 23 09:56:02 UTC 2025] Processing: /home/genesis/hlo_cliped_tests/0522/predict_online/predict_online_145.cluster.stablehlo.mlir
All operations visited successfully.
Checking satisfiability of constraints...
Solution: {'%arg0': 1, '%arg1': 1}

real	0m0.397s
user	0m7.405s
sys	0m0.048s
----------------------------------------
[Wed Jul 23 09:56:02 UTC 2025] Processing: /home/genesis/hlo_cliped_tests/0522/predict_online/predict_online_146.cluster.stablehlo.mlir
All operations visited successfully.
Checking satisfiability of constraints...
Solution: {'%arg0': 1, '%arg1': 1, '%arg2': 1}

real	0m0.402s
user	0m7.399s
sys	0m0.056s
----------------------------------------
[Wed Jul 23 09:56:03 UTC 2025] Processing: /home/genesis/hlo_cliped_tests/0522/predict_online/predict_online_147.cluster.stablehlo.mlir
All operations visited successfully.
Checking satisfiability of constraints...
Solution: {'%arg0': 1, '%arg1': 1}

real	0m0.389s
user	0m7.393s
sys	0m0.052s
----------------------------------------
[Wed Jul 23 09:56:03 UTC 2025] Processing: /home/genesis/hlo_cliped_tests/0522/predict_online/predict_online_148.cluster.stablehlo.mlir
All operations visited successfully.
Checking satisfiability of constraints...
Solution: {'%arg0': 1/100, '%arg1': 1/100}

real	0m0.403s
user	0m7.400s
sys	0m0.060s
----------------------------------------
[Wed Jul 23 09:56:03 UTC 2025] Processing: /home/genesis/hlo_cliped_tests/0522/predict_online/predict_online_149.cluster.stablehlo.mlir
All operations visited successfully.
Checking satisfiability of constraints...
Solution: {'%arg0': 1/100, '%arg1': 1/100}

real	0m0.391s
user	0m7.338s
sys	0m0.052s
----------------------------------------
[Wed Jul 23 09:56:04 UTC 2025] Processing: /home/genesis/hlo_cliped_tests/0522/predict_online/predict_online_150.cluster.stablehlo.mlir
All operations visited successfully.
Checking satisfiability of constraints...
Solution: {'%arg0': 1/100, '%arg1': 1/100}

real	0m0.408s
user	0m7.327s
sys	0m0.134s
----------------------------------------
[Wed Jul 23 09:56:04 UTC 2025] Processing: /home/genesis/hlo_cliped_tests/0522/predict_online/predict_online_151.cluster.stablehlo.mlir
All operations visited successfully.
Checking satisfiability of constraints...
Solution: {'%arg0': 1/100, '%arg1': 1/100}

real	0m0.397s
user	0m7.405s
sys	0m0.048s
----------------------------------------
[Wed Jul 23 09:56:05 UTC 2025] Processing: /home/genesis/hlo_cliped_tests/0522/predict_online/predict_online_152.cluster.stablehlo.mlir
All operations visited successfully.
Checking satisfiability of constraints...
Solution: {'%arg0': 1, '%arg1': 1, '%arg2': 1}

real	0m0.428s
user	0m7.416s
sys	0m0.064s
----------------------------------------
[Wed Jul 23 09:56:05 UTC 2025] Processing: /home/genesis/hlo_cliped_tests/0522/predict_online/predict_online_153.cluster.stablehlo.mlir
All operations visited successfully.
Checking satisfiability of constraints...
Solution: {'%arg0': 1, '%arg1': 1}

real	0m0.452s
user	0m7.178s
sys	0m0.047s
----------------------------------------
[Wed Jul 23 09:56:06 UTC 2025] Processing: /home/genesis/hlo_cliped_tests/0522/predict_online/predict_online_154.cluster.stablehlo.mlir
All operations visited successfully.
Checking satisfiability of constraints...
Solution: {'%arg0': 1, '%arg1': 1, '%arg2': 1}

real	0m0.381s
user	0m7.348s
sys	0m0.088s
----------------------------------------
[Wed Jul 23 09:56:06 UTC 2025] Processing: /home/genesis/hlo_cliped_tests/0522/predict_online/predict_online_155.cluster.stablehlo.mlir
All operations visited successfully.
Checking satisfiability of constraints...
Solution: {'%arg0': 1, '%arg1': 1}

real	0m0.437s
user	0m7.339s
sys	0m0.063s
----------------------------------------
[Wed Jul 23 09:56:06 UTC 2025] Processing: /home/genesis/hlo_cliped_tests/0522/predict_online/predict_online_156.cluster.stablehlo.mlir
All operations visited successfully.
Checking satisfiability of constraints...
Solution: {'%arg0': 1/100, '%arg1': 1/100}

real	0m0.455s
user	0m7.467s
sys	0m0.052s
----------------------------------------
[Wed Jul 23 09:56:07 UTC 2025] Processing: /home/genesis/hlo_cliped_tests/0522/predict_online/predict_online_157.cluster.stablehlo.mlir
All operations visited successfully.
Checking satisfiability of constraints...
Solution: {'%arg0': 1/100, '%arg1': 1/100}

real	0m0.453s
user	0m7.442s
sys	0m0.064s
----------------------------------------
[Wed Jul 23 09:56:07 UTC 2025] Processing: /home/genesis/hlo_cliped_tests/0522/predict_online/predict_online_158.cluster.stablehlo.mlir
All operations visited successfully.
Checking satisfiability of constraints...
Solution: {'%arg0': 1/100, '%arg1': 1/100}

real	0m0.428s
user	0m7.302s
sys	0m0.048s
----------------------------------------
[Wed Jul 23 09:56:08 UTC 2025] Processing: /home/genesis/hlo_cliped_tests/0522/predict_online/predict_online_159.cluster.stablehlo.mlir
All operations visited successfully.
Checking satisfiability of constraints...
Solution: {'%arg0': 1/100, '%arg1': 1/100}

real	0m0.404s
user	0m7.388s
sys	0m0.072s
----------------------------------------
[Wed Jul 23 09:56:08 UTC 2025] Processing: /home/genesis/hlo_cliped_tests/0522/predict_online/predict_online_160.cluster.stablehlo.mlir
All operations visited successfully.
Checking satisfiability of constraints...
Solution: {'%arg0': 1, '%arg1': 1, '%arg2': 1}

real	0m0.413s
user	0m7.417s
sys	0m0.052s
----------------------------------------
[Wed Jul 23 09:56:09 UTC 2025] Processing: /home/genesis/hlo_cliped_tests/0522/predict_online/predict_online_161.cluster.stablehlo.mlir
All operations visited successfully.
Checking satisfiability of constraints...
Solution: {'%arg0': 1, '%arg1': 1}

real	0m0.397s
user	0m7.396s
sys	0m0.060s
----------------------------------------
[Wed Jul 23 09:56:09 UTC 2025] Processing: /home/genesis/hlo_cliped_tests/0522/predict_online/predict_online_162.cluster.stablehlo.mlir
All operations visited successfully.
Checking satisfiability of constraints...
Solution: {'%arg0': 1, '%arg1': 1, '%arg2': 1, '%arg3': 1}

real	0m0.426s
user	0m7.403s
sys	0m0.056s
----------------------------------------
[Wed Jul 23 09:56:09 UTC 2025] Processing: /home/genesis/hlo_cliped_tests/0522/predict_online/predict_online_163.cluster.stablehlo.mlir
All operations visited successfully.
Checking satisfiability of constraints...
Solution: {'%arg0': 1/100, '%arg1': 1/100}

real	0m0.390s
user	0m7.398s
sys	0m0.048s
----------------------------------------
[Wed Jul 23 09:56:10 UTC 2025] Processing: /home/genesis/hlo_cliped_tests/0522/predict_online/predict_online_164.cluster.stablehlo.mlir
All operations visited successfully.
Checking satisfiability of constraints...
Solution: {'%arg0': 1/100, '%arg1': 1/100}

real	0m0.386s
user	0m7.318s
sys	0m0.127s
----------------------------------------
[Wed Jul 23 09:56:10 UTC 2025] Processing: /home/genesis/hlo_cliped_tests/0522/predict_online/predict_online_165.cluster.stablehlo.mlir
All operations visited successfully.
Checking satisfiability of constraints...
Solution: {'%arg0': 1/100, '%arg1': 1/100}

real	0m0.401s
user	0m7.401s
sys	0m0.060s
----------------------------------------
[Wed Jul 23 09:56:11 UTC 2025] Processing: /home/genesis/hlo_cliped_tests/0522/predict_online/predict_online_166.cluster.stablehlo.mlir
All operations visited successfully.
Checking satisfiability of constraints...
Solution: {'%arg0': 1, '%arg1': 1, '%arg2': 1}

real	0m0.421s
user	0m7.402s
sys	0m0.064s
----------------------------------------
[Wed Jul 23 09:56:11 UTC 2025] Processing: /home/genesis/hlo_cliped_tests/0522/predict_online/predict_online_167.cluster.stablehlo.mlir
All operations visited successfully.
Checking satisfiability of constraints...
Solution: {'%arg0': 1, '%arg1': 1}

real	0m0.450s
user	0m7.452s
sys	0m0.048s
----------------------------------------
[Wed Jul 23 09:56:11 UTC 2025] Processing: /home/genesis/hlo_cliped_tests/0522/predict_online/predict_online_168.cluster.stablehlo.mlir
All operations visited successfully.
Checking satisfiability of constraints...
Solution: {'%arg0': 0}

real	0m0.392s
user	0m7.414s
sys	0m0.036s
----------------------------------------
[Wed Jul 23 09:56:12 UTC 2025] Processing: /home/genesis/hlo_cliped_tests/0522/predict_online/predict_online_169.cluster.stablehlo.mlir
All operations visited successfully.
Checking satisfiability of constraints...
Solution: {'%arg0': 1, '%arg1': 1, '%arg2': 1, '%arg3': 1, '%arg4': 1, '%arg5': 1}

real	0m0.396s
user	0m7.410s
sys	0m0.044s
----------------------------------------
[Wed Jul 23 09:56:12 UTC 2025] Processing: /home/genesis/hlo_cliped_tests/0522/predict_online/predict_online_170.cluster.stablehlo.mlir
All operations visited successfully.
Checking satisfiability of constraints...
Solution: {'%arg0': -1/100, '%arg1': -51/100, '%arg2': -51/100, '%arg3': 51/100, '%arg4': 1/100, '%arg5': 1/100, '%arg6': 1/100, '%arg7': 1/100, '%arg8': -1/100, '%arg9': 1/100, '%arg10': 1/100, '%arg11': 1/100, '%arg12': 1/100, '%arg13': 1/100, '%arg14': 101/100, '%arg15': 51/100, '%arg16': 51/100, '%arg17': 51/100, '%arg18': 51/100, '%arg19': 151/100, '%arg20': 101/100, '%arg21': 101/100, '%arg22': 201/100, '%arg23': 151/100, '%arg24': 151/100, '%arg25': 151/100, '%arg26': 151/100, '%arg27': 151/100, '%arg28': 251/100, '%arg29': 201/100, '%arg30': 301/100, '%arg31': 251/100}

real	0m0.469s
user	0m7.332s
sys	0m0.151s
----------------------------------------
[Wed Jul 23 09:56:13 UTC 2025] Processing: /home/genesis/hlo_cliped_tests/0522/predict_online/predict_online_171.cluster.stablehlo.mlir
All operations visited successfully.
Checking satisfiability of constraints...
Solution: {'%arg0': 1/100}

real	0m0.426s
user	0m7.409s
sys	0m0.044s
----------------------------------------
[Wed Jul 23 09:56:13 UTC 2025] Processing: /home/genesis/hlo_cliped_tests/0522/predict_online/predict_online_172.cluster.stablehlo.mlir
All operations visited successfully.
Checking satisfiability of constraints...
Solution: {'%arg0': 1/100}

real	0m0.388s
user	0m7.399s
sys	0m0.048s
----------------------------------------
[Wed Jul 23 09:56:14 UTC 2025] Processing: /home/genesis/hlo_cliped_tests/0522/predict_online/predict_online_173.cluster.stablehlo.mlir
All operations visited successfully.
Checking satisfiability of constraints...
Solution: {'%arg0': 1, '%arg1': 1}

real	0m0.449s
user	0m7.454s
sys	0m0.052s
----------------------------------------
[Wed Jul 23 09:56:14 UTC 2025] Processing: /home/genesis/hlo_cliped_tests/0522/predict_online/predict_online_174.cluster.stablehlo.mlir
All operations visited successfully.
Checking satisfiability of constraints...
Solution: {'%arg0': 1/100}

real	0m0.465s
user	0m7.290s
sys	0m0.254s
----------------------------------------
[Wed Jul 23 09:56:14 UTC 2025] Processing: /home/genesis/hlo_cliped_tests/0522/predict_online/predict_online_175.cluster.stablehlo.mlir
All operations visited successfully.
Checking satisfiability of constraints...
Solution: {'%arg0': 1/100}

real	0m0.440s
user	0m7.443s
sys	0m0.056s
----------------------------------------
[Wed Jul 23 09:56:15 UTC 2025] Processing: /home/genesis/hlo_cliped_tests/0522/predict_online/predict_online_176.cluster.stablehlo.mlir
All operations visited successfully.
Checking satisfiability of constraints...
Solution: {'%arg0': 1, '%arg1': 1}

real	0m0.443s
user	0m7.420s
sys	0m0.056s
----------------------------------------
[Wed Jul 23 09:56:15 UTC 2025] Processing: /home/genesis/hlo_cliped_tests/0522/predict_online/predict_online_177.cluster.stablehlo.mlir
All operations visited successfully.
Checking satisfiability of constraints...
Solution: {'%arg0': 1/100}

real	0m0.387s
user	0m7.388s
sys	0m0.052s
----------------------------------------
[Wed Jul 23 09:56:16 UTC 2025] Processing: /home/genesis/hlo_cliped_tests/0522/predict_online/predict_online_178.cluster.stablehlo.mlir
All operations visited successfully.
Checking satisfiability of constraints...
Solution: {'%arg0': 1/100}

real	0m0.396s
user	0m7.415s
sys	0m0.036s
----------------------------------------
[Wed Jul 23 09:56:16 UTC 2025] Processing: /home/genesis/hlo_cliped_tests/0522/predict_online/predict_online_179.cluster.stablehlo.mlir
All operations visited successfully.
Checking satisfiability of constraints...
Solution: {'%arg0': 1, '%arg1': 1}

real	0m0.392s
user	0m7.392s
sys	0m0.056s
----------------------------------------
[Wed Jul 23 09:56:17 UTC 2025] Processing: /home/genesis/hlo_cliped_tests/0522/predict_online/predict_online_180.cluster.stablehlo.mlir
All operations visited successfully.
Checking satisfiability of constraints...
Solution: {'%arg0': 1/100}

real	0m0.413s
user	0m7.418s
sys	0m0.052s
----------------------------------------
[Wed Jul 23 09:56:17 UTC 2025] Processing: /home/genesis/hlo_cliped_tests/0522/predict_online/predict_online_181.cluster.stablehlo.mlir
All operations visited successfully.
Checking satisfiability of constraints...
Solution: {'%arg0': 1/100}

real	0m0.403s
user	0m7.300s
sys	0m0.158s
----------------------------------------
[Wed Jul 23 09:56:17 UTC 2025] Processing: /home/genesis/hlo_cliped_tests/0522/predict_online/predict_online_182.cluster.stablehlo.mlir
All operations visited successfully.
Checking satisfiability of constraints...
Solution: {'%arg0': -1/100, '%arg1': 1/100}

real	0m0.485s
user	0m7.407s
sys	0m0.056s
----------------------------------------
[Wed Jul 23 09:56:18 UTC 2025] Processing: /home/genesis/hlo_cliped_tests/0522/predict_online/predict_online_183.cluster.stablehlo.mlir
All operations visited successfully.
Checking satisfiability of constraints...
Solution: {'%arg0': 1/100}

real	0m0.426s
user	0m7.426s
sys	0m0.056s
----------------------------------------
[Wed Jul 23 09:56:18 UTC 2025] Processing: /home/genesis/hlo_cliped_tests/0522/predict_online/predict_online_184.cluster.stablehlo.mlir
All operations visited successfully.
Checking satisfiability of constraints...
Solution: {'%arg0': 1, '%arg1': 1}

real	0m0.434s
user	0m7.422s
sys	0m0.064s
----------------------------------------
[Wed Jul 23 09:56:19 UTC 2025] Processing: /home/genesis/hlo_cliped_tests/0522/predict_online/predict_online_185.cluster.stablehlo.mlir
All operations visited successfully.
Checking satisfiability of constraints...
Solution: {'%arg0': 1/100}

real	0m0.409s
user	0m7.399s
sys	0m0.064s
----------------------------------------
[Wed Jul 23 09:56:19 UTC 2025] Processing: /home/genesis/hlo_cliped_tests/0522/predict_online/predict_online_186.cluster.stablehlo.mlir
All operations visited successfully.
Checking satisfiability of constraints...
Solution: {'%arg0': 1/100}

real	0m0.395s
user	0m7.401s
sys	0m0.056s
----------------------------------------
[Wed Jul 23 09:56:20 UTC 2025] Processing: /home/genesis/hlo_cliped_tests/0522/predict_online/predict_online_187.cluster.stablehlo.mlir
All operations visited successfully.
Checking satisfiability of constraints...
Solution: {'%arg0': 1, '%arg1': 1}

real	0m0.402s
user	0m7.397s
sys	0m0.064s
----------------------------------------
[Wed Jul 23 09:56:20 UTC 2025] Processing: /home/genesis/hlo_cliped_tests/0522/predict_online/predict_online_188.cluster.stablehlo.mlir
All operations visited successfully.
Checking satisfiability of constraints...
Solution: {'%arg0': 1/100}

real	0m0.421s
user	0m7.445s
sys	0m0.048s
----------------------------------------
[Wed Jul 23 09:56:20 UTC 2025] Processing: /home/genesis/hlo_cliped_tests/0522/predict_online/predict_online_189.cluster.stablehlo.mlir
All operations visited successfully.
Checking satisfiability of constraints...
Solution: {'%arg0': 1/100}

real	0m0.392s
user	0m7.395s
sys	0m0.052s
----------------------------------------
[Wed Jul 23 09:56:21 UTC 2025] Processing: /home/genesis/hlo_cliped_tests/0522/predict_online/predict_online_190.cluster.stablehlo.mlir
All operations visited successfully.
Checking satisfiability of constraints...
Solution: {'%arg0': 1, '%arg1': 1}

real	0m0.401s
user	0m7.407s
sys	0m0.064s
----------------------------------------
[Wed Jul 23 09:56:21 UTC 2025] Processing: /home/genesis/hlo_cliped_tests/0522/predict_online/predict_online_191.cluster.stablehlo.mlir
All operations visited successfully.
Checking satisfiability of constraints...
Solution: {'%arg0': 1/100}

real	0m0.414s
user	0m7.404s
sys	0m0.068s
----------------------------------------
[Wed Jul 23 09:56:22 UTC 2025] Processing: /home/genesis/hlo_cliped_tests/0522/predict_online/predict_online_192.cluster.stablehlo.mlir
All operations visited successfully.
Checking satisfiability of constraints...
Solution: {'%arg0': 1, '%arg1': 1}

real	0m0.419s
user	0m7.389s
sys	0m0.068s
----------------------------------------
[Wed Jul 23 09:56:22 UTC 2025] Processing: /home/genesis/hlo_cliped_tests/0522/predict_online/predict_online_193.cluster.stablehlo.mlir
All operations visited successfully.
Checking satisfiability of constraints...
Solution: {'%arg0': 1, '%arg1': 1}

real	0m0.395s
user	0m7.390s
sys	0m0.064s
----------------------------------------
[Wed Jul 23 09:56:22 UTC 2025] Processing: /home/genesis/hlo_cliped_tests/0522/predict_online/predict_online_194.cluster.stablehlo.mlir
All operations visited successfully.
Checking satisfiability of constraints...
Solution: {'%arg0': 1, '%arg1': 1}

real	0m0.394s
user	0m7.424s
sys	0m0.032s
----------------------------------------
[Wed Jul 23 09:56:23 UTC 2025] Processing: /home/genesis/hlo_cliped_tests/0522/predict_online/predict_online_195.cluster.stablehlo.mlir
All operations visited successfully.
Checking satisfiability of constraints...
Solution: {'%arg0': 1, '%arg1': 1}

real	0m0.392s
user	0m7.391s
sys	0m0.061s
----------------------------------------
[Wed Jul 23 09:56:23 UTC 2025] Processing: /home/genesis/hlo_cliped_tests/0522/predict_online/predict_online_196.cluster.stablehlo.mlir
All operations visited successfully.
Checking satisfiability of constraints...
Solution: {'%arg0': 1, '%arg1': 1}

real	0m0.394s
user	0m7.396s
sys	0m0.056s
----------------------------------------
[Wed Jul 23 09:56:24 UTC 2025] Processing: /home/genesis/hlo_cliped_tests/0522/predict_online/predict_online_197.cluster.stablehlo.mlir
All operations visited successfully.
Checking satisfiability of constraints...
Solution: {'%arg0': 1/100}

real	0m0.428s
user	0m7.424s
sys	0m0.056s
----------------------------------------
[Wed Jul 23 09:56:24 UTC 2025] Processing: /home/genesis/hlo_cliped_tests/0522/predict_online/predict_online_198.cluster.stablehlo.mlir
All operations visited successfully.
Checking satisfiability of constraints...
Solution: {'%arg0': 1/100, '%arg1': 1/100}

real	0m0.401s
user	0m7.361s
sys	0m0.096s
----------------------------------------
[Wed Jul 23 09:56:24 UTC 2025] Processing: /home/genesis/hlo_cliped_tests/0522/predict_online/predict_online_199.cluster.stablehlo.mlir
All operations visited successfully.
Checking satisfiability of constraints...
Solution: {'%arg0': 1/100}

real	0m0.403s
user	0m7.410s
sys	0m0.049s
----------------------------------------
[Wed Jul 23 09:56:25 UTC 2025] Processing: /home/genesis/hlo_cliped_tests/0522/predict_online/predict_online_200.cluster.stablehlo.mlir
All operations visited successfully.
Checking satisfiability of constraints...
Solution: {'%arg0': 1/100, '%arg1': 1/100}

real	0m0.407s
user	0m7.389s
sys	0m0.072s
----------------------------------------
[Wed Jul 23 09:56:25 UTC 2025] Processing: /home/genesis/hlo_cliped_tests/0522/predict_online/predict_online_201.cluster.stablehlo.mlir
All operations visited successfully.
Checking satisfiability of constraints...
Solution: {'%arg0': 1/100}

real	0m0.391s
user	0m7.394s
sys	0m0.056s
----------------------------------------
[Wed Jul 23 09:56:26 UTC 2025] Processing: /home/genesis/hlo_cliped_tests/0522/predict_online/predict_online_202.cluster.stablehlo.mlir
All operations visited successfully.
Checking satisfiability of constraints...
Solution: {'%arg0': 51/100, '%arg1': 1/100}

real	0m0.468s
user	0m7.381s
sys	0m0.068s
----------------------------------------
[Wed Jul 23 09:56:26 UTC 2025] Processing: /home/genesis/hlo_cliped_tests/0522/predict_online/predict_online_203.cluster.stablehlo.mlir
All operations visited successfully.
Checking satisfiability of constraints...
Solution: {'%arg0': 1/100}

real	0m0.389s
user	0m7.381s
sys	0m0.064s
----------------------------------------
[Wed Jul 23 09:56:27 UTC 2025] Processing: /home/genesis/hlo_cliped_tests/0522/predict_online/predict_online_204.cluster.stablehlo.mlir
All operations visited successfully.
Checking satisfiability of constraints...
Solution: {'%arg0': 1/100, '%arg1': 1/100, '%arg2': 1/100}

real	0m0.427s
user	0m7.397s
sys	0m0.064s
----------------------------------------
[Wed Jul 23 09:56:27 UTC 2025] Processing: /home/genesis/hlo_cliped_tests/0522/predict_online/predict_online_205.cluster.stablehlo.mlir
All operations visited successfully.
Checking satisfiability of constraints...
Solution: {'%arg0': 1/100}

real	0m0.448s
user	0m7.475s
sys	0m0.052s
----------------------------------------
[Wed Jul 23 09:56:27 UTC 2025] Processing: /home/genesis/hlo_cliped_tests/0522/predict_online/predict_online_206.cluster.stablehlo.mlir
All operations visited successfully.
Checking satisfiability of constraints...
Solution: {'%arg0': 1, '%arg1': 1, '%arg2': 1}

real	0m0.394s
user	0m7.412s
sys	0m0.036s
----------------------------------------
[Wed Jul 23 09:56:28 UTC 2025] Processing: /home/genesis/hlo_cliped_tests/0522/predict_online/predict_online_207.cluster.stablehlo.mlir
All operations visited successfully.
Checking satisfiability of constraints...
Solution: {'%arg0': 51/100, '%arg1': 1/100}

real	0m0.418s
user	0m7.414s
sys	0m0.056s
----------------------------------------
[Wed Jul 23 09:56:28 UTC 2025] Processing: /home/genesis/hlo_cliped_tests/0522/predict_online/predict_online_208.cluster.stablehlo.mlir
All operations visited successfully.
Checking satisfiability of constraints...
Solution: {'%arg0': 1/100}

real	0m0.404s
user	0m7.340s
sys	0m0.123s
----------------------------------------
[Wed Jul 23 09:56:29 UTC 2025] Processing: /home/genesis/hlo_cliped_tests/0522/predict_online/predict_online_209.cluster.stablehlo.mlir
All operations visited successfully.
Checking satisfiability of constraints...
Solution: {'%arg0': 1/100, '%arg1': 1/100, '%arg2': 1/100}

real	0m0.449s
user	0m7.358s
sys	0m0.134s
----------------------------------------
[Wed Jul 23 09:56:29 UTC 2025] Processing: /home/genesis/hlo_cliped_tests/0522/predict_online/predict_online_210.cluster.stablehlo.mlir
All operations visited successfully.
Checking satisfiability of constraints...
Solution: {'%arg0': 1/100}

real	0m0.410s
user	0m7.401s
sys	0m0.064s
----------------------------------------
[Wed Jul 23 09:56:30 UTC 2025] Processing: /home/genesis/hlo_cliped_tests/0522/predict_online/predict_online_211.cluster.stablehlo.mlir
All operations visited successfully.
Checking satisfiability of constraints...
Solution: {'%arg0': 1, '%arg1': 1, '%arg2': 1}

real	0m0.397s
user	0m7.408s
sys	0m0.044s
----------------------------------------
[Wed Jul 23 09:56:30 UTC 2025] Processing: /home/genesis/hlo_cliped_tests/0522/predict_online/predict_online_212.cluster.stablehlo.mlir
All operations visited successfully.
Checking satisfiability of constraints...
Solution: {'%arg0': 51/100, '%arg1': 1/100}

real	0m0.394s
user	0m7.380s
sys	0m0.056s
----------------------------------------
[Wed Jul 23 09:56:30 UTC 2025] Processing: /home/genesis/hlo_cliped_tests/0522/predict_online/predict_online_213.cluster.stablehlo.mlir
All operations visited successfully.
Checking satisfiability of constraints...
Solution: {'%arg0': 1/100}

real	0m0.414s
user	0m7.416s
sys	0m0.060s
----------------------------------------
[Wed Jul 23 09:56:31 UTC 2025] Processing: /home/genesis/hlo_cliped_tests/0522/predict_online/predict_online_214.cluster.stablehlo.mlir
All operations visited successfully.
Checking satisfiability of constraints...
Solution: {'%arg0': 1, '%arg1': -1/100, '%arg2': 1/100, '%arg3': 1, '%arg4': -3/200, '%arg5': 1, '%arg6': -1/100, '%arg7': 1}

real	0m0.427s
user	0m7.410s
sys	0m0.072s
----------------------------------------
[Wed Jul 23 09:56:31 UTC 2025] Processing: /home/genesis/hlo_cliped_tests/0522/predict_online/predict_online_215.cluster.stablehlo.mlir
All operations visited successfully.
Checking satisfiability of constraints...
Solution: {'%arg0': 1/100, '%arg1': 1/100, '%arg2': 1/100}

real	0m0.398s
user	0m7.407s
sys	0m0.048s
----------------------------------------
[Wed Jul 23 09:56:32 UTC 2025] Processing: /home/genesis/hlo_cliped_tests/0522/predict_online/predict_online_216.cluster.stablehlo.mlir
All operations visited successfully.
Checking satisfiability of constraints...
Solution: {'%arg0': 1/100}

real	0m0.387s
user	0m7.368s
sys	0m0.076s
----------------------------------------
[Wed Jul 23 09:56:32 UTC 2025] Processing: /home/genesis/hlo_cliped_tests/0522/predict_online/predict_online_217.cluster.stablehlo.mlir
All operations visited successfully.
Checking satisfiability of constraints...
Solution: {'%arg0': 1, '%arg1': 1, '%arg2': 1}

real	0m0.406s
user	0m7.372s
sys	0m0.076s
----------------------------------------
[Wed Jul 23 09:56:32 UTC 2025] Processing: /home/genesis/hlo_cliped_tests/0522/predict_online/predict_online_218.cluster.stablehlo.mlir
All operations visited successfully.
Checking satisfiability of constraints...
Solution: {'%arg0': 1, '%arg1': 151/100, '%arg2': 1/100, '%arg3': 1, '%arg4': 101/100, '%arg5': 0, '%arg6': 1/100, '%arg7': 1, '%arg8': 51/100, '%arg9': 1}

real	0m0.400s
user	0m7.402s
sys	0m0.048s
----------------------------------------
[Wed Jul 23 09:56:33 UTC 2025] Processing: /home/genesis/hlo_cliped_tests/0522/predict_online/predict_online_219.cluster.stablehlo.mlir
All operations visited successfully.
Checking satisfiability of constraints...
Solution: {'%arg0': 51/100, '%arg1': 1/100}

real	0m0.409s
user	0m7.380s
sys	0m0.060s
----------------------------------------
[Wed Jul 23 09:56:33 UTC 2025] Processing: /home/genesis/hlo_cliped_tests/0522/predict_online/predict_online_220.cluster.stablehlo.mlir
All operations visited successfully.
Checking satisfiability of constraints...
Solution: {'%arg0': 1/100}

real	0m0.380s
user	0m7.406s
sys	0m0.032s
----------------------------------------
[Wed Jul 23 09:56:34 UTC 2025] Processing: /home/genesis/hlo_cliped_tests/0522/predict_online/predict_online_221.cluster.stablehlo.mlir
All operations visited successfully.
Checking satisfiability of constraints...
Solution: {'%arg0': 1/100, '%arg1': 1/100, '%arg2': 1/100}

real	0m0.411s
user	0m7.392s
sys	0m0.072s
----------------------------------------
[Wed Jul 23 09:56:34 UTC 2025] Processing: /home/genesis/hlo_cliped_tests/0522/predict_online/predict_online_222.cluster.stablehlo.mlir
All operations visited successfully.
Checking satisfiability of constraints...
Solution: {'%arg0': 1/100}

real	0m0.384s
user	0m7.375s
sys	0m0.068s
----------------------------------------
[Wed Jul 23 09:56:34 UTC 2025] Processing: /home/genesis/hlo_cliped_tests/0522/predict_online/predict_online_223.cluster.stablehlo.mlir
All operations visited successfully.
Checking satisfiability of constraints...
Solution: {'%arg0': 1, '%arg1': 1, '%arg2': 1}

real	0m0.423s
user	0m7.402s
sys	0m0.064s
----------------------------------------
[Wed Jul 23 09:56:35 UTC 2025] Processing: /home/genesis/hlo_cliped_tests/0522/predict_online/predict_online_224.cluster.stablehlo.mlir
All operations visited successfully.
Checking satisfiability of constraints...
Solution: {'%arg0': 51/100, '%arg1': 1/100}

real	0m0.386s
user	0m7.393s
sys	0m0.048s
----------------------------------------
[Wed Jul 23 09:56:35 UTC 2025] Processing: /home/genesis/hlo_cliped_tests/0522/predict_online/predict_online_225.cluster.stablehlo.mlir
All operations visited successfully.
Checking satisfiability of constraints...
Solution: {'%arg0': 1/100}

real	0m0.383s
user	0m7.362s
sys	0m0.080s
----------------------------------------
[Wed Jul 23 09:56:36 UTC 2025] Processing: /home/genesis/hlo_cliped_tests/0522/predict_online/predict_online_226.cluster.stablehlo.mlir
All operations visited successfully.
Checking satisfiability of constraints...
Solution: {'%arg0': 1, '%arg1': 1, '%arg2': 1}

real	0m0.436s
user	0m7.414s
sys	0m0.076s
----------------------------------------
[Wed Jul 23 09:56:36 UTC 2025] Processing: /home/genesis/hlo_cliped_tests/0522/predict_online/predict_online_227.cluster.stablehlo.mlir
All operations visited successfully.
Checking satisfiability of constraints...
Solution: {'%arg0': 1/100, '%arg1': 1/100, '%arg2': 1/100}

real	0m0.387s
user	0m7.369s
sys	0m0.076s
----------------------------------------
[Wed Jul 23 09:56:36 UTC 2025] Processing: /home/genesis/hlo_cliped_tests/0522/predict_online/predict_online_228.cluster.stablehlo.mlir
All operations visited successfully.
Checking satisfiability of constraints...
Solution: {'%arg0': 1/100}

real	0m0.394s
user	0m7.299s
sys	0m0.154s
----------------------------------------
[Wed Jul 23 09:56:37 UTC 2025] Processing: /home/genesis/hlo_cliped_tests/0522/predict_online/predict_online_229.cluster.stablehlo.mlir
All operations visited successfully.
Checking satisfiability of constraints...
Solution: {'%arg0': 1, '%arg1': 1, '%arg2': 1}

real	0m0.412s
user	0m7.411s
sys	0m0.060s
----------------------------------------
==== Completed: 0522_predict_online.log ====
