==== Starting test: 0530_predict_online.log ====
[Wed Jul 23 09:56:37 UTC 2025] Processing: /home/genesis/0530/predict_online_0.cluster.stablehlo.mlir
All operations visited successfully.
Checking satisfiability of constraints...
Solution: {'%arg0': 1, '%arg1': 1, '%arg2': -1, '%arg3': -9, '%arg4': -9, '%arg5': -9, '%arg6': -9, '%arg7': -9, '%arg8': -9, '%arg9': 1, '%arg10': 1, '%arg11': 1, '%arg12': -2, '%arg13': 1/4, '%arg14': 1, '%arg15': 1, '%arg16': 1, '%arg17': 3/256, '%arg18': 1, '%arg19': 3/256, '%arg20': 1, '%arg21': 1, '%arg22': 1, '%arg23': -9, '%arg24': 1, '%arg25': 1, '%arg26': 1, '%arg27': 1/8, '%arg28': 1, '%arg29': -1/16, '%arg30': -9, '%arg31': 1, '%arg32': 1, '%arg33': -9, '%arg34': -9, '%arg35': -9, '%arg36': -9, '%arg37': 1, '%arg38': -8, '%arg39': -9, '%arg40': 1, '%arg41': -1/16, '%arg42': -9, '%arg43': 1, '%arg44': 1, '%arg45': 1, '%arg46': 1, '%arg47': -1/4, '%arg48': -9, '%arg49': -11/1024, '%arg50': 1, '%arg51': 1, '%arg52': 1, '%arg53': -9, '%arg54': 1, '%arg55': 1/32, '%arg56': 4, '%arg57': -9, '%arg58': 1, '%arg59': -9, '%arg60': -9, '%arg61': -1/32, '%arg62': -9, '%arg63': 1, '%arg64': 1, '%arg65': 1/32, '%arg66': -9, '%arg67': 1, '%arg68': 1, '%arg69': 1, '%arg70': 1, '%arg71': 1/2, '%arg72': 1, '%arg73': 1, '%arg74': 1, '%arg75': 1, '%arg76': 1, '%arg77': 1, '%arg78': 1, '%arg79': 1, '%arg80': 1, '%arg81': 1, '%arg82': 1, '%arg83': 1, '%arg84': 1, '%arg85': 1, '%arg86': 1, '%arg87': 1, '%arg88': 1, '%arg89': 1, '%arg90': 1, '%arg91': 1, '%arg92': 1, '%arg93': 1, '%arg94': 1, '%arg95': 1, '%arg96': 1, '%arg97': 1, '%arg98': 1, '%arg99': 1, '%arg100': 1, '%arg101': 1, '%arg102': 1, '%arg103': 1, '%arg104': 1, '%arg105': 1, '%arg106': 1, '%arg107': 1, '%arg108': 1, '%arg109': 1, '%arg110': 1, '%arg111': 1, '%arg112': 1, '%arg113': 1, '%arg114': 1, '%arg115': 1, '%arg116': 1, '%arg117': 1, '%arg118': 1, '%arg119': 1, '%arg120': 1, '%arg121': -9, '%arg122': 1, '%arg123': 1, '%arg124': 1/2, '%arg125': 1, '%arg126': -9, '%arg127': 1, '%arg128': 1, '%arg129': 1, '%arg130': 1, '%arg131': 1, '%arg132': 1, '%arg133': 1, '%arg134': 1, '%arg135': 1, '%arg136': 1, '%arg137': 1, '%arg138': 1, '%arg139': 1, '%arg140': 1, '%arg141': 1, '%arg142': 2, '%arg143': 1, '%arg144': 1, '%arg145': 1, '%arg146': 1, '%arg147': 1, '%arg148': -9, '%arg149': 1, '%arg150': 1, '%arg151': 1, '%arg152': 1, '%arg153': 1, '%arg154': 1, '%arg155': 1, '%arg156': 1, '%arg157': 1, '%arg158': 1/32, '%arg159': 1, '%arg160': -9, '%arg161': 1, '%arg162': 1, '%arg163': 1, '%arg164': 3/256, '%arg165': -303/32, '%arg166': 1, '%arg167': 1, '%arg168': 1, '%arg169': 1, '%arg170': 1, '%arg171': 1, '%arg172': 1/8, '%arg173': 1, '%arg174': 1, '%arg175': 1, '%arg176': 1, '%arg177': 1, '%arg178': 1, '%arg179': 1, '%arg180': 1/8, '%arg181': 1, '%arg182': 1, '%arg183': 1, '%arg184': 1, '%arg185': 1, '%arg186': 1, '%arg187': 1, '%arg188': 1/8, '%arg189': 1, '%arg190': 1, '%arg191': 1, '%arg192': 1, '%arg193': 1, '%arg194': 1, '%arg195': 1, '%arg196': 1/8, '%arg197': 1, '%arg198': 1, '%arg199': 1, '%arg200': 1, '%arg201': 1, '%arg202': 1, '%arg203': 1, '%arg204': 1/8, '%arg205': 1, '%arg206': 1, '%arg207': 1/2, '%arg208': 1, '%arg209': 1, '%arg210': 1, '%arg211': 1, '%arg212': 1, '%arg213': 1, '%arg214': 1, '%arg215': 1, '%arg216': 1, '%arg217': 1, '%arg218': 1, '%arg219': 1, '%arg220': 1, '%arg221': 1, '%arg222': 1, '%arg223': 1/32, '%arg224': 1, '%arg225': 1, '%arg226': 1, '%arg227': 1/32, '%arg228': 1, '%arg229': 1, '%arg230': 1, '%arg231': 1/32, '%arg232': 1, '%arg233': 1, '%arg234': 1, '%arg235': 1/32, '%arg236': 1, '%arg237': 1, '%arg238': 1, '%arg239': 1/32, '%arg240': 1, '%arg241': 1, '%arg242': 1, '%arg243': 1/32, '%arg244': 1, '%arg245': 1, '%arg246': 1, '%arg247': 1/32, '%arg248': 1, '%arg249': 1, '%arg250': 1, '%arg251': 1/32, '%arg252': 1, '%arg253': 1, '%arg254': 1, '%arg255': 1/32, '%arg256': 1, '%arg257': 1, '%arg258': 1, '%arg259': 1/32, '%arg260': 1, '%arg261': 1, '%arg262': 1, '%arg263': 1/32, '%arg264': 1, '%arg265': 1, '%arg266': 1, '%arg267': 1/32, '%arg268': 1, '%arg269': 1, '%arg270': 1, '%arg271': 1/32, '%arg272': 1, '%arg273': 1, '%arg274': 1, '%arg275': 1/32, '%arg276': 1, '%arg277': 1, '%arg278': 1, '%arg279': 1/32, '%arg280': 1, '%arg281': 1, '%arg282': 1, '%arg283': 1/32, '%arg284': 1, '%arg285': 1, '%arg286': 1, '%arg287': 1/8, '%arg288': 1, '%arg289': 1, '%arg290': 1, '%arg291': 1/8, '%arg292': 1, '%arg293': 1, '%arg294': 1, '%arg295': 1/32, '%arg296': 1, '%arg297': 1, '%arg298': 1, '%arg299': 1/32, '%arg300': 1, '%arg301': 1/2, '%arg302': 1, '%arg303': 1, '%arg304': 1, '%arg305': 1, '%arg306': 1, '%arg307': 1, '%arg308': 1, '%arg309': 1, '%arg310': 1, '%arg311': 1, '%arg312': 1, '%arg313': 1, '%arg314': 1, '%arg315': 1, '%arg316': 1, '%arg317': 1, '%arg318': 1, '%arg319': 1, '%arg320': 1, '%arg321': 1, '%arg322': 1, '%arg323': 1, '%arg324': 1, '%arg325': 1, '%arg326': 1, '%arg327': 1, '%arg328': 1}

real	0m31.853s
user	0m38.755s
sys	0m0.152s
----------------------------------------
[Wed Jul 23 09:57:09 UTC 2025] Processing: /home/genesis/0530/predict_online_1.cluster.stablehlo.mlir
All operations visited successfully.
Checking satisfiability of constraints...
Solution: {'%arg0': 1, '%arg1': 1, '%arg2': 1, '%arg3': 1, '%arg4': 1}

real	0m0.408s
user	0m7.393s
sys	0m0.072s
----------------------------------------
[Wed Jul 23 09:57:09 UTC 2025] Processing: /home/genesis/0530/predict_online_2.cluster.stablehlo.mlir
All operations visited successfully.
Checking satisfiability of constraints...
Solution: {'%arg0': 1, '%arg1': 1, '%arg2': 1, '%arg3': 1/4, '%arg4': 1}

real	0m0.429s
user	0m7.434s
sys	0m0.048s
----------------------------------------
[Wed Jul 23 09:57:10 UTC 2025] Processing: /home/genesis/0530/predict_online_3.cluster.stablehlo.mlir
All operations visited successfully.
Checking satisfiability of constraints...
Solution: {'%arg0': 1, '%arg1': -9, '%arg2': -9, '%arg3': -9, '%arg4': -9, '%arg5': -1/4, '%arg6': -9, '%arg7': 1, '%arg8': 1, '%arg9': 1, '%arg10': 1/4, '%arg11': 1, '%arg12': 1, '%arg13': 1, '%arg14': -9, '%arg15': -9, '%arg16': 1, '%arg17': 1, '%arg18': 1, '%arg19': 1, '%arg20': 1, '%arg21': 1, '%arg22': 1, '%arg23': 1, '%arg24': 1, '%arg25': 1, '%arg26': 1, '%arg27': 1, '%arg28': 1, '%arg29': 1, '%arg30': 1, '%arg31': 1, '%arg32': 1, '%arg33': 1, '%arg34': 1, '%arg35': 1, '%arg36': 1, '%arg37': 1, '%arg38': 1, '%arg39': 1, '%arg40': 1, '%arg41': 1, '%arg42': 1, '%arg43': 1, '%arg44': 1, '%arg45': 1, '%arg46': 1, '%arg47': 1, '%arg48': 1, '%arg49': 1, '%arg50': 1, '%arg51': 1, '%arg52': 1, '%arg53': 1, '%arg54': 1, '%arg55': 1, '%arg56': 1, '%arg57': 1, '%arg58': 1, '%arg59': 1, '%arg60': 1, '%arg61': 1, '%arg62': 1, '%arg63': 1, '%arg64': 1, '%arg65': 1, '%arg66': 1, '%arg67': 1, '%arg68': 1, '%arg69': 1, '%arg70': 1, '%arg71': 1, '%arg72': 1, '%arg73': 1, '%arg74': 1, '%arg75': 1, '%arg76': 1, '%arg77': 1, '%arg78': 1, '%arg79': 1, '%arg80': 1, '%arg81': 1, '%arg82': 1, '%arg83': 1, '%arg84': 1, '%arg85': 1, '%arg86': 1, '%arg87': 1, '%arg88': 1, '%arg89': 1, '%arg90': 1, '%arg91': 1, '%arg92': 1, '%arg93': 1, '%arg94': 1, '%arg95': 1, '%arg96': 1, '%arg97': 1, '%arg98': 1, '%arg99': 1, '%arg100': 1, '%arg101': 1, '%arg102': 1, '%arg103': 1, '%arg104': 1, '%arg105': 1, '%arg106': 1, '%arg107': 1, '%arg108': 1, '%arg109': 1, '%arg110': 1, '%arg111': 1, '%arg112': 1, '%arg113': 1, '%arg114': 1, '%arg115': 1, '%arg116': 1, '%arg117': 1, '%arg118': 1, '%arg119': 1, '%arg120': 1, '%arg121': 1, '%arg122': 1, '%arg123': 1, '%arg124': 1, '%arg125': 1, '%arg126': 1, '%arg127': 1, '%arg128': 1, '%arg129': 1, '%arg130': 1, '%arg131': 1, '%arg132': 1}

real	0m1.238s
user	0m8.238s
sys	0m0.056s
----------------------------------------
[Wed Jul 23 09:57:11 UTC 2025] Processing: /home/genesis/0530/predict_online_4.cluster.stablehlo.mlir
All operations visited successfully.
Checking satisfiability of constraints...
Solution: {'%arg0': -1/100, '%arg1': 1/100, '%arg2': 1/100, '%arg3': 1/100}

real	0m0.429s
user	0m7.415s
sys	0m0.068s
----------------------------------------
[Wed Jul 23 09:57:12 UTC 2025] Processing: /home/genesis/0530/predict_online_5.cluster.stablehlo.mlir
All operations visited successfully.
Checking satisfiability of constraints...
Solution: {'%arg0': -1/100, '%arg1': -1/100, '%arg2': 1/100}

real	0m0.421s
user	0m7.386s
sys	0m0.080s
----------------------------------------
[Wed Jul 23 09:57:12 UTC 2025] Processing: /home/genesis/0530/predict_online_6.cluster.stablehlo.mlir
All operations visited successfully.
Checking satisfiability of constraints...
Solution: {'%arg0': -1/100, '%arg1': 1/100, '%arg2': 1/100, '%arg3': 1/100}

real	0m0.409s
user	0m7.351s
sys	0m0.083s
----------------------------------------
[Wed Jul 23 09:57:12 UTC 2025] Processing: /home/genesis/0530/predict_online_7.cluster.stablehlo.mlir
All operations visited successfully.
Checking satisfiability of constraints...
Solution: {'%arg0': -1/100, '%arg1': 1/100, '%arg2': 1/100, '%arg3': 1/100}

real	0m0.417s
user	0m7.430s
sys	0m0.044s
----------------------------------------
[Wed Jul 23 09:57:13 UTC 2025] Processing: /home/genesis/0530/predict_online_8.cluster.stablehlo.mlir
All operations visited successfully.
Checking satisfiability of constraints...
Solution: {'%arg0': -1/100, '%arg1': 1/100, '%arg2': 1/100, '%arg3': 1/100}

real	0m0.418s
user	0m7.404s
sys	0m0.072s
----------------------------------------
[Wed Jul 23 09:57:13 UTC 2025] Processing: /home/genesis/0530/predict_online_9.cluster.stablehlo.mlir
All operations visited successfully.
Checking satisfiability of constraints...
Solution: {'%arg0': -1/100, '%arg1': 1/100, '%arg2': 1/100, '%arg3': 1/100}

real	0m0.426s
user	0m7.439s
sys	0m0.045s
----------------------------------------
[Wed Jul 23 09:57:14 UTC 2025] Processing: /home/genesis/0530/predict_online_10.cluster.stablehlo.mlir
All operations visited successfully.
Checking satisfiability of constraints...
Solution: {'%arg0': -1/100, '%arg1': 1/100, '%arg2': 1/100, '%arg3': 1/100}

real	0m0.402s
user	0m7.389s
sys	0m0.068s
----------------------------------------
[Wed Jul 23 09:57:14 UTC 2025] Processing: /home/genesis/0530/predict_online_11.cluster.stablehlo.mlir
All operations visited successfully.
Checking satisfiability of constraints...
Solution: {'%arg0': -1/100, '%arg1': 1/100, '%arg2': 1/100, '%arg3': 1/100}

real	0m0.411s
user	0m7.415s
sys	0m0.052s
----------------------------------------
[Wed Jul 23 09:57:15 UTC 2025] Processing: /home/genesis/0530/predict_online_12.cluster.stablehlo.mlir
All operations visited successfully.
Checking satisfiability of constraints...
Solution: {'%arg0': -1/100, '%arg1': 1/100, '%arg2': 1/100, '%arg3': 1/100}

real	0m0.424s
user	0m7.419s
sys	0m0.060s
----------------------------------------
[Wed Jul 23 09:57:15 UTC 2025] Processing: /home/genesis/0530/predict_online_13.cluster.stablehlo.mlir
All operations visited successfully.
Checking satisfiability of constraints...
Solution: {'%arg0': 1/100}

real	0m0.403s
user	0m7.420s
sys	0m0.040s
----------------------------------------
[Wed Jul 23 09:57:15 UTC 2025] Processing: /home/genesis/0530/predict_online_14.cluster.stablehlo.mlir
All operations visited successfully.
Checking satisfiability of constraints...
Solution: {'%arg0': 1/100}

real	0m0.402s
user	0m7.373s
sys	0m0.088s
----------------------------------------
[Wed Jul 23 09:57:16 UTC 2025] Processing: /home/genesis/0530/predict_online_15.cluster.stablehlo.mlir
All operations visited successfully.
Checking satisfiability of constraints...
Solution: {'%arg0': -1/100, '%arg1': 1/100, '%arg2': 0, '%arg3': 1/100, '%arg4': 0, '%arg5': 1/100, '%arg6': 0, '%arg7': 1/100, '%arg8': 1, '%arg9': 1/100, '%arg10': 1, '%arg11': 1/100, '%arg12': 1, '%arg13': 1/100}

real	0m0.401s
user	0m7.418s
sys	0m0.040s
----------------------------------------
[Wed Jul 23 09:57:16 UTC 2025] Processing: /home/genesis/0530/predict_online_16.cluster.stablehlo.mlir
All operations visited successfully.
Checking satisfiability of constraints...
Solution: {'%arg0': 1, '%arg1': 1, '%arg2': 1, '%arg3': 1, '%arg4': 1}

real	0m0.403s
user	0m7.397s
sys	0m0.064s
----------------------------------------
[Wed Jul 23 09:57:17 UTC 2025] Processing: /home/genesis/0530/predict_online_17.cluster.stablehlo.mlir
All operations visited successfully.
Checking satisfiability of constraints...
Solution: {'%arg0': 1, '%arg1': 1, '%arg2': 1, '%arg3': 1/2, '%arg4': 1}

real	0m0.401s
user	0m7.386s
sys	0m0.072s
----------------------------------------
[Wed Jul 23 09:57:17 UTC 2025] Processing: /home/genesis/0530/predict_online_18.cluster.stablehlo.mlir
All operations visited successfully.
Checking satisfiability of constraints...
Solution: {'%arg0': 1, '%arg1': 1, '%arg2': 1, '%arg3': 1, '%arg4': 1, '%arg5': 1, '%arg6': 1}

real	0m0.424s
user	0m7.398s
sys	0m0.084s
----------------------------------------
[Wed Jul 23 09:57:17 UTC 2025] Processing: /home/genesis/0530/predict_online_19.cluster.stablehlo.mlir
All operations visited successfully.
Checking satisfiability of constraints...
Solution: {'%arg0': 1, '%arg1': -9, '%arg2': 1, '%arg3': 1, '%arg4': 1, '%arg5': 1, '%arg6': 1, '%arg7': 1, '%arg8': 1, '%arg9': 1, '%arg10': 0}

real	0m0.412s
user	0m7.427s
sys	0m0.044s
----------------------------------------
[Wed Jul 23 09:57:18 UTC 2025] Processing: /home/genesis/0530/predict_online_20.cluster.stablehlo.mlir
All operations visited successfully.
Checking satisfiability of constraints...
Solution: {'%arg0': 1, '%arg1': 1, '%arg2': 1, '%arg3': 1/2, '%arg4': 1, '%arg5': 1, '%arg6': 1, '%arg7': 1, '%arg8': 1, '%arg9': 1, '%arg10': 1, '%arg11': 1/32, '%arg12': 1}

real	0m0.449s
user	0m7.455s
sys	0m0.048s
----------------------------------------
[Wed Jul 23 09:57:18 UTC 2025] Processing: /home/genesis/0530/predict_online_21.cluster.stablehlo.mlir
All operations visited successfully.
Checking satisfiability of constraints...
Solution: {'%arg0': 1, '%arg1': 1, '%arg2': 1, '%arg3': 1/2, '%arg4': 1, '%arg5': 1, '%arg6': 1, '%arg7': 1, '%arg8': 1, '%arg9': -9, '%arg10': 1, '%arg11': 1/32, '%arg12': 1, '%arg13': 1/32, '%arg14': 1}

real	0m0.426s
user	0m7.345s
sys	0m0.138s
----------------------------------------
[Wed Jul 23 09:57:19 UTC 2025] Processing: /home/genesis/0530/predict_online_22.cluster.stablehlo.mlir
All operations visited successfully.
Checking satisfiability of constraints...
Solution: {'%arg0': 1, '%arg1': 1, '%arg2': 1, '%arg3': 1, '%arg4': 1, '%arg5': 1, '%arg6': 0}

real	0m0.430s
user	0m7.427s
sys	0m0.061s
----------------------------------------
[Wed Jul 23 09:57:19 UTC 2025] Processing: /home/genesis/0530/predict_online_23.cluster.stablehlo.mlir
All operations visited successfully.
Checking satisfiability of constraints...
Solution: {'%arg0': 1, '%arg1': 1, '%arg2': 1, '%arg3': 1/2, '%arg4': 1, '%arg5': 1, '%arg6': 1, '%arg7': 1, '%arg8': 1, '%arg9': 1, '%arg10': 1, '%arg11': 1/32, '%arg12': 1}

real	0m0.449s
user	0m7.343s
sys	0m0.162s
----------------------------------------
[Wed Jul 23 09:57:20 UTC 2025] Processing: /home/genesis/0530/predict_online_24.cluster.stablehlo.mlir
All operations visited successfully.
Checking satisfiability of constraints...
Solution: {'%arg0': 1, '%arg1': 1, '%arg2': 1, '%arg3': 1/2, '%arg4': 1, '%arg5': 1, '%arg6': 1, '%arg7': 1, '%arg8': 1, '%arg9': 1, '%arg10': 1, '%arg11': 1/32, '%arg12': 1}

real	0m0.442s
user	0m7.431s
sys	0m0.068s
----------------------------------------
[Wed Jul 23 09:57:20 UTC 2025] Processing: /home/genesis/0530/predict_online_25.cluster.stablehlo.mlir
All operations visited successfully.
Checking satisfiability of constraints...
Solution: {'%arg0': 1, '%arg1': 1, '%arg2': 1, '%arg3': 1/2, '%arg4': 1, '%arg5': 1, '%arg6': 1, '%arg7': 1, '%arg8': 1, '%arg9': -9, '%arg10': 1, '%arg11': 1/32, '%arg12': 1, '%arg13': 1/32, '%arg14': 1}

real	0m0.542s
user	0m7.537s
sys	0m0.052s
----------------------------------------
[Wed Jul 23 09:57:21 UTC 2025] Processing: /home/genesis/0530/predict_online_26.cluster.stablehlo.mlir
All operations visited successfully.
Checking satisfiability of constraints...
Solution: {'%arg0': 1, '%arg1': 1, '%arg2': 1, '%arg3': 1/2, '%arg4': 1, '%arg5': 1, '%arg6': 1, '%arg7': 1, '%arg8': 1, '%arg9': 1, '%arg10': 1, '%arg11': 1/32, '%arg12': 1}

real	0m0.415s
user	0m7.408s
sys	0m0.064s
----------------------------------------
[Wed Jul 23 09:57:21 UTC 2025] Processing: /home/genesis/0530/predict_online_27.cluster.stablehlo.mlir
All operations visited successfully.
Checking satisfiability of constraints...
Solution: {'%arg0': 1, '%arg1': 1, '%arg2': 1, '%arg3': 1, '%arg4': 1, '%arg5': 1/64, '%arg6': -511/64, '%arg7': -9, '%arg8': -9, '%arg9': -9, '%arg10': -9, '%arg11': 1, '%arg12': 1}

real	0m0.471s
user	0m7.430s
sys	0m0.100s
----------------------------------------
[Wed Jul 23 09:57:21 UTC 2025] Processing: /home/genesis/0530/predict_online_28.cluster.stablehlo.mlir
All operations visited successfully.
Checking satisfiability of constraints...
Solution: {'%arg0': 1, '%arg1': 1, '%arg2': 1, '%arg3': 1, '%arg4': 1, '%arg5': 1/64, '%arg6': -511/64, '%arg7': -9, '%arg8': -9, '%arg9': -9, '%arg10': -9, '%arg11': 1, '%arg12': 1}

real	0m0.457s
user	0m7.457s
sys	0m0.056s
----------------------------------------
[Wed Jul 23 09:57:22 UTC 2025] Processing: /home/genesis/0530/predict_online_29.cluster.stablehlo.mlir
All operations visited successfully.
Checking satisfiability of constraints...
Solution: {'%arg0': 1, '%arg1': 1, '%arg2': -9, '%arg3': -9, '%arg4': -1/8, '%arg5': -9, '%arg6': -9, '%arg7': 1, '%arg8': 1, '%arg9': 1, '%arg10': -9, '%arg11': -1/64, '%arg12': 1, '%arg13': 9, '%arg14': 1, '%arg15': 1, '%arg16': -9, '%arg17': 1, '%arg18': 1, '%arg19': 1/64, '%arg20': 1, '%arg21': -131071/16384, '%arg22': -19/2, '%arg23': -159/16, '%arg24': 1, '%arg25': 1, '%arg26': 0, '%arg27': 1, '%arg28': 1, '%arg29': 0, '%arg30': 1, '%arg31': 0, '%arg32': 1, '%arg33': 1, '%arg34': 1, '%arg35': 1, '%arg36': 1}

real	0m0.534s
user	0m7.531s
sys	0m0.060s
----------------------------------------
[Wed Jul 23 09:57:22 UTC 2025] Processing: /home/genesis/0530/predict_online_30.cluster.stablehlo.mlir
All operations visited successfully.
Checking satisfiability of constraints...
Solution: {'%arg0': 1, '%arg1': -9, '%arg2': 1, '%arg3': 1, '%arg4': 1/64, '%arg5': 1, '%arg6': -7, '%arg7': 1, '%arg8': 1, '%arg9': 1, '%arg10': 1, '%arg11': 1}

real	0m0.442s
user	0m7.428s
sys	0m0.068s
----------------------------------------
[Wed Jul 23 09:57:23 UTC 2025] Processing: /home/genesis/0530/predict_online_31.cluster.stablehlo.mlir
All operations visited successfully.
Checking satisfiability of constraints...
Solution: {'%arg0': 1/100}

real	0m0.396s
user	0m7.414s
sys	0m0.040s
----------------------------------------
[Wed Jul 23 09:57:23 UTC 2025] Processing: /home/genesis/0530/predict_online_32.cluster.stablehlo.mlir
All operations visited successfully.
Checking satisfiability of constraints...
Solution: {'%arg0': 1/100}

real	0m0.436s
user	0m7.437s
sys	0m0.052s
----------------------------------------
[Wed Jul 23 09:57:24 UTC 2025] Skip missing: /home/genesis/0530/predict_online_33.cluster.stablehlo.mlir
[Wed Jul 23 09:57:24 UTC 2025] Skip missing: /home/genesis/0530/predict_online_34.cluster.stablehlo.mlir
[Wed Jul 23 09:57:24 UTC 2025] Processing: /home/genesis/0530/predict_online_35.cluster.stablehlo.mlir
All operations visited successfully.
Checking satisfiability of constraints...
Solution: {'%arg0': 1, '%arg1': 1, '%arg2': 1, '%arg3': 1, '%arg4': 1/4, '%arg5': 1, '%arg6': 1, '%arg7': 1, '%arg8': 1, '%arg9': 1/4, '%arg10': 1}

real	0m0.494s
user	0m7.479s
sys	0m0.072s
----------------------------------------
[Wed Jul 23 09:57:24 UTC 2025] Processing: /home/genesis/0530/predict_online_36.cluster.stablehlo.mlir
All operations visited successfully.
Checking satisfiability of constraints...
Solution: {'%arg0': 1/100}

real	0m0.426s
user	0m7.427s
sys	0m0.056s
----------------------------------------
[Wed Jul 23 09:57:25 UTC 2025] Processing: /home/genesis/0530/predict_online_37.cluster.stablehlo.mlir
All operations visited successfully.
Checking satisfiability of constraints...
Solution: {'%arg0': 1, '%arg1': 1, '%arg2': 1, '%arg3': 1}

real	0m0.433s
user	0m7.402s
sys	0m0.088s
----------------------------------------
[Wed Jul 23 09:57:25 UTC 2025] Processing: /home/genesis/0530/predict_online_38.cluster.stablehlo.mlir
All operations visited successfully.
Checking satisfiability of constraints...
Solution: {'%arg0': 1, '%arg1': 1}

real	0m0.409s
user	0m7.425s
sys	0m0.044s
----------------------------------------
[Wed Jul 23 09:57:26 UTC 2025] Processing: /home/genesis/0530/predict_online_39.cluster.stablehlo.mlir
All operations visited successfully.
Checking satisfiability of constraints...
Solution: {'%arg0': 1/100, '%arg1': 1/100}

real	0m0.404s
user	0m7.406s
sys	0m0.056s
----------------------------------------
[Wed Jul 23 09:57:26 UTC 2025] Processing: /home/genesis/0530/predict_online_40.cluster.stablehlo.mlir
All operations visited successfully.
Checking satisfiability of constraints...
Solution: {'%arg0': 1, '%arg1': 1}

real	0m0.418s
user	0m7.382s
sys	0m0.092s
----------------------------------------
[Wed Jul 23 09:57:26 UTC 2025] Skip missing: /home/genesis/0530/predict_online_41.cluster.stablehlo.mlir
[Wed Jul 23 09:57:26 UTC 2025] Processing: /home/genesis/0530/predict_online_42.cluster.stablehlo.mlir
All operations visited successfully.
Checking satisfiability of constraints...
Solution: {'%arg0': 1, '%arg1': 1, '%arg2': 1}

real	0m0.410s
user	0m7.418s
sys	0m0.052s
----------------------------------------
[Wed Jul 23 09:57:27 UTC 2025] Processing: /home/genesis/0530/predict_online_43.cluster.stablehlo.mlir
All operations visited successfully.
Checking satisfiability of constraints...
Solution: {'%arg0': 1, '%arg1': 1, '%arg2': 1}

real	0m0.453s
user	0m7.443s
sys	0m0.065s
----------------------------------------
[Wed Jul 23 09:57:27 UTC 2025] Processing: /home/genesis/0530/predict_online_44.cluster.stablehlo.mlir
All operations visited successfully.
Checking satisfiability of constraints...
Solution: {'%arg0': 1, '%arg1': 1}

real	0m0.455s
user	0m7.439s
sys	0m0.072s
----------------------------------------
[Wed Jul 23 09:57:28 UTC 2025] Processing: /home/genesis/0530/predict_online_45.cluster.stablehlo.mlir
All operations visited successfully.
Checking satisfiability of constraints...
Solution: {'%arg0': 1/100}

real	0m0.575s
user	0m7.534s
sys	0m0.080s
----------------------------------------
[Wed Jul 23 09:57:28 UTC 2025] Processing: /home/genesis/0530/predict_online_46.cluster.stablehlo.mlir
All operations visited successfully.
Checking satisfiability of constraints...
Solution: {'%arg0': 1, '%arg1': 1, '%arg2': 1, '%arg3': 1}

real	0m0.455s
user	0m7.427s
sys	0m0.084s
----------------------------------------
[Wed Jul 23 09:57:29 UTC 2025] Processing: /home/genesis/0530/predict_online_47.cluster.stablehlo.mlir
All operations visited successfully.
Checking satisfiability of constraints...
Solution: {'%arg0': 1, '%arg1': 1}

real	0m0.469s
user	0m7.323s
sys	0m0.072s
----------------------------------------
[Wed Jul 23 09:57:29 UTC 2025] Processing: /home/genesis/0530/predict_online_48.cluster.stablehlo.mlir
All operations visited successfully.
Checking satisfiability of constraints...
Solution: {'%arg0': 1/100, '%arg1': 1/100}

real	0m0.475s
user	0m7.460s
sys	0m0.064s
----------------------------------------
[Wed Jul 23 09:57:30 UTC 2025] Processing: /home/genesis/0530/predict_online_49.cluster.stablehlo.mlir
All operations visited successfully.
Checking satisfiability of constraints...
Solution: {'%arg0': 1, '%arg1': 1}

real	0m0.438s
user	0m7.414s
sys	0m0.080s
----------------------------------------
[Wed Jul 23 09:57:30 UTC 2025] Skip missing: /home/genesis/0530/predict_online_50.cluster.stablehlo.mlir
[Wed Jul 23 09:57:30 UTC 2025] Processing: /home/genesis/0530/predict_online_51.cluster.stablehlo.mlir
All operations visited successfully.
Checking satisfiability of constraints...
Solution: {'%arg0': 1, '%arg1': 1, '%arg2': 1}

real	0m0.493s
user	0m7.426s
sys	0m0.059s
----------------------------------------
[Wed Jul 23 09:57:31 UTC 2025] Processing: /home/genesis/0530/predict_online_52.cluster.stablehlo.mlir
All operations visited successfully.
Checking satisfiability of constraints...
Solution: {'%arg0': 1, '%arg1': 1, '%arg2': 1}

real	0m0.538s
user	0m7.493s
sys	0m0.060s
----------------------------------------
[Wed Jul 23 09:57:31 UTC 2025] Processing: /home/genesis/0530/predict_online_53.cluster.stablehlo.mlir
All operations visited successfully.
Checking satisfiability of constraints...
Solution: {'%arg0': 1, '%arg1': 1}

real	0m0.427s
user	0m7.354s
sys	0m0.115s
----------------------------------------
[Wed Jul 23 09:57:32 UTC 2025] Processing: /home/genesis/0530/predict_online_54.cluster.stablehlo.mlir
All operations visited successfully.
Checking satisfiability of constraints...
Solution: {'%arg0': 1/100}

real	0m0.432s
user	0m7.422s
sys	0m0.048s
----------------------------------------
[Wed Jul 23 09:57:32 UTC 2025] Processing: /home/genesis/0530/predict_online_55.cluster.stablehlo.mlir
All operations visited successfully.
Checking satisfiability of constraints...
Solution: {'%arg0': 1, '%arg1': 1, '%arg2': 1, '%arg3': 1, '%arg4': 1, '%arg5': 1, '%arg6': 1}

real	0m0.531s
user	0m7.290s
sys	0m0.072s
----------------------------------------
[Wed Jul 23 09:57:33 UTC 2025] Processing: /home/genesis/0530/predict_online_56.cluster.stablehlo.mlir
All operations visited successfully.
Checking satisfiability of constraints...
Solution: {'%arg0': 1, '%arg1': 1, '%arg2': 1, '%arg3': 1, '%arg4': 1, '%arg5': 1}

real	0m0.477s
user	0m7.450s
sys	0m0.064s
----------------------------------------
[Wed Jul 23 09:57:33 UTC 2025] Processing: /home/genesis/0530/predict_online_57.cluster.stablehlo.mlir
All operations visited successfully.
Checking satisfiability of constraints...
Solution: {'%arg0': 1, '%arg1': 1}

real	0m0.458s
user	0m7.003s
sys	0m0.063s
----------------------------------------
[Wed Jul 23 09:57:34 UTC 2025] Skip missing: /home/genesis/0530/predict_online_58.cluster.stablehlo.mlir
[Wed Jul 23 09:57:34 UTC 2025] Processing: /home/genesis/0530/predict_online_59.cluster.stablehlo.mlir
All operations visited successfully.
Checking satisfiability of constraints...
Solution: {'%arg0': 1/100, '%arg1': 1/100}

real	0m0.464s
user	0m7.443s
sys	0m0.048s
----------------------------------------
[Wed Jul 23 09:57:34 UTC 2025] Processing: /home/genesis/0530/predict_online_60.cluster.stablehlo.mlir
All operations visited successfully.
Checking satisfiability of constraints...
Solution: {'%arg0': 1/100, '%arg1': 1/100}

real	0m0.460s
user	0m7.458s
sys	0m0.052s
----------------------------------------
[Wed Jul 23 09:57:34 UTC 2025] Processing: /home/genesis/0530/predict_online_61.cluster.stablehlo.mlir
All operations visited successfully.
Checking satisfiability of constraints...
Solution: {'%arg0': 1/100, '%arg1': 1/100}

real	0m0.448s
user	0m7.435s
sys	0m0.064s
----------------------------------------
[Wed Jul 23 09:57:35 UTC 2025] Processing: /home/genesis/0530/predict_online_62.cluster.stablehlo.mlir
All operations visited successfully.
Checking satisfiability of constraints...
Solution: {'%arg0': -9, '%arg1': 1, '%arg2': 1, '%arg3': 1, '%arg4': 1, '%arg5': 1}

real	0m0.461s
user	0m7.461s
sys	0m0.052s
----------------------------------------
[Wed Jul 23 09:57:35 UTC 2025] Processing: /home/genesis/0530/predict_online_63.cluster.stablehlo.mlir
All operations visited successfully.
Checking satisfiability of constraints...
Solution: {'%arg0': -9, '%arg1': 1, '%arg2': 1}

real	0m0.469s
user	0m7.395s
sys	0m0.123s
----------------------------------------
[Wed Jul 23 09:57:36 UTC 2025] Processing: /home/genesis/0530/predict_online_64.cluster.stablehlo.mlir
All operations visited successfully.
Checking satisfiability of constraints...
Solution: {'%arg0': 1, '%arg1': 1, '%arg2': 1, '%arg3': 1, '%arg4': 1, '%arg5': 1, '%arg6': 1}

real	0m0.481s
user	0m7.447s
sys	0m0.060s
----------------------------------------
[Wed Jul 23 09:57:36 UTC 2025] Processing: /home/genesis/0530/predict_online_65.cluster.stablehlo.mlir
All operations visited successfully.
Checking satisfiability of constraints...
Solution: {'%arg0': 1/100, '%arg1': 1/100}

real	0m0.404s
user	0m7.409s
sys	0m0.048s
----------------------------------------
[Wed Jul 23 09:57:37 UTC 2025] Processing: /home/genesis/0530/predict_online_66.cluster.stablehlo.mlir
All operations visited successfully.
Checking satisfiability of constraints...
Solution: {'%arg0': 1/100, '%arg1': 1/100}

real	0m0.384s
user	0m7.380s
sys	0m0.064s
----------------------------------------
[Wed Jul 23 09:57:37 UTC 2025] Processing: /home/genesis/0530/predict_online_67.cluster.stablehlo.mlir
All operations visited successfully.
Checking satisfiability of constraints...
Solution: {'%arg0': 1, '%arg1': 1}

real	0m0.391s
user	0m7.330s
sys	0m0.120s
----------------------------------------
[Wed Jul 23 09:57:38 UTC 2025] Processing: /home/genesis/0530/predict_online_68.cluster.stablehlo.mlir
All operations visited successfully.
Checking satisfiability of constraints...
Solution: {'%arg0': 1/100, '%arg1': 1/100}

real	0m0.399s
user	0m7.412s
sys	0m0.044s
----------------------------------------
[Wed Jul 23 09:57:38 UTC 2025] Processing: /home/genesis/0530/predict_online_69.cluster.stablehlo.mlir
All operations visited successfully.
Checking satisfiability of constraints...
Solution: {'%arg0': 1, '%arg1': 1}

real	0m0.404s
user	0m7.427s
sys	0m0.037s
----------------------------------------
[Wed Jul 23 09:57:38 UTC 2025] Skip missing: /home/genesis/0530/predict_online_70.cluster.stablehlo.mlir
[Wed Jul 23 09:57:38 UTC 2025] Processing: /home/genesis/0530/predict_online_71.cluster.stablehlo.mlir
All operations visited successfully.
Checking satisfiability of constraints...
Solution: {'%arg0': 1, '%arg1': 1, '%arg2': 1}

real	0m0.437s
user	0m7.407s
sys	0m0.080s
----------------------------------------
[Wed Jul 23 09:57:39 UTC 2025] Processing: /home/genesis/0530/predict_online_72.cluster.stablehlo.mlir
All operations visited successfully.
Checking satisfiability of constraints...
Solution: {'%arg0': 1, '%arg1': 1, '%arg2': 1}

real	0m0.402s
user	0m7.407s
sys	0m0.052s
----------------------------------------
[Wed Jul 23 09:57:39 UTC 2025] Processing: /home/genesis/0530/predict_online_73.cluster.stablehlo.mlir
All operations visited successfully.
Checking satisfiability of constraints...
Solution: {'%arg0': 1, '%arg1': 1, '%arg2': 1, '%arg3': 1}

real	0m0.410s
user	0m7.392s
sys	0m0.076s
----------------------------------------
[Wed Jul 23 09:57:40 UTC 2025] Processing: /home/genesis/0530/predict_online_74.cluster.stablehlo.mlir
All operations visited successfully.
Checking satisfiability of constraints...
Solution: {'%arg0': 1, '%arg1': 1}

real	0m0.395s
user	0m7.388s
sys	0m0.064s
----------------------------------------
[Wed Jul 23 09:57:40 UTC 2025] Processing: /home/genesis/0530/predict_online_75.cluster.stablehlo.mlir
All operations visited successfully.
Checking satisfiability of constraints...
Solution: {'%arg0': 1/100}

real	0m0.392s
user	0m7.383s
sys	0m0.064s
----------------------------------------
[Wed Jul 23 09:57:40 UTC 2025] Processing: /home/genesis/0530/predict_online_76.cluster.stablehlo.mlir
All operations visited successfully.
Checking satisfiability of constraints...
Solution: {'%arg0': 1, '%arg1': 1, '%arg2': 1, '%arg3': 1, '%arg4': 1, '%arg5': 1, '%arg6': 1, '%arg7': 1, '%arg8': 1}

real	0m0.415s
user	0m7.406s
sys	0m0.069s
----------------------------------------
[Wed Jul 23 09:57:41 UTC 2025] Processing: /home/genesis/0530/predict_online_77.cluster.stablehlo.mlir
All operations visited successfully.
Checking satisfiability of constraints...
Solution: {'%arg0': 1, '%arg1': 1}

real	0m0.410s
user	0m7.394s
sys	0m0.072s
----------------------------------------
[Wed Jul 23 09:57:41 UTC 2025] Processing: /home/genesis/0530/predict_online_78.cluster.stablehlo.mlir
All operations visited successfully.
Checking satisfiability of constraints...
Solution: {'%arg0': 1/100}

real	0m0.440s
user	0m7.365s
sys	0m0.063s
----------------------------------------
[Wed Jul 23 09:57:42 UTC 2025] Processing: /home/genesis/0530/predict_online_79.cluster.stablehlo.mlir
All operations visited successfully.
Checking satisfiability of constraints...
Solution: {'%arg0': 1, '%arg1': 1}

real	0m0.405s
user	0m7.404s
sys	0m0.060s
----------------------------------------
[Wed Jul 23 09:57:42 UTC 2025] Processing: /home/genesis/0530/predict_online_80.cluster.stablehlo.mlir
All operations visited successfully.
Checking satisfiability of constraints...
Solution: {'%arg0': 1/100}

real	0m0.402s
user	0m7.417s
sys	0m0.040s
----------------------------------------
[Wed Jul 23 09:57:43 UTC 2025] Processing: /home/genesis/0530/predict_online_81.cluster.stablehlo.mlir
All operations visited successfully.
Checking satisfiability of constraints...
Solution: {'%arg0': 1, '%arg1': 1, '%arg2': 1, '%arg3': 1}

real	0m0.417s
user	0m7.398s
sys	0m0.068s
----------------------------------------
[Wed Jul 23 09:57:43 UTC 2025] Processing: /home/genesis/0530/predict_online_82.cluster.stablehlo.mlir
All operations visited successfully.
Checking satisfiability of constraints...
Solution: {'%arg0': 1, '%arg1': 1}

real	0m0.411s
user	0m7.396s
sys	0m0.068s
----------------------------------------
[Wed Jul 23 09:57:43 UTC 2025] Processing: /home/genesis/0530/predict_online_83.cluster.stablehlo.mlir
All operations visited successfully.
Checking satisfiability of constraints...
Solution: {'%arg0': 1/100, '%arg1': 1/100}

real	0m0.401s
user	0m7.417s
sys	0m0.040s
----------------------------------------
[Wed Jul 23 09:57:44 UTC 2025] Processing: /home/genesis/0530/predict_online_84.cluster.stablehlo.mlir
All operations visited successfully.
Checking satisfiability of constraints...
Solution: {'%arg0': 1, '%arg1': 1}

real	0m0.404s
user	0m7.409s
sys	0m0.052s
----------------------------------------
[Wed Jul 23 09:57:44 UTC 2025] Skip missing: /home/genesis/0530/predict_online_85.cluster.stablehlo.mlir
[Wed Jul 23 09:57:44 UTC 2025] Processing: /home/genesis/0530/predict_online_86.cluster.stablehlo.mlir
All operations visited successfully.
Checking satisfiability of constraints...
Solution: {'%arg0': 1, '%arg1': 1, '%arg2': 1}

real	0m0.417s
user	0m7.422s
sys	0m0.052s
----------------------------------------
[Wed Jul 23 09:57:45 UTC 2025] Processing: /home/genesis/0530/predict_online_87.cluster.stablehlo.mlir
All operations visited successfully.
Checking satisfiability of constraints...
Solution: {'%arg0': 1, '%arg1': 1, '%arg2': 1}

real	0m0.402s
user	0m7.346s
sys	0m0.111s
----------------------------------------
[Wed Jul 23 09:57:45 UTC 2025] Processing: /home/genesis/0530/predict_online_88.cluster.stablehlo.mlir
All operations visited successfully.
Checking satisfiability of constraints...
Solution: {'%arg0': 1, '%arg1': 1}

real	0m0.402s
user	0m7.394s
sys	0m0.064s
----------------------------------------
[Wed Jul 23 09:57:45 UTC 2025] Processing: /home/genesis/0530/predict_online_89.cluster.stablehlo.mlir
All operations visited successfully.
Checking satisfiability of constraints...
Solution: {'%arg0': 1/100}

real	0m0.398s
user	0m7.381s
sys	0m0.072s
----------------------------------------
[Wed Jul 23 09:57:46 UTC 2025] Processing: /home/genesis/0530/predict_online_90.cluster.stablehlo.mlir
All operations visited successfully.
Checking satisfiability of constraints...
Solution: {'%arg0': 1, '%arg1': 1, '%arg2': 1, '%arg3': 1}

real	0m0.419s
user	0m7.434s
sys	0m0.036s
----------------------------------------
[Wed Jul 23 09:57:46 UTC 2025] Processing: /home/genesis/0530/predict_online_91.cluster.stablehlo.mlir
All operations visited successfully.
Checking satisfiability of constraints...
Solution: {'%arg0': 1, '%arg1': 1}

real	0m0.396s
user	0m7.382s
sys	0m0.072s
----------------------------------------
[Wed Jul 23 09:57:47 UTC 2025] Processing: /home/genesis/0530/predict_online_92.cluster.stablehlo.mlir
All operations visited successfully.
Checking satisfiability of constraints...
Solution: {'%arg0': 1/100, '%arg1': 1/100}

real	0m0.401s
user	0m7.386s
sys	0m0.072s
----------------------------------------
[Wed Jul 23 09:57:47 UTC 2025] Processing: /home/genesis/0530/predict_online_93.cluster.stablehlo.mlir
All operations visited successfully.
Checking satisfiability of constraints...
Solution: {'%arg0': 1, '%arg1': 1}

real	0m0.398s
user	0m7.403s
sys	0m0.056s
----------------------------------------
[Wed Jul 23 09:57:47 UTC 2025] Skip missing: /home/genesis/0530/predict_online_94.cluster.stablehlo.mlir
[Wed Jul 23 09:57:47 UTC 2025] Processing: /home/genesis/0530/predict_online_95.cluster.stablehlo.mlir
All operations visited successfully.
Checking satisfiability of constraints...
Solution: {'%arg0': 1, '%arg1': 1, '%arg2': 1}

real	0m0.443s
user	0m7.423s
sys	0m0.068s
----------------------------------------
[Wed Jul 23 09:57:48 UTC 2025] Processing: /home/genesis/0530/predict_online_96.cluster.stablehlo.mlir
All operations visited successfully.
Checking satisfiability of constraints...
Solution: {'%arg0': 1, '%arg1': 1, '%arg2': 1}

real	0m0.413s
user	0m7.410s
sys	0m0.060s
----------------------------------------
[Wed Jul 23 09:57:48 UTC 2025] Processing: /home/genesis/0530/predict_online_97.cluster.stablehlo.mlir
All operations visited successfully.
Checking satisfiability of constraints...
Solution: {'%arg0': 1, '%arg1': 1}

real	0m0.410s
user	0m7.415s
sys	0m0.044s
----------------------------------------
[Wed Jul 23 09:57:49 UTC 2025] Processing: /home/genesis/0530/predict_online_98.cluster.stablehlo.mlir
All operations visited successfully.
Checking satisfiability of constraints...
Solution: {'%arg0': 1/100}

real	0m0.392s
user	0m7.411s
sys	0m0.040s
----------------------------------------
[Wed Jul 23 09:57:49 UTC 2025] Processing: /home/genesis/0530/predict_online_99.cluster.stablehlo.mlir
All operations visited successfully.
Checking satisfiability of constraints...
Solution: {'%arg0': 1, '%arg1': 1}

real	0m0.535s
user	0m7.520s
sys	0m0.052s
----------------------------------------
[Wed Jul 23 09:57:50 UTC 2025] Processing: /home/genesis/0530/predict_online_100.cluster.stablehlo.mlir
All operations visited successfully.
Checking satisfiability of constraints...
Solution: {'%arg0': 1/100}

real	0m0.409s
user	0m7.398s
sys	0m0.068s
----------------------------------------
[Wed Jul 23 09:57:50 UTC 2025] Processing: /home/genesis/0530/predict_online_101.cluster.stablehlo.mlir
All operations visited successfully.
Checking satisfiability of constraints...
Solution: {'%arg0': 1, '%arg1': 1}

real	0m0.500s
user	0m7.491s
sys	0m0.060s
----------------------------------------
[Wed Jul 23 09:57:51 UTC 2025] Processing: /home/genesis/0530/predict_online_102.cluster.stablehlo.mlir
All operations visited successfully.
Checking satisfiability of constraints...
Solution: {'%arg0': 1/100}

real	0m0.446s
user	0m7.427s
sys	0m0.072s
----------------------------------------
[Wed Jul 23 09:57:51 UTC 2025] Processing: /home/genesis/0530/predict_online_103.cluster.stablehlo.mlir
All operations visited successfully.
Checking satisfiability of constraints...
Solution: {'%arg0': 1, '%arg1': 1}

real	0m0.454s
user	0m7.465s
sys	0m0.056s
----------------------------------------
[Wed Jul 23 09:57:51 UTC 2025] Processing: /home/genesis/0530/predict_online_104.cluster.stablehlo.mlir
All operations visited successfully.
Checking satisfiability of constraints...
Solution: {'%arg0': 1/100}

real	0m0.446s
user	0m7.444s
sys	0m0.056s
----------------------------------------
[Wed Jul 23 09:57:52 UTC 2025] Processing: /home/genesis/0530/predict_online_105.cluster.stablehlo.mlir
All operations visited successfully.
Checking satisfiability of constraints...
Solution: {'%arg0': 1, '%arg1': 1}

real	0m0.406s
user	0m7.410s
sys	0m0.056s
----------------------------------------
[Wed Jul 23 09:57:52 UTC 2025] Processing: /home/genesis/0530/predict_online_106.cluster.stablehlo.mlir
All operations visited successfully.
Checking satisfiability of constraints...
Solution: {'%arg0': 1/100, '%arg1': 1/100}

real	0m0.415s
user	0m7.337s
sys	0m0.135s
----------------------------------------
[Wed Jul 23 09:57:53 UTC 2025] Processing: /home/genesis/0530/predict_online_107.cluster.stablehlo.mlir
All operations visited successfully.
Checking satisfiability of constraints...
Solution: {'%arg0': 1, '%arg1': 1}

real	0m0.412s
user	0m7.421s
sys	0m0.052s
----------------------------------------
[Wed Jul 23 09:57:53 UTC 2025] Skip missing: /home/genesis/0530/predict_online_108.cluster.stablehlo.mlir
[Wed Jul 23 09:57:53 UTC 2025] Processing: /home/genesis/0530/predict_online_109.cluster.stablehlo.mlir
All operations visited successfully.
Checking satisfiability of constraints...
Solution: {'%arg0': 1, '%arg1': 1, '%arg2': 1}

real	0m0.442s
user	0m7.440s
sys	0m0.048s
----------------------------------------
[Wed Jul 23 09:57:54 UTC 2025] Processing: /home/genesis/0530/predict_online_110.cluster.stablehlo.mlir
All operations visited successfully.
Checking satisfiability of constraints...
Solution: {'%arg0': 1, '%arg1': 1, '%arg2': 1}

real	0m0.423s
user	0m7.421s
sys	0m0.052s
----------------------------------------
[Wed Jul 23 09:57:54 UTC 2025] Processing: /home/genesis/0530/predict_online_111.cluster.stablehlo.mlir
All operations visited successfully.
Checking satisfiability of constraints...
Solution: {'%arg0': 1, '%arg1': 1}

real	0m0.438s
user	0m7.428s
sys	0m0.064s
----------------------------------------
[Wed Jul 23 09:57:55 UTC 2025] Processing: /home/genesis/0530/predict_online_112.cluster.stablehlo.mlir
All operations visited successfully.
Checking satisfiability of constraints...
Solution: {'%arg0': 1/100}

real	0m0.412s
user	0m7.433s
sys	0m0.036s
----------------------------------------
[Wed Jul 23 09:57:55 UTC 2025] Processing: /home/genesis/0530/predict_online_113.cluster.stablehlo.mlir
All operations visited successfully.
Checking satisfiability of constraints...
Solution: {'%arg0': 1, '%arg1': 1, '%arg2': 1, '%arg3': 1}

real	0m0.424s
user	0m7.418s
sys	0m0.044s
----------------------------------------
[Wed Jul 23 09:57:55 UTC 2025] Processing: /home/genesis/0530/predict_online_114.cluster.stablehlo.mlir
All operations visited successfully.
Checking satisfiability of constraints...
Solution: {'%arg0': 1, '%arg1': 1}

real	0m0.408s
user	0m7.422s
sys	0m0.044s
----------------------------------------
[Wed Jul 23 09:57:56 UTC 2025] Processing: /home/genesis/0530/predict_online_115.cluster.stablehlo.mlir
All operations visited successfully.
Checking satisfiability of constraints...
Solution: {'%arg0': 1/100, '%arg1': 1/100}

real	0m0.430s
user	0m7.403s
sys	0m0.084s
----------------------------------------
[Wed Jul 23 09:57:56 UTC 2025] Processing: /home/genesis/0530/predict_online_116.cluster.stablehlo.mlir
All operations visited successfully.
Checking satisfiability of constraints...
Solution: {'%arg0': 1, '%arg1': 1}

real	0m0.405s
user	0m7.396s
sys	0m0.064s
----------------------------------------
[Wed Jul 23 09:57:57 UTC 2025] Skip missing: /home/genesis/0530/predict_online_117.cluster.stablehlo.mlir
[Wed Jul 23 09:57:57 UTC 2025] Processing: /home/genesis/0530/predict_online_118.cluster.stablehlo.mlir
All operations visited successfully.
Checking satisfiability of constraints...
Solution: {'%arg0': 1, '%arg1': 1, '%arg2': 1}

real	0m0.432s
user	0m7.432s
sys	0m0.056s
----------------------------------------
[Wed Jul 23 09:57:57 UTC 2025] Processing: /home/genesis/0530/predict_online_119.cluster.stablehlo.mlir
All operations visited successfully.
Checking satisfiability of constraints...
Solution: {'%arg0': 1, '%arg1': 1, '%arg2': 1}

real	0m0.454s
user	0m7.466s
sys	0m0.052s
----------------------------------------
[Wed Jul 23 09:57:58 UTC 2025] Processing: /home/genesis/0530/predict_online_120.cluster.stablehlo.mlir
All operations visited successfully.
Checking satisfiability of constraints...
Solution: {'%arg0': 1, '%arg1': 1}

real	0m0.405s
user	0m7.392s
sys	0m0.072s
----------------------------------------
[Wed Jul 23 09:57:58 UTC 2025] Processing: /home/genesis/0530/predict_online_121.cluster.stablehlo.mlir
All operations visited successfully.
Checking satisfiability of constraints...
Solution: {'%arg0': 1/100}

real	0m0.433s
user	0m7.430s
sys	0m0.060s
----------------------------------------
[Wed Jul 23 09:57:58 UTC 2025] Processing: /home/genesis/0530/predict_online_122.cluster.stablehlo.mlir
All operations visited successfully.
Checking satisfiability of constraints...
Solution: {'%arg0': 1, '%arg1': 1, '%arg2': 1, '%arg3': 1}

real	0m0.420s
user	0m7.409s
sys	0m0.068s
----------------------------------------
[Wed Jul 23 09:57:59 UTC 2025] Processing: /home/genesis/0530/predict_online_123.cluster.stablehlo.mlir
All operations visited successfully.
Checking satisfiability of constraints...
Solution: {'%arg0': 1, '%arg1': 1}

real	0m0.411s
user	0m7.413s
sys	0m0.056s
----------------------------------------
[Wed Jul 23 09:57:59 UTC 2025] Processing: /home/genesis/0530/predict_online_124.cluster.stablehlo.mlir
All operations visited successfully.
Checking satisfiability of constraints...
Solution: {'%arg0': 1/100, '%arg1': 1/100}

real	0m0.400s
user	0m7.391s
sys	0m0.068s
----------------------------------------
[Wed Jul 23 09:58:00 UTC 2025] Processing: /home/genesis/0530/predict_online_125.cluster.stablehlo.mlir
All operations visited successfully.
Checking satisfiability of constraints...
Solution: {'%arg0': 1, '%arg1': 1}

real	0m0.400s
user	0m7.393s
sys	0m0.068s
----------------------------------------
[Wed Jul 23 09:58:00 UTC 2025] Skip missing: /home/genesis/0530/predict_online_126.cluster.stablehlo.mlir
[Wed Jul 23 09:58:00 UTC 2025] Processing: /home/genesis/0530/predict_online_127.cluster.stablehlo.mlir
All operations visited successfully.
Checking satisfiability of constraints...
Solution: {'%arg0': 1, '%arg1': 1, '%arg2': 1}

real	0m0.416s
user	0m7.414s
sys	0m0.036s
----------------------------------------
[Wed Jul 23 09:58:00 UTC 2025] Processing: /home/genesis/0530/predict_online_128.cluster.stablehlo.mlir
All operations visited successfully.
Checking satisfiability of constraints...
Solution: {'%arg0': 1, '%arg1': 1, '%arg2': 1}

real	0m0.412s
user	0m7.418s
sys	0m0.052s
----------------------------------------
[Wed Jul 23 09:58:01 UTC 2025] Processing: /home/genesis/0530/predict_online_129.cluster.stablehlo.mlir
All operations visited successfully.
Checking satisfiability of constraints...
Solution: {'%arg0': 1, '%arg1': 1}

real	0m0.404s
user	0m7.412s
sys	0m0.048s
----------------------------------------
[Wed Jul 23 09:58:01 UTC 2025] Processing: /home/genesis/0530/predict_online_130.cluster.stablehlo.mlir
All operations visited successfully.
Checking satisfiability of constraints...
Solution: {'%arg0': 1, '%arg1': 1}

real	0m0.410s
user	0m7.404s
sys	0m0.064s
----------------------------------------
[Wed Jul 23 09:58:02 UTC 2025] Processing: /home/genesis/0530/predict_online_131.cluster.stablehlo.mlir
All operations visited successfully.
Checking satisfiability of constraints...
Solution: {'%arg0': 1, '%arg1': 1, '%arg2': 1}

real	0m0.407s
user	0m7.396s
sys	0m0.068s
----------------------------------------
[Wed Jul 23 09:58:02 UTC 2025] Processing: /home/genesis/0530/predict_online_132.cluster.stablehlo.mlir
All operations visited successfully.
Checking satisfiability of constraints...
Solution: {'%arg0': 1, '%arg1': 1, '%arg2': 1}

real	0m0.422s
user	0m7.415s
sys	0m0.060s
----------------------------------------
[Wed Jul 23 09:58:03 UTC 2025] Processing: /home/genesis/0530/predict_online_133.cluster.stablehlo.mlir
All operations visited successfully.
Checking satisfiability of constraints...
Solution: {'%arg0': 1, '%arg1': 1}

real	0m0.417s
user	0m7.429s
sys	0m0.048s
----------------------------------------
[Wed Jul 23 09:58:03 UTC 2025] Skip missing: /home/genesis/0530/predict_online_134.cluster.stablehlo.mlir
[Wed Jul 23 09:58:03 UTC 2025] Processing: /home/genesis/0530/predict_online_135.cluster.stablehlo.mlir
All operations visited successfully.
Checking satisfiability of constraints...
Solution: {'%arg0': 1/100, '%arg1': 1/100}

real	0m0.385s
user	0m7.397s
sys	0m0.044s
----------------------------------------
[Wed Jul 23 09:58:03 UTC 2025] Processing: /home/genesis/0530/predict_online_136.cluster.stablehlo.mlir
All operations visited successfully.
Checking satisfiability of constraints...
Solution: {'%arg0': -9, '%arg1': 1, '%arg2': 1, '%arg3': 1, '%arg4': 1, '%arg5': 1}

real	0m0.432s
user	0m7.436s
sys	0m0.040s
----------------------------------------
[Wed Jul 23 09:58:04 UTC 2025] Processing: /home/genesis/0530/predict_online_137.cluster.stablehlo.mlir
All operations visited successfully.
Checking satisfiability of constraints...
Solution: {'%arg0': -9, '%arg1': 1, '%arg2': 1}

real	0m0.435s
user	0m7.427s
sys	0m0.065s
----------------------------------------
[Wed Jul 23 09:58:04 UTC 2025] Processing: /home/genesis/0530/predict_online_138.cluster.stablehlo.mlir
All operations visited successfully.
Checking satisfiability of constraints...
Solution: {'%arg0': 1, '%arg1': 1, '%arg2': 1, '%arg3': 1, '%arg4': 1, '%arg5': 1}

real	0m0.419s
user	0m7.421s
sys	0m0.056s
----------------------------------------
[Wed Jul 23 09:58:05 UTC 2025] Processing: /home/genesis/0530/predict_online_139.cluster.stablehlo.mlir
All operations visited successfully.
Checking satisfiability of constraints...
Solution: {'%arg0': 1, '%arg1': 1}

real	0m0.411s
user	0m7.411s
sys	0m0.056s
----------------------------------------
[Wed Jul 23 09:58:05 UTC 2025] Skip missing: /home/genesis/0530/predict_online_140.cluster.stablehlo.mlir
[Wed Jul 23 09:58:05 UTC 2025] Processing: /home/genesis/0530/predict_online_141.cluster.stablehlo.mlir
All operations visited successfully.
Checking satisfiability of constraints...
Solution: {'%arg0': 1, '%arg1': 1, '%arg2': 1}

real	0m0.433s
user	0m7.438s
sys	0m0.048s
----------------------------------------
[Wed Jul 23 09:58:05 UTC 2025] Processing: /home/genesis/0530/predict_online_142.cluster.stablehlo.mlir
All operations visited successfully.
Checking satisfiability of constraints...
Solution: {'%arg0': 1, '%arg1': 1, '%arg2': 1}

real	0m0.461s
user	0m7.454s
sys	0m0.064s
----------------------------------------
[Wed Jul 23 09:58:06 UTC 2025] Processing: /home/genesis/0530/predict_online_143.cluster.stablehlo.mlir
All operations visited successfully.
Checking satisfiability of constraints...
Solution: {'%arg0': 1, '%arg1': -9, '%arg2': -2, '%arg3': 3/256, '%arg4': -3, '%arg5': 1, '%arg6': -9, '%arg7': 1, '%arg8': 1, '%arg9': 1/64, '%arg10': 9, '%arg11': 1, '%arg12': 1, '%arg13': 1, '%arg14': 1, '%arg15': 1, '%arg16': 1}

real	0m0.535s
user	0m7.530s
sys	0m0.064s
----------------------------------------
[Wed Jul 23 09:58:06 UTC 2025] Processing: /home/genesis/0530/predict_online_144.cluster.stablehlo.mlir
All operations visited successfully.
Checking satisfiability of constraints...
Solution: {'%arg0': 1, '%arg1': -9, '%arg2': -2, '%arg3': 3/256, '%arg4': -3, '%arg5': 1, '%arg6': -9, '%arg7': 1, '%arg8': 1, '%arg9': 1/64, '%arg10': 9, '%arg11': 1, '%arg12': 1, '%arg13': 1, '%arg14': 1, '%arg15': 1, '%arg16': 1}

real	0m0.519s
user	0m7.538s
sys	0m0.036s
----------------------------------------
[Wed Jul 23 09:58:07 UTC 2025] Processing: /home/genesis/0530/predict_online_145.cluster.stablehlo.mlir
All operations visited successfully.
Checking satisfiability of constraints...
Solution: {'%arg0': 1, '%arg1': 1, '%arg2': 1}

real	0m0.458s
user	0m7.395s
sys	0m0.068s
----------------------------------------
[Wed Jul 23 09:58:07 UTC 2025] Processing: /home/genesis/0530/predict_online_146.cluster.stablehlo.mlir
All operations visited successfully.
Checking satisfiability of constraints...
Solution: {'%arg0': 1, '%arg1': 1}

real	0m0.426s
user	0m7.408s
sys	0m0.076s
----------------------------------------
[Wed Jul 23 09:58:08 UTC 2025] Processing: /home/genesis/0530/predict_online_147.cluster.stablehlo.mlir
All operations visited successfully.
Checking satisfiability of constraints...
Solution: {'%arg0': 1, '%arg1': 1}

real	0m0.432s
user	0m7.431s
sys	0m0.056s
----------------------------------------
[Wed Jul 23 09:58:08 UTC 2025] Processing: /home/genesis/0530/predict_online_148.cluster.stablehlo.mlir
All operations visited successfully.
Checking satisfiability of constraints...
Solution: {'%arg0': 1, '%arg1': 1, '%arg2': 1}

real	0m0.418s
user	0m7.410s
sys	0m0.064s
----------------------------------------
[Wed Jul 23 09:58:09 UTC 2025] Processing: /home/genesis/0530/predict_online_149.cluster.stablehlo.mlir
All operations visited successfully.
Checking satisfiability of constraints...
Solution: {'%arg0': 1, '%arg1': 1}

real	0m0.415s
user	0m7.427s
sys	0m0.044s
----------------------------------------
[Wed Jul 23 09:58:09 UTC 2025] Skip missing: /home/genesis/0530/predict_online_150.cluster.stablehlo.mlir
[Wed Jul 23 09:58:09 UTC 2025] Processing: /home/genesis/0530/predict_online_151.cluster.stablehlo.mlir
All operations visited successfully.
Checking satisfiability of constraints...
Solution: {'%arg0': 1/100}

real	0m0.395s
user	0m7.402s
sys	0m0.052s
----------------------------------------
[Wed Jul 23 09:58:10 UTC 2025] Processing: /home/genesis/0530/predict_online_152.cluster.stablehlo.mlir
All operations visited successfully.
Checking satisfiability of constraints...
Solution: {'%arg0': 1, '%arg1': 1, '%arg2': 1}

real	0m0.404s
user	0m7.403s
sys	0m0.060s
----------------------------------------
[Wed Jul 23 09:58:10 UTC 2025] Processing: /home/genesis/0530/predict_online_153.cluster.stablehlo.mlir
All operations visited successfully.
Checking satisfiability of constraints...
Solution: {'%arg0': 1, '%arg1': 1}

real	0m0.434s
user	0m7.414s
sys	0m0.080s
----------------------------------------
[Wed Jul 23 09:58:10 UTC 2025] Processing: /home/genesis/0530/predict_online_154.cluster.stablehlo.mlir
All operations visited successfully.
Checking satisfiability of constraints...
Solution: {'%arg0': 1, '%arg1': 1}

real	0m0.418s
user	0m7.418s
sys	0m0.060s
----------------------------------------
[Wed Jul 23 09:58:11 UTC 2025] Processing: /home/genesis/0530/predict_online_155.cluster.stablehlo.mlir
All operations visited successfully.
Checking satisfiability of constraints...
Solution: {'%arg0': 1, '%arg1': 1}

real	0m0.447s
user	0m7.429s
sys	0m0.064s
----------------------------------------
[Wed Jul 23 09:58:11 UTC 2025] Skip missing: /home/genesis/0530/predict_online_156.cluster.stablehlo.mlir
[Wed Jul 23 09:58:11 UTC 2025] Processing: /home/genesis/0530/predict_online_157.cluster.stablehlo.mlir
All operations visited successfully.
Checking satisfiability of constraints...
Solution: {'%arg0': 1/100}

real	0m0.464s
user	0m7.440s
sys	0m0.076s
----------------------------------------
[Wed Jul 23 09:58:12 UTC 2025] Processing: /home/genesis/0530/predict_online_158.cluster.stablehlo.mlir
All operations visited successfully.
Checking satisfiability of constraints...
Solution: {'%arg0': 1/100}

real	0m0.444s
user	0m7.452s
sys	0m0.052s
----------------------------------------
[Wed Jul 23 09:58:12 UTC 2025] Processing: /home/genesis/0530/predict_online_159.cluster.stablehlo.mlir
All operations visited successfully.
Checking satisfiability of constraints...
Solution: {'%arg0': 1, '%arg1': -9, '%arg2': 1, '%arg3': 1, '%arg4': 1, '%arg5': 1, '%arg6': 1, '%arg7': 1}

real	0m0.450s
user	0m7.421s
sys	0m0.072s
----------------------------------------
[Wed Jul 23 09:58:13 UTC 2025] Processing: /home/genesis/0530/predict_online_160.cluster.stablehlo.mlir
All operations visited successfully.
Checking satisfiability of constraints...
Solution: {'%arg0': 1, '%arg1': -9, '%arg2': 1, '%arg3': 1, '%arg4': 1, '%arg5': 1, '%arg6': 1, '%arg7': 1}

real	0m0.490s
user	0m7.481s
sys	0m0.060s
----------------------------------------
[Wed Jul 23 09:58:13 UTC 2025] Processing: /home/genesis/0530/predict_online_161.cluster.stablehlo.mlir
All operations visited successfully.
Checking satisfiability of constraints...
Solution: {'%arg0': 1, '%arg1': 1, '%arg2': 1}

real	0m0.498s
user	0m7.484s
sys	0m0.064s
----------------------------------------
==== Completed: 0530_predict_online.log ====
