==== Starting test: 0606_gather.log ====
[Wed Jul 23 09:58:14 UTC 2025] Processing: /home/genesis/0606-gather/predict_online_0.cluster.stablehlo.mlir
All operations visited successfully.
Checking satisfiability of constraints...
Solution: {'%arg0': 1/100, '%arg1': 1/100, '%arg2': -1/100, '%arg3': -1/100, '%arg4': 1/100, '%arg5': 1/100, '%arg6': -1/100, '%arg7': 1/100, '%arg8': -1/100, '%arg9': 9/8, '%arg10': 8/9, '%arg11': -9, '%arg12': 1/81, '%arg13': -9, '%arg14': 1, '%arg15': -9, '%arg16': 1/16, '%arg17': -9, '%arg18': 1/72, '%arg19': -9, '%arg20': 1, '%arg21': 1, '%arg22': 16/81, '%arg23': 1, '%arg24': -80/9, '%arg25': -5, '%arg26': 8/9, '%arg27': 1, '%arg28': -16/9, '%arg29': 1, '%arg30': 1/36, '%arg31': -9, '%arg32': 8/45, '%arg33': -2/5, '%arg34': -80/9, '%arg35': -5, '%arg36': 8/45, '%arg37': 1/10, '%arg38': -2048/11511, '%arg39': 12784/1279, '%arg40': 16/9, '%arg41': 9.2905135696?, '%arg42': 4/9, '%arg43': -9, '%arg44': 8/725, '%arg45': -9, '%arg46': 1/100, '%arg47': -1/100, '%arg48': -1/100, '%arg49': -1/100, '%arg50': 1/18, '%arg51': -9, '%arg52': 64/9, '%arg53': 1, '%arg54': -2, '%arg55': -1/2, '%arg56': -1/81, '%arg57': -4/9, '%arg58': -88/9, '%arg59': 1, '%arg60': -2/99, '%arg61': 1, '%arg62': 1/100, '%arg63': 1/100, '%arg64': -1/100, '%arg65': -1/100, '%arg66': -8/9, '%arg67': 1, '%arg68': -1/100, '%arg69': -1/100, '%arg70': -1/100, '%arg71': -1/100, '%arg72': -1/100, '%arg73': -1/100, '%arg74': -1/100, '%arg75': 1/100, '%arg76': -1/36, '%arg77': 6, '%arg78': 16/15, '%arg79': 1, '%arg80': 4/9, '%arg81': 1, '%arg82': -1/88, '%arg83': 7, '%arg84': 1/3, '%arg85': -9, '%arg86': 8/9, '%arg87': 1, '%arg88': -1/84, '%arg89': 9, '%arg90': -9, '%arg91': -9, '%arg92': -7/180, '%arg93': 1, '%arg94': -1/64, '%arg95': 319/32, '%arg96': -3168/317, '%arg97': -9, '%arg98': -2/9, '%arg99': 6, '%arg100': 1, '%arg101': 1, '%arg102': 1/33, '%arg103': 1, '%arg104': 8/9, '%arg105': 1, '%arg106': -1/84, '%arg107': 9, '%arg108': -9, '%arg109': -9, '%arg110': -2/9, '%arg111': 7, '%arg112': -19/2, '%arg113': 1, '%arg114': 1, '%arg115': -9, '%arg116': 8/405, '%arg117': -9, '%arg118': -1/100, '%arg119': -1/100, '%arg120': -9, '%arg121': -9, '%arg122': 1/9, '%arg123': 1, '%arg124': -1/85, '%arg125': -3, '%arg126': -88/9, '%arg127': 1, '%arg128': -1/100, '%arg129': -1/100, '%arg130': -88/9, '%arg131': -9, '%arg132': -88/9, '%arg133': -9, '%arg134': -1/100, '%arg135': -1/100, '%arg136': -1279/288, '%arg137': -1279/128, '%arg138': -88/9, '%arg139': -9, '%arg140': -1/100, '%arg141': -1/100, '%arg142': -1/36, '%arg143': 79/8, '%arg144': -1/16, '%arg145': 1, '%arg146': -8, '%arg147': -9, '%arg148': -1/100, '%arg149': -1/100, '%arg150': 1/100, '%arg151': -1/100, '%arg152': -88/9, '%arg153': 1, '%arg154': 1/100, '%arg155': -1/100, '%arg156': -1/100, '%arg157': -1/100, '%arg158': 1/100, '%arg159': 80/9, '%arg160': 1, '%arg161': 8/9, '%arg162': -9, '%arg163': -1/100, '%arg164': 1/100, '%arg165': -1/100, '%arg166': 1/100, '%arg167': -4/9, '%arg168': -9, '%arg169': 1/18, '%arg170': -3.7672836638?, '%arg171': 1/100, '%arg172': 1/100, '%arg173': -1/100, '%arg174': -1/100, '%arg175': 64/81, '%arg176': 1, '%arg177': -1/100, '%arg178': 1/100, '%arg179': 1/100, '%arg180': 1/100, '%arg181': -1/81, '%arg182': -7, '%arg183': 11/1024, '%arg184': 784/81, '%arg185': -9/896, '%arg186': 60339/131072, '%arg187': -1/100, '%arg188': -1/100, '%arg189': -1/100, '%arg190': 1/100, '%arg191': 1/100, '%arg192': -1/100, '%arg193': -1/100, '%arg194': -1/100, '%arg195': 3/2, '%arg196': -28/3, '%arg197': -9, '%arg198': -9, '%arg199': -9, '%arg200': -9, '%arg201': -9, '%arg202': 1, '%arg203': 2, '%arg204': -19/2, '%arg205': -9, '%arg206': 1/100, '%arg207': 1/100, '%arg208': 1/4, '%arg209': -19/2, '%arg210': 26/2461, '%arg211': -9, '%arg212': -19/2, '%arg213': 1, '%arg214': -1/100, '%arg215': -1/100, '%arg216': -19/2, '%arg217': -9, '%arg218': -1/100, '%arg219': 1/100, '%arg220': -19/2, '%arg221': 1, '%arg222': 1/100, '%arg223': 1/100, '%arg224': 1/4, '%arg225': -9, '%arg226': 13/1231, '%arg227': -9, '%arg228': -19/2, '%arg229': -9, '%arg230': 1/100, '%arg231': 1/100, '%arg232': 1/2, '%arg233': 1, '%arg234': 25/2481, '%arg235': 1, '%arg236': 1/4, '%arg237': -9, '%arg238': -117/1231, '%arg239': 1, '%arg240': 1/4, '%arg241': -9, '%arg242': 13/1231, '%arg243': 1, '%arg244': -19/2, '%arg245': -9, '%arg246': 1/100, '%arg247': -1/100, '%arg248': 1/4, '%arg249': -9, '%arg250': -117/1231, '%arg251': 1, '%arg252': 1/2, '%arg253': 1, '%arg254': 25/2481, '%arg255': 1, '%arg256': -19/2, '%arg257': -9, '%arg258': -1/100, '%arg259': -1/100, '%arg260': -19/2, '%arg261': -9, '%arg262': -1/100, '%arg263': -1/100, '%arg264': -19/2, '%arg265': -9, '%arg266': -1/100, '%arg267': -1/100, '%arg268': -19/2, '%arg269': -9, '%arg270': -1/100, '%arg271': -1/100, '%arg272': -19/2, '%arg273': -9, '%arg274': -1/100, '%arg275': 1/100, '%arg276': -19/2, '%arg277': 1, '%arg278': -1/100, '%arg279': -1/100, '%arg280': -19/2, '%arg281': -9, '%arg282': -1/100, '%arg283': -1/100, '%arg284': 19/16, '%arg285': 16/19, '%arg286': 1, '%arg287': -49/4864, '%arg288': 5077/512, '%arg289': 4, '%arg290': 1, '%arg291': -468/257, '%arg292': -9, '%arg293': 1/100, '%arg294': -1/100, '%arg295': 1/100, '%arg296': -1/100, '%arg297': 1/8, '%arg298': -9, '%arg299': -1/100, '%arg300': -1/100, '%arg301': 1/100, '%arg302': -1/100, '%arg303': -1/100, '%arg304': 1/100, '%arg305': -8, '%arg306': 1, '%arg307': -1/100, '%arg308': -1/100, '%arg309': 1/100, '%arg310': -1/100, '%arg311': 1/100, '%arg312': -1/100, '%arg313': 1/8, '%arg314': -9, '%arg315': 1/100, '%arg316': -1/100, '%arg317': 1/100, '%arg318': -1/100, '%arg319': 1/100, '%arg320': 1/100, '%arg321': -8, '%arg322': 1, '%arg323': 1/100, '%arg324': -1/100, '%arg325': 1/100, '%arg326': -1/100, '%arg327': 1/100, '%arg328': -1/100, '%arg329': 1/100}

real	1m37.985s
user	1m44.835s
sys	0m0.204s
----------------------------------------
[Wed Jul 23 09:59:52 UTC 2025] Processing: /home/genesis/0606-gather/predict_online_1.cluster.stablehlo.mlir
All operations visited successfully.
Checking satisfiability of constraints...
Solution: {'%arg0': 1, '%arg1': 1, '%arg2': 1, '%arg3': 1, '%arg4': 1}

real	0m0.392s
user	0m7.390s
sys	0m0.061s
----------------------------------------
[Wed Jul 23 09:59:52 UTC 2025] Processing: /home/genesis/0606-gather/predict_online_2.cluster.stablehlo.mlir
All operations visited successfully.
Checking satisfiability of constraints...
Solution: {'%arg0': 1, '%arg1': 1, '%arg2': 1, '%arg3': 1/4, '%arg4': 1}

real	0m0.403s
user	0m7.403s
sys	0m0.056s
----------------------------------------
[Wed Jul 23 09:59:52 UTC 2025] Processing: /home/genesis/0606-gather/predict_online_3.cluster.stablehlo.mlir
All operations visited successfully.
Checking satisfiability of constraints...
Solution: {'%arg0': 1, '%arg1': 1, '%arg2': -9, '%arg3': 1, '%arg4': -9, '%arg5': -9, '%arg6': 1, '%arg7': -9, '%arg8': 1, '%arg9': 1, '%arg10': 1, '%arg11': -9, '%arg12': -9, '%arg13': 1, '%arg14': -9, '%arg15': 1, '%arg16': -9, '%arg17': 1, '%arg18': -9, '%arg19': -9, '%arg20': 1, '%arg21': 1, '%arg22': 1, '%arg23': 1, '%arg24': 1, '%arg25': 1, '%arg26': 1, '%arg27': 1, '%arg28': 1, '%arg29': 1, '%arg30': 1, '%arg31': 1, '%arg32': 1, '%arg33': 1, '%arg34': 1, '%arg35': 1, '%arg36': 1, '%arg37': 1, '%arg38': 1, '%arg39': 1, '%arg40': 1, '%arg41': 1, '%arg42': 1, '%arg43': 1, '%arg44': 1, '%arg45': 1, '%arg46': 1, '%arg47': 1, '%arg48': 1, '%arg49': 1, '%arg50': 1, '%arg51': 1, '%arg52': 1, '%arg53': 1, '%arg54': 1, '%arg55': 1, '%arg56': 1, '%arg57': 1, '%arg58': 1, '%arg59': 1, '%arg60': 1, '%arg61': 1, '%arg62': 1, '%arg63': 1, '%arg64': 1, '%arg65': 1, '%arg66': 1, '%arg67': 1, '%arg68': 1, '%arg69': 1, '%arg70': 1, '%arg71': 1, '%arg72': 1, '%arg73': 1, '%arg74': 1, '%arg75': 1, '%arg76': 1, '%arg77': 1, '%arg78': 1, '%arg79': 1, '%arg80': 1, '%arg81': 1, '%arg82': 1, '%arg83': 1, '%arg84': 1, '%arg85': 1, '%arg86': 1, '%arg87': 1, '%arg88': 1, '%arg89': 1, '%arg90': 1, '%arg91': 1, '%arg92': 1, '%arg93': 1, '%arg94': 1, '%arg95': 1, '%arg96': 1, '%arg97': 1, '%arg98': 1, '%arg99': 1, '%arg100': 1, '%arg101': 1, '%arg102': 1, '%arg103': 1, '%arg104': 1, '%arg105': 1, '%arg106': 1, '%arg107': 1, '%arg108': 1, '%arg109': 1, '%arg110': 1, '%arg111': 1, '%arg112': 1, '%arg113': 1, '%arg114': 1, '%arg115': 1, '%arg116': 1, '%arg117': 1, '%arg118': 1, '%arg119': 1, '%arg120': 1, '%arg121': 1, '%arg122': 1, '%arg123': 1, '%arg124': 1, '%arg125': 1, '%arg126': 1, '%arg127': 1, '%arg128': 1, '%arg129': 1, '%arg130': 1, '%arg131': 1, '%arg132': 1}

real	0m1.136s
user	0m8.132s
sys	0m0.060s
----------------------------------------
[Wed Jul 23 09:59:54 UTC 2025] Processing: /home/genesis/0606-gather/predict_online_4.cluster.stablehlo.mlir
All operations visited successfully.
Checking satisfiability of constraints...
Solution: {'%arg0': -1/100, '%arg1': 1/100, '%arg2': 1/100, '%arg3': 1/100}

real	0m0.443s
user	0m7.452s
sys	0m0.044s
----------------------------------------
[Wed Jul 23 09:59:54 UTC 2025] Processing: /home/genesis/0606-gather/predict_online_5.cluster.stablehlo.mlir
All operations visited successfully.
Checking satisfiability of constraints...
Solution: {'%arg0': -1/100, '%arg1': -1/100, '%arg2': 1/100}

real	0m0.444s
user	0m7.441s
sys	0m0.052s
----------------------------------------
[Wed Jul 23 09:59:54 UTC 2025] Processing: /home/genesis/0606-gather/predict_online_6.cluster.stablehlo.mlir
All operations visited successfully.
Checking satisfiability of constraints...
Solution: {'%arg0': -1/100, '%arg1': 1/100, '%arg2': 1/100, '%arg3': 1/100}

real	0m0.397s
user	0m7.395s
sys	0m0.056s
----------------------------------------
[Wed Jul 23 09:59:55 UTC 2025] Processing: /home/genesis/0606-gather/predict_online_7.cluster.stablehlo.mlir
All operations visited successfully.
Checking satisfiability of constraints...
Solution: {'%arg0': -1/100, '%arg1': 1/100, '%arg2': 1/100, '%arg3': 1/100}

real	0m0.400s
user	0m7.361s
sys	0m0.091s
----------------------------------------
[Wed Jul 23 09:59:55 UTC 2025] Processing: /home/genesis/0606-gather/predict_online_8.cluster.stablehlo.mlir
All operations visited successfully.
Checking satisfiability of constraints...
Solution: {'%arg0': -1/100, '%arg1': 1/100, '%arg2': 1/100, '%arg3': 1/100}

real	0m0.404s
user	0m7.404s
sys	0m0.048s
----------------------------------------
[Wed Jul 23 09:59:56 UTC 2025] Processing: /home/genesis/0606-gather/predict_online_9.cluster.stablehlo.mlir
All operations visited successfully.
Checking satisfiability of constraints...
Solution: {'%arg0': -1/100, '%arg1': 1/100, '%arg2': 1/100, '%arg3': 1/100}

real	0m0.418s
user	0m7.425s
sys	0m0.048s
----------------------------------------
[Wed Jul 23 09:59:56 UTC 2025] Processing: /home/genesis/0606-gather/predict_online_10.cluster.stablehlo.mlir
All operations visited successfully.
Checking satisfiability of constraints...
Solution: {'%arg0': -1/100, '%arg1': 1/100, '%arg2': 1/100, '%arg3': 1/100}

real	0m0.411s
user	0m7.422s
sys	0m0.044s
----------------------------------------
[Wed Jul 23 09:59:57 UTC 2025] Processing: /home/genesis/0606-gather/predict_online_11.cluster.stablehlo.mlir
All operations visited successfully.
Checking satisfiability of constraints...
Solution: {'%arg0': -1/100, '%arg1': 1/100, '%arg2': 1/100, '%arg3': 1/100}

real	0m0.415s
user	0m7.426s
sys	0m0.044s
----------------------------------------
[Wed Jul 23 09:59:57 UTC 2025] Processing: /home/genesis/0606-gather/predict_online_12.cluster.stablehlo.mlir
All operations visited successfully.
Checking satisfiability of constraints...
Solution: {'%arg0': -1/100, '%arg1': 1/100, '%arg2': 1/100, '%arg3': 1/100}

real	0m0.412s
user	0m7.416s
sys	0m0.052s
----------------------------------------
[Wed Jul 23 09:59:57 UTC 2025] Processing: /home/genesis/0606-gather/predict_online_13.cluster.stablehlo.mlir
All operations visited successfully.
Checking satisfiability of constraints...
Solution: {'%arg0': -1/100}

real	0m0.380s
user	0m7.384s
sys	0m0.052s
----------------------------------------
[Wed Jul 23 09:59:58 UTC 2025] Processing: /home/genesis/0606-gather/predict_online_14.cluster.stablehlo.mlir
All operations visited successfully.
Checking satisfiability of constraints...
Solution: {'%arg0': 1/100}

real	0m0.401s
user	0m7.264s
sys	0m0.071s
----------------------------------------
[Wed Jul 23 09:59:58 UTC 2025] Processing: /home/genesis/0606-gather/predict_online_15.cluster.stablehlo.mlir
All operations visited successfully.
Checking satisfiability of constraints...
Solution: {'%arg0': -4, '%arg1': 1, '%arg2': 1, '%arg3': 1, '%arg4': 1, '%arg5': 1}

real	0m0.398s
user	0m7.394s
sys	0m0.060s
----------------------------------------
[Wed Jul 23 09:59:59 UTC 2025] Processing: /home/genesis/0606-gather/predict_online_16.cluster.stablehlo.mlir
All operations visited successfully.
Checking satisfiability of constraints...
Solution: {'%arg0': 1, '%arg1': 1, '%arg2': 1, '%arg3': 1, '%arg4': 1, '%arg5': 1}

real	0m0.450s
user	0m7.426s
sys	0m0.072s
----------------------------------------
[Wed Jul 23 09:59:59 UTC 2025] Processing: /home/genesis/0606-gather/predict_online_17.cluster.stablehlo.mlir
All operations visited successfully.
Checking satisfiability of constraints...
Solution: {'%arg0': 1, '%arg1': 1, '%arg2': 1, '%arg3': 1, '%arg4': 1}

real	0m0.585s
user	0m6.640s
sys	0m0.071s
----------------------------------------
[Wed Jul 23 10:00:00 UTC 2025] Processing: /home/genesis/0606-gather/predict_online_18.cluster.stablehlo.mlir
All operations visited successfully.
Checking satisfiability of constraints...
Solution: {'%arg0': 1, '%arg1': 1, '%arg2': 1, '%arg3': 1/2, '%arg4': 1}

real	0m0.584s
user	0m7.075s
sys	0m0.088s
----------------------------------------
[Wed Jul 23 10:00:00 UTC 2025] Processing: /home/genesis/0606-gather/predict_online_19.cluster.stablehlo.mlir
All operations visited successfully.
Checking satisfiability of constraints...
Solution: {'%arg0': 1, '%arg1': 1, '%arg2': 1, '%arg3': 1, '%arg4': 1, '%arg5': 1, '%arg6': 1}

real	0m0.460s
user	0m7.476s
sys	0m0.040s
----------------------------------------
[Wed Jul 23 10:00:01 UTC 2025] Processing: /home/genesis/0606-gather/predict_online_20.cluster.stablehlo.mlir
All operations visited successfully.
Checking satisfiability of constraints...
Solution: {'%arg0': 1, '%arg1': -9, '%arg2': 1, '%arg3': 1, '%arg4': 1, '%arg5': 1, '%arg6': 1, '%arg7': 1, '%arg8': 1, '%arg9': 1, '%arg10': 0}

real	0m0.411s
user	0m7.436s
sys	0m0.060s
----------------------------------------
[Wed Jul 23 10:00:01 UTC 2025] Processing: /home/genesis/0606-gather/predict_online_21.cluster.stablehlo.mlir
All operations visited successfully.
Checking satisfiability of constraints...
Solution: {'%arg0': 1, '%arg1': 1, '%arg2': 1, '%arg3': 1/2, '%arg4': 1, '%arg5': 1, '%arg6': 1, '%arg7': 1, '%arg8': 1, '%arg9': 1, '%arg10': 1, '%arg11': 1/32, '%arg12': 1}

real	0m0.416s
user	0m7.416s
sys	0m0.060s
----------------------------------------
[Wed Jul 23 10:00:02 UTC 2025] Processing: /home/genesis/0606-gather/predict_online_22.cluster.stablehlo.mlir
All operations visited successfully.
Checking satisfiability of constraints...
Solution: {'%arg0': 1, '%arg1': 1, '%arg2': 1, '%arg3': 1/2, '%arg4': 1, '%arg5': 1, '%arg6': 1, '%arg7': 1, '%arg8': 1, '%arg9': -9, '%arg10': 1, '%arg11': 1/32, '%arg12': 1, '%arg13': 1/32, '%arg14': 1}

real	0m0.451s
user	0m7.216s
sys	0m0.047s
----------------------------------------
[Wed Jul 23 10:00:02 UTC 2025] Processing: /home/genesis/0606-gather/predict_online_23.cluster.stablehlo.mlir
All operations visited successfully.
Checking satisfiability of constraints...
Solution: {'%arg0': 1, '%arg1': 1, '%arg2': 1, '%arg3': 1, '%arg4': 1, '%arg5': 1, '%arg6': 0}

real	0m0.389s
user	0m7.390s
sys	0m0.056s
----------------------------------------
[Wed Jul 23 10:00:02 UTC 2025] Processing: /home/genesis/0606-gather/predict_online_24.cluster.stablehlo.mlir
All operations visited successfully.
Checking satisfiability of constraints...
Solution: {'%arg0': 1, '%arg1': 1, '%arg2': 1, '%arg3': 1/2, '%arg4': 1, '%arg5': 1, '%arg6': 1, '%arg7': 1, '%arg8': 1, '%arg9': 1, '%arg10': 1, '%arg11': 1/32, '%arg12': 1}

real	0m0.536s
user	0m7.516s
sys	0m0.060s
----------------------------------------
[Wed Jul 23 10:00:03 UTC 2025] Processing: /home/genesis/0606-gather/predict_online_25.cluster.stablehlo.mlir
All operations visited successfully.
Checking satisfiability of constraints...
Solution: {'%arg0': 1, '%arg1': 1, '%arg2': 1, '%arg3': 1/2, '%arg4': 1, '%arg5': 1, '%arg6': 1, '%arg7': 1, '%arg8': 1, '%arg9': 1, '%arg10': 1, '%arg11': 1/32, '%arg12': 1}

real	0m0.569s
user	0m6.779s
sys	0m0.100s
----------------------------------------
[Wed Jul 23 10:00:03 UTC 2025] Processing: /home/genesis/0606-gather/predict_online_26.cluster.stablehlo.mlir
All operations visited successfully.
Checking satisfiability of constraints...
Solution: {'%arg0': 1, '%arg1': 1, '%arg2': 1, '%arg3': 1/2, '%arg4': 1, '%arg5': 1, '%arg6': 1, '%arg7': 1, '%arg8': 1, '%arg9': -9, '%arg10': 1, '%arg11': 1/32, '%arg12': 1, '%arg13': 1/32, '%arg14': 1}

real	0m0.557s
user	0m6.837s
sys	0m0.087s
----------------------------------------
[Wed Jul 23 10:00:04 UTC 2025] Processing: /home/genesis/0606-gather/predict_online_27.cluster.stablehlo.mlir
All operations visited successfully.
Checking satisfiability of constraints...
Solution: {'%arg0': 1, '%arg1': 1, '%arg2': 1, '%arg3': 1/2, '%arg4': 1, '%arg5': 1, '%arg6': 1, '%arg7': 1, '%arg8': 1, '%arg9': 1, '%arg10': 1, '%arg11': 1/32, '%arg12': 1}

real	0m0.491s
user	0m7.495s
sys	0m0.048s
----------------------------------------
[Wed Jul 23 10:00:05 UTC 2025] Processing: /home/genesis/0606-gather/predict_online_28.cluster.stablehlo.mlir
All operations visited successfully.
Checking satisfiability of constraints...
Solution: {'%arg0': 1, '%arg1': 1, '%arg2': 0, '%arg3': 1, '%arg4': -159/16, '%arg5': -1/2, '%arg6': -9, '%arg7': -1/64, '%arg8': -1, '%arg9': -32767/4096, '%arg10': -39/4, '%arg11': -9, '%arg12': 1, '%arg13': 1, '%arg14': 1}

real	0m0.424s
user	0m7.427s
sys	0m0.052s
----------------------------------------
[Wed Jul 23 10:00:05 UTC 2025] Processing: /home/genesis/0606-gather/predict_online_29.cluster.stablehlo.mlir
All operations visited successfully.
Checking satisfiability of constraints...
Solution: {'%arg0': 1, '%arg1': 1, '%arg2': 0, '%arg3': 1, '%arg4': -159/16, '%arg5': -1/2, '%arg6': -9, '%arg7': -1/64, '%arg8': -1, '%arg9': -32767/4096, '%arg10': -39/4, '%arg11': -9, '%arg12': 1, '%arg13': 1, '%arg14': 1}

real	0m0.441s
user	0m7.425s
sys	0m0.072s
----------------------------------------
[Wed Jul 23 10:00:05 UTC 2025] Processing: /home/genesis/0606-gather/predict_online_30.cluster.stablehlo.mlir
All operations visited successfully.
Checking satisfiability of constraints...
Solution: {'%arg0': -9, '%arg1': -9, '%arg2': -9, '%arg3': 0, '%arg4': -9, '%arg5': -9, '%arg6': 1, '%arg7': 1, '%arg8': -9, '%arg9': 1, '%arg10': -9, '%arg11': 1, '%arg12': 1, '%arg13': 1, '%arg14': 1, '%arg15': 1, '%arg16': 1, '%arg17': 1/64, '%arg18': -7, '%arg19': 1, '%arg20': 1, '%arg21': 1, '%arg22': -7, '%arg23': 1, '%arg24': -9, '%arg25': 1, '%arg26': 1, '%arg27': 1, '%arg28': 1, '%arg29': 1, '%arg30': 1, '%arg31': 0, '%arg32': 1, '%arg33': 0, '%arg34': 1, '%arg35': 1, '%arg36': 1, '%arg37': 1, '%arg38': 0}

real	0m0.512s
user	0m7.515s
sys	0m0.052s
----------------------------------------
[Wed Jul 23 10:00:06 UTC 2025] Processing: /home/genesis/0606-gather/predict_online_31.cluster.stablehlo.mlir
All operations visited successfully.
Checking satisfiability of constraints...
Solution: {'%arg0': 1, '%arg1': -9, '%arg2': 1, '%arg3': 1, '%arg4': -9, '%arg5': 0, '%arg6': -9, '%arg7': 1, '%arg8': 1, '%arg9': 1/64, '%arg10': 1, '%arg11': -7, '%arg12': 1, '%arg13': 1, '%arg14': 1, '%arg15': 1}

real	0m0.425s
user	0m7.311s
sys	0m0.170s
----------------------------------------
[Wed Jul 23 10:00:06 UTC 2025] Processing: /home/genesis/0606-gather/predict_online_32.cluster.stablehlo.mlir
All operations visited successfully.
Checking satisfiability of constraints...
Solution: {'%arg0': 1, '%arg1': 1, '%arg2': 1, '%arg3': 1, '%arg4': 1, '%arg5': 1/4, '%arg6': 1, '%arg7': 1, '%arg8': 1, '%arg9': 1/4, '%arg10': 1}

real	0m0.416s
user	0m7.419s
sys	0m0.053s
----------------------------------------
[Wed Jul 23 10:00:07 UTC 2025] Processing: /home/genesis/0606-gather/predict_online_33.cluster.stablehlo.mlir
All operations visited successfully.
Checking satisfiability of constraints...
Solution: {'%arg0': 1, '%arg1': 1, '%arg2': 1, '%arg3': 1, '%arg4': 1, '%arg5': 1, '%arg6': 1, '%arg7': 1, '%arg8': 1}

real	0m0.417s
user	0m7.401s
sys	0m0.072s
----------------------------------------
[Wed Jul 23 10:00:07 UTC 2025] Processing: /home/genesis/0606-gather/predict_online_34.cluster.stablehlo.mlir
All operations visited successfully.
Checking satisfiability of constraints...
Solution: {'%arg0': 1, '%arg1': 1}

real	0m0.420s
user	0m7.409s
sys	0m0.068s
----------------------------------------
[Wed Jul 23 10:00:08 UTC 2025] Processing: /home/genesis/0606-gather/predict_online_35.cluster.stablehlo.mlir
All operations visited successfully.
Checking satisfiability of constraints...
Solution: {'%arg0': 1, '%arg1': 1}

real	0m0.443s
user	0m7.429s
sys	0m0.064s
----------------------------------------
[Wed Jul 23 10:00:08 UTC 2025] Processing: /home/genesis/0606-gather/predict_online_36.cluster.stablehlo.mlir
All operations visited successfully.
Checking satisfiability of constraints...
Solution: {'%arg0': 1, '%arg1': 1, '%arg2': 1, '%arg3': 1}

real	0m0.441s
user	0m7.235s
sys	0m0.044s
----------------------------------------
[Wed Jul 23 10:00:09 UTC 2025] Processing: /home/genesis/0606-gather/predict_online_37.cluster.stablehlo.mlir
All operations visited successfully.
Checking satisfiability of constraints...
Solution: {'%arg0': 1, '%arg1': 1}

real	0m0.386s
user	0m7.382s
sys	0m0.060s
----------------------------------------
[Wed Jul 23 10:00:09 UTC 2025] Processing: /home/genesis/0606-gather/predict_online_38.cluster.stablehlo.mlir
All operations visited successfully.
Checking satisfiability of constraints...
Solution: {'%arg0': 1/100}

real	0m0.381s
user	0m7.263s
sys	0m0.047s
----------------------------------------
[Wed Jul 23 10:00:09 UTC 2025] Processing: /home/genesis/0606-gather/predict_online_39.cluster.stablehlo.mlir
All operations visited successfully.
Checking satisfiability of constraints...
Solution: {'%arg0': 1, '%arg1': 1, '%arg2': 1}

real	0m0.422s
user	0m7.105s
sys	0m0.055s
----------------------------------------
[Wed Jul 23 10:00:10 UTC 2025] Processing: /home/genesis/0606-gather/predict_online_40.cluster.stablehlo.mlir
All operations visited successfully.
Checking satisfiability of constraints...
Solution: {'%arg0': 1, '%arg1': 1, '%arg2': 1}

real	0m0.431s
user	0m7.420s
sys	0m0.068s
----------------------------------------
[Wed Jul 23 10:00:10 UTC 2025] Processing: /home/genesis/0606-gather/predict_online_41.cluster.stablehlo.mlir
All operations visited successfully.
Checking satisfiability of constraints...
Solution: {'%arg0': 1, '%arg1': 1}

real	0m0.404s
user	0m7.388s
sys	0m0.072s
----------------------------------------
[Wed Jul 23 10:00:11 UTC 2025] Processing: /home/genesis/0606-gather/predict_online_42.cluster.stablehlo.mlir
All operations visited successfully.
Checking satisfiability of constraints...
Solution: {'%arg0': 1, '%arg1': 1, '%arg2': 1, '%arg3': 1}

real	0m0.411s
user	0m7.381s
sys	0m0.084s
----------------------------------------
[Wed Jul 23 10:00:11 UTC 2025] Processing: /home/genesis/0606-gather/predict_online_43.cluster.stablehlo.mlir
All operations visited successfully.
Checking satisfiability of constraints...
Solution: {'%arg0': 1, '%arg1': 1}

real	0m0.400s
user	0m7.419s
sys	0m0.036s
----------------------------------------
[Wed Jul 23 10:00:11 UTC 2025] Processing: /home/genesis/0606-gather/predict_online_44.cluster.stablehlo.mlir
All operations visited successfully.
Checking satisfiability of constraints...
Solution: {'%arg0': 1/100}

real	0m0.397s
user	0m7.377s
sys	0m0.060s
----------------------------------------
[Wed Jul 23 10:00:12 UTC 2025] Processing: /home/genesis/0606-gather/predict_online_45.cluster.stablehlo.mlir
All operations visited successfully.
Checking satisfiability of constraints...
Solution: {'%arg0': 1, '%arg1': 1, '%arg2': 1}

real	0m0.418s
user	0m7.409s
sys	0m0.064s
----------------------------------------
[Wed Jul 23 10:00:12 UTC 2025] Processing: /home/genesis/0606-gather/predict_online_46.cluster.stablehlo.mlir
All operations visited successfully.
Checking satisfiability of constraints...
Solution: {'%arg0': 1, '%arg1': 1, '%arg2': 1}

real	0m0.427s
user	0m7.430s
sys	0m0.052s
----------------------------------------
[Wed Jul 23 10:00:13 UTC 2025] Processing: /home/genesis/0606-gather/predict_online_47.cluster.stablehlo.mlir
All operations visited successfully.
Checking satisfiability of constraints...
Solution: {'%arg0': 1, '%arg1': 1}

real	0m0.407s
user	0m7.426s
sys	0m0.036s
----------------------------------------
[Wed Jul 23 10:00:13 UTC 2025] Processing: /home/genesis/0606-gather/predict_online_48.cluster.stablehlo.mlir
All operations visited successfully.
Checking satisfiability of constraints...
Solution: {'%arg0': 1, '%arg1': 1}

real	0m0.396s
user	0m7.403s
sys	0m0.052s
----------------------------------------
[Wed Jul 23 10:00:13 UTC 2025] Processing: /home/genesis/0606-gather/predict_online_49.cluster.stablehlo.mlir
All operations visited successfully.
Checking satisfiability of constraints...
Solution: {'%arg0': 1, '%arg1': 1}

real	0m0.405s
user	0m7.399s
sys	0m0.064s
----------------------------------------
[Wed Jul 23 10:00:14 UTC 2025] Processing: /home/genesis/0606-gather/predict_online_50.cluster.stablehlo.mlir
All operations visited successfully.
Checking satisfiability of constraints...
Solution: {'%arg0': 1, '%arg1': 1}

real	0m0.423s
user	0m7.448s
sys	0m0.048s
----------------------------------------
[Wed Jul 23 10:00:14 UTC 2025] Processing: /home/genesis/0606-gather/predict_online_51.cluster.stablehlo.mlir
All operations visited successfully.
Checking satisfiability of constraints...
Solution: {'%arg0': 1, '%arg1': 1}

real	0m0.395s
user	0m7.390s
sys	0m0.064s
----------------------------------------
[Wed Jul 23 10:00:15 UTC 2025] Processing: /home/genesis/0606-gather/predict_online_52.cluster.stablehlo.mlir
All operations visited successfully.
Checking satisfiability of constraints...
Solution: {'%arg0': 1/100}

real	0m0.411s
user	0m7.430s
sys	0m0.040s
----------------------------------------
[Wed Jul 23 10:00:15 UTC 2025] Processing: /home/genesis/0606-gather/predict_online_53.cluster.stablehlo.mlir
All operations visited successfully.
Checking satisfiability of constraints...
Solution: {'%arg0': 1, '%arg1': 1, '%arg2': 1}

real	0m0.426s
user	0m7.209s
sys	0m0.067s
----------------------------------------
[Wed Jul 23 10:00:16 UTC 2025] Processing: /home/genesis/0606-gather/predict_online_54.cluster.stablehlo.mlir
All operations visited successfully.
Checking satisfiability of constraints...
Solution: {'%arg0': 1, '%arg1': 1, '%arg2': 1}

real	0m0.395s
user	0m7.396s
sys	0m0.036s
----------------------------------------
[Wed Jul 23 10:00:16 UTC 2025] Processing: /home/genesis/0606-gather/predict_online_55.cluster.stablehlo.mlir
All operations visited successfully.
Checking satisfiability of constraints...
Solution: {'%arg0': 1, '%arg1': 1}

real	0m0.401s
user	0m7.407s
sys	0m0.052s
----------------------------------------
[Wed Jul 23 10:00:16 UTC 2025] Processing: /home/genesis/0606-gather/predict_online_56.cluster.stablehlo.mlir
All operations visited successfully.
Checking satisfiability of constraints...
Solution: {'%arg0': 1, '%arg1': 1, '%arg2': 1, '%arg3': 1}

real	0m0.417s
user	0m7.424s
sys	0m0.048s
----------------------------------------
[Wed Jul 23 10:00:17 UTC 2025] Processing: /home/genesis/0606-gather/predict_online_57.cluster.stablehlo.mlir
All operations visited successfully.
Checking satisfiability of constraints...
Solution: {'%arg0': 1, '%arg1': 1}

real	0m0.436s
user	0m7.415s
sys	0m0.048s
----------------------------------------
[Wed Jul 23 10:00:17 UTC 2025] Processing: /home/genesis/0606-gather/predict_online_58.cluster.stablehlo.mlir
All operations visited successfully.
Checking satisfiability of constraints...
Solution: {'%arg0': 1/100}

real	0m0.396s
user	0m7.392s
sys	0m0.060s
----------------------------------------
[Wed Jul 23 10:00:18 UTC 2025] Processing: /home/genesis/0606-gather/predict_online_59.cluster.stablehlo.mlir
All operations visited successfully.
Checking satisfiability of constraints...
Solution: {'%arg0': 1, '%arg1': 1, '%arg2': 1}

real	0m0.489s
user	0m7.454s
sys	0m0.044s
----------------------------------------
[Wed Jul 23 10:00:18 UTC 2025] Processing: /home/genesis/0606-gather/predict_online_60.cluster.stablehlo.mlir
All operations visited successfully.
Checking satisfiability of constraints...
Solution: {'%arg0': 1, '%arg1': 1, '%arg2': 1}

real	0m0.411s
user	0m7.412s
sys	0m0.052s
----------------------------------------
[Wed Jul 23 10:00:18 UTC 2025] Processing: /home/genesis/0606-gather/predict_online_61.cluster.stablehlo.mlir
All operations visited successfully.
Checking satisfiability of constraints...
Solution: {'%arg0': 1, '%arg1': 1}

real	0m0.412s
user	0m7.413s
sys	0m0.056s
----------------------------------------
[Wed Jul 23 10:00:19 UTC 2025] Processing: /home/genesis/0606-gather/predict_online_62.cluster.stablehlo.mlir
All operations visited successfully.
Checking satisfiability of constraints...
Solution: {'%arg0': 1, '%arg1': 1, '%arg2': 1, '%arg3': 1}

real	0m0.424s
user	0m7.424s
sys	0m0.056s
----------------------------------------
[Wed Jul 23 10:00:19 UTC 2025] Processing: /home/genesis/0606-gather/predict_online_63.cluster.stablehlo.mlir
All operations visited successfully.
Checking satisfiability of constraints...
Solution: {'%arg0': 1, '%arg1': 1}

real	0m0.411s
user	0m7.368s
sys	0m0.100s
----------------------------------------
[Wed Jul 23 10:00:20 UTC 2025] Processing: /home/genesis/0606-gather/predict_online_64.cluster.stablehlo.mlir
All operations visited successfully.
Checking satisfiability of constraints...
Solution: {'%arg0': 1/100}

real	0m0.396s
user	0m7.393s
sys	0m0.052s
----------------------------------------
[Wed Jul 23 10:00:20 UTC 2025] Processing: /home/genesis/0606-gather/predict_online_65.cluster.stablehlo.mlir
All operations visited successfully.
Checking satisfiability of constraints...
Solution: {'%arg0': 1, '%arg1': 1, '%arg2': 1}

real	0m0.391s
user	0m7.399s
sys	0m0.048s
----------------------------------------
[Wed Jul 23 10:00:21 UTC 2025] Processing: /home/genesis/0606-gather/predict_online_66.cluster.stablehlo.mlir
All operations visited successfully.
Checking satisfiability of constraints...
Solution: {'%arg0': 1, '%arg1': 1, '%arg2': 1}

real	0m0.387s
user	0m7.364s
sys	0m0.080s
----------------------------------------
[Wed Jul 23 10:00:21 UTC 2025] Processing: /home/genesis/0606-gather/predict_online_67.cluster.stablehlo.mlir
All operations visited successfully.
Checking satisfiability of constraints...
Solution: {'%arg0': 1, '%arg1': 1}

real	0m0.415s
user	0m7.264s
sys	0m0.205s
----------------------------------------
[Wed Jul 23 10:00:21 UTC 2025] Processing: /home/genesis/0606-gather/predict_online_68.cluster.stablehlo.mlir
All operations visited successfully.
Checking satisfiability of constraints...
Solution: {'%arg0': 1, '%arg1': 1, '%arg2': 1, '%arg3': 1}

real	0m0.412s
user	0m7.398s
sys	0m0.068s
----------------------------------------
[Wed Jul 23 10:00:22 UTC 2025] Processing: /home/genesis/0606-gather/predict_online_69.cluster.stablehlo.mlir
All operations visited successfully.
Checking satisfiability of constraints...
Solution: {'%arg0': 1, '%arg1': 1}

real	0m0.390s
user	0m7.397s
sys	0m0.048s
----------------------------------------
[Wed Jul 23 10:00:22 UTC 2025] Processing: /home/genesis/0606-gather/predict_online_70.cluster.stablehlo.mlir
All operations visited successfully.
Checking satisfiability of constraints...
Solution: {'%arg0': 1/100}

real	0m0.381s
user	0m7.367s
sys	0m0.072s
----------------------------------------
[Wed Jul 23 10:00:23 UTC 2025] Processing: /home/genesis/0606-gather/predict_online_71.cluster.stablehlo.mlir
All operations visited successfully.
Checking satisfiability of constraints...
Solution: {'%arg0': 1, '%arg1': 1, '%arg2': 1}

real	0m0.489s
user	0m7.474s
sys	0m0.072s
----------------------------------------
[Wed Jul 23 10:00:23 UTC 2025] Processing: /home/genesis/0606-gather/predict_online_72.cluster.stablehlo.mlir
All operations visited successfully.
Checking satisfiability of constraints...
Solution: {'%arg0': 1, '%arg1': 1, '%arg2': 1}

real	0m0.367s
user	0m7.363s
sys	0m0.064s
----------------------------------------
[Wed Jul 23 10:00:23 UTC 2025] Processing: /home/genesis/0606-gather/predict_online_73.cluster.stablehlo.mlir
All operations visited successfully.
Checking satisfiability of constraints...
Solution: {'%arg0': 1, '%arg1': 1}

real	0m0.379s
user	0m7.392s
sys	0m0.048s
----------------------------------------
[Wed Jul 23 10:00:24 UTC 2025] Processing: /home/genesis/0606-gather/predict_online_74.cluster.stablehlo.mlir
All operations visited successfully.
Checking satisfiability of constraints...
Solution: {'%arg0': 1, '%arg1': 1, '%arg2': 1, '%arg3': 1}

real	0m0.397s
user	0m7.402s
sys	0m0.052s
----------------------------------------
[Wed Jul 23 10:00:24 UTC 2025] Processing: /home/genesis/0606-gather/predict_online_75.cluster.stablehlo.mlir
All operations visited successfully.
Checking satisfiability of constraints...
Solution: {'%arg0': 1, '%arg1': 1}

real	0m0.416s
user	0m7.375s
sys	0m0.081s
----------------------------------------
[Wed Jul 23 10:00:25 UTC 2025] Processing: /home/genesis/0606-gather/predict_online_76.cluster.stablehlo.mlir
All operations visited successfully.
Checking satisfiability of constraints...
Solution: {'%arg0': 1/100}

real	0m0.453s
user	0m7.425s
sys	0m0.080s
----------------------------------------
[Wed Jul 23 10:00:25 UTC 2025] Processing: /home/genesis/0606-gather/predict_online_77.cluster.stablehlo.mlir
All operations visited successfully.
Checking satisfiability of constraints...
Solution: {'%arg0': 1, '%arg1': 1, '%arg2': 1}

real	0m0.392s
user	0m7.393s
sys	0m0.056s
----------------------------------------
[Wed Jul 23 10:00:25 UTC 2025] Processing: /home/genesis/0606-gather/predict_online_78.cluster.stablehlo.mlir
All operations visited successfully.
Checking satisfiability of constraints...
Solution: {'%arg0': 1, '%arg1': 1, '%arg2': 1}

real	0m0.389s
user	0m7.404s
sys	0m0.044s
----------------------------------------
[Wed Jul 23 10:00:26 UTC 2025] Processing: /home/genesis/0606-gather/predict_online_79.cluster.stablehlo.mlir
All operations visited successfully.
Checking satisfiability of constraints...
Solution: {'%arg0': 1, '%arg1': 1}

real	0m0.444s
user	0m7.448s
sys	0m0.052s
----------------------------------------
[Wed Jul 23 10:00:26 UTC 2025] Processing: /home/genesis/0606-gather/predict_online_80.cluster.stablehlo.mlir
All operations visited successfully.
Checking satisfiability of constraints...
Solution: {'%arg0': 1, '%arg1': 1, '%arg2': 1, '%arg3': 1, '%arg4': 1, '%arg5': 1, '%arg6': 1}

real	0m0.394s
user	0m7.387s
sys	0m0.060s
----------------------------------------
[Wed Jul 23 10:00:27 UTC 2025] Processing: /home/genesis/0606-gather/predict_online_81.cluster.stablehlo.mlir
All operations visited successfully.
Checking satisfiability of constraints...
Solution: {'%arg0': -9, '%arg1': 1, '%arg2': 1, '%arg3': 1, '%arg4': 1, '%arg5': 1, '%arg6': 1}

real	0m0.406s
user	0m7.412s
sys	0m0.052s
----------------------------------------
[Wed Jul 23 10:00:27 UTC 2025] Processing: /home/genesis/0606-gather/predict_online_82.cluster.stablehlo.mlir
All operations visited successfully.
Checking satisfiability of constraints...
Solution: {'%arg0': 1, '%arg1': 1, '%arg2': 1, '%arg3': 1, '%arg4': 1, '%arg5': 1}

real	0m0.402s
user	0m7.401s
sys	0m0.060s
----------------------------------------
[Wed Jul 23 10:00:28 UTC 2025] Processing: /home/genesis/0606-gather/predict_online_83.cluster.stablehlo.mlir
All operations visited successfully.
Checking satisfiability of constraints...
Solution: {'%arg0': -9, '%arg1': 1, '%arg2': 1}

real	0m0.401s
user	0m7.407s
sys	0m0.052s
----------------------------------------
[Wed Jul 23 10:00:28 UTC 2025] Processing: /home/genesis/0606-gather/predict_online_84.cluster.stablehlo.mlir
All operations visited successfully.
Checking satisfiability of constraints...
Solution: {'%arg0': -9, '%arg1': 1, '%arg2': 1, '%arg3': 1, '%arg4': 1, '%arg5': 1, '%arg6': 1, '%arg7': 1}

real	0m0.419s
user	0m7.434s
sys	0m0.036s
----------------------------------------
[Wed Jul 23 10:00:28 UTC 2025] Processing: /home/genesis/0606-gather/predict_online_85.cluster.stablehlo.mlir
All operations visited successfully.
Checking satisfiability of constraints...
Solution: {'%arg0': 1, '%arg1': 1}

real	0m0.404s
user	0m7.393s
sys	0m0.064s
----------------------------------------
[Wed Jul 23 10:00:29 UTC 2025] Processing: /home/genesis/0606-gather/predict_online_86.cluster.stablehlo.mlir
All operations visited successfully.
Checking satisfiability of constraints...
Solution: {'%arg0': 1/100}

real	0m0.408s
user	0m7.316s
sys	0m0.146s
----------------------------------------
[Wed Jul 23 10:00:29 UTC 2025] Processing: /home/genesis/0606-gather/predict_online_87.cluster.stablehlo.mlir
All operations visited successfully.
Checking satisfiability of constraints...
Solution: {'%arg0': 1, '%arg1': 1, '%arg2': 1}

real	0m0.389s
user	0m7.288s
sys	0m0.158s
----------------------------------------
[Wed Jul 23 10:00:30 UTC 2025] Processing: /home/genesis/0606-gather/predict_online_88.cluster.stablehlo.mlir
All operations visited successfully.
Checking satisfiability of constraints...
Solution: {'%arg0': 1, '%arg1': 1, '%arg2': 1}

real	0m0.394s
user	0m7.394s
sys	0m0.060s
----------------------------------------
[Wed Jul 23 10:00:30 UTC 2025] Processing: /home/genesis/0606-gather/predict_online_89.cluster.stablehlo.mlir
All operations visited successfully.
Checking satisfiability of constraints...
Solution: {'%arg0': 1, '%arg1': 1, '%arg2': 1, '%arg3': 1}

real	0m0.395s
user	0m7.399s
sys	0m0.056s
----------------------------------------
[Wed Jul 23 10:00:30 UTC 2025] Processing: /home/genesis/0606-gather/predict_online_90.cluster.stablehlo.mlir
All operations visited successfully.
Checking satisfiability of constraints...
Solution: {'%arg0': 1, '%arg1': 1}

real	0m0.392s
user	0m7.403s
sys	0m0.048s
----------------------------------------
[Wed Jul 23 10:00:31 UTC 2025] Processing: /home/genesis/0606-gather/predict_online_91.cluster.stablehlo.mlir
All operations visited successfully.
Checking satisfiability of constraints...
Solution: {'%arg0': 1, '%arg1': 1, '%arg2': 1, '%arg3': 1, '%arg4': 1, '%arg5': 1}

real	0m0.409s
user	0m7.427s
sys	0m0.041s
----------------------------------------
[Wed Jul 23 10:00:31 UTC 2025] Processing: /home/genesis/0606-gather/predict_online_92.cluster.stablehlo.mlir
All operations visited successfully.
Checking satisfiability of constraints...
Solution: {'%arg0': 1, '%arg1': 1}

real	0m0.385s
user	0m7.381s
sys	0m0.060s
----------------------------------------
[Wed Jul 23 10:00:32 UTC 2025] Processing: /home/genesis/0606-gather/predict_online_93.cluster.stablehlo.mlir
All operations visited successfully.
Checking satisfiability of constraints...
Solution: {'%arg0': 1/100}

real	0m0.441s
user	0m7.444s
sys	0m0.052s
----------------------------------------
[Wed Jul 23 10:00:32 UTC 2025] Processing: /home/genesis/0606-gather/predict_online_94.cluster.stablehlo.mlir
All operations visited successfully.
Checking satisfiability of constraints...
Solution: {'%arg0': 1, '%arg1': 1, '%arg2': 1}

real	0m0.384s
user	0m7.404s
sys	0m0.040s
----------------------------------------
[Wed Jul 23 10:00:32 UTC 2025] Processing: /home/genesis/0606-gather/predict_online_95.cluster.stablehlo.mlir
All operations visited successfully.
Checking satisfiability of constraints...
Solution: {'%arg0': 1, '%arg1': 1, '%arg2': 1}

real	0m0.389s
user	0m7.399s
sys	0m0.048s
----------------------------------------
[Wed Jul 23 10:00:33 UTC 2025] Processing: /home/genesis/0606-gather/predict_online_96.cluster.stablehlo.mlir
All operations visited successfully.
Checking satisfiability of constraints...
Solution: {'%arg0': 1, '%arg1': 1, '%arg2': 1, '%arg3': 1, '%arg4': 1, '%arg5': 1}

real	0m0.414s
user	0m7.414s
sys	0m0.056s
----------------------------------------
[Wed Jul 23 10:00:33 UTC 2025] Processing: /home/genesis/0606-gather/predict_online_97.cluster.stablehlo.mlir
All operations visited successfully.
Checking satisfiability of constraints...
Solution: {'%arg0': -9, '%arg1': 1, '%arg2': 1}

real	0m0.398s
user	0m7.397s
sys	0m0.060s
----------------------------------------
[Wed Jul 23 10:00:34 UTC 2025] Processing: /home/genesis/0606-gather/predict_online_98.cluster.stablehlo.mlir
All operations visited successfully.
Checking satisfiability of constraints...
Solution: {'%arg0': 1, '%arg1': 1}

real	0m0.386s
user	0m7.376s
sys	0m0.068s
----------------------------------------
[Wed Jul 23 10:00:34 UTC 2025] Processing: /home/genesis/0606-gather/predict_online_99.cluster.stablehlo.mlir
All operations visited successfully.
Checking satisfiability of constraints...
Solution: {'%arg0': 1, '%arg1': 1, '%arg2': 1}

real	0m0.385s
user	0m7.377s
sys	0m0.064s
----------------------------------------
[Wed Jul 23 10:00:34 UTC 2025] Processing: /home/genesis/0606-gather/predict_online_100.cluster.stablehlo.mlir
All operations visited successfully.
Checking satisfiability of constraints...
Solution: {'%arg0': 1, '%arg1': 1, '%arg2': 1}

real	0m0.380s
user	0m7.402s
sys	0m0.036s
----------------------------------------
[Wed Jul 23 10:00:35 UTC 2025] Processing: /home/genesis/0606-gather/predict_online_101.cluster.stablehlo.mlir
All operations visited successfully.
Checking satisfiability of constraints...
Solution: {'%arg0': 1, '%arg1': -9, '%arg2': -2, '%arg3': 3/256, '%arg4': -3, '%arg5': 1, '%arg6': -9, '%arg7': 1, '%arg8': 1, '%arg9': 1/64, '%arg10': 9, '%arg11': 1, '%arg12': 1, '%arg13': 1, '%arg14': 1, '%arg15': 1, '%arg16': 1}

real	0m0.480s
user	0m7.465s
sys	0m0.072s
----------------------------------------
[Wed Jul 23 10:00:35 UTC 2025] Processing: /home/genesis/0606-gather/predict_online_102.cluster.stablehlo.mlir
All operations visited successfully.
Checking satisfiability of constraints...
Solution: {'%arg0': 1, '%arg1': -9, '%arg2': -2, '%arg3': 3/256, '%arg4': -3, '%arg5': 1, '%arg6': -9, '%arg7': 1, '%arg8': 1, '%arg9': 1/64, '%arg10': 9, '%arg11': 1, '%arg12': 1, '%arg13': 1, '%arg14': 1, '%arg15': 1, '%arg16': 1}

real	0m0.455s
user	0m7.451s
sys	0m0.064s
----------------------------------------
[Wed Jul 23 10:00:36 UTC 2025] Processing: /home/genesis/0606-gather/predict_online_103.cluster.stablehlo.mlir
All operations visited successfully.
Checking satisfiability of constraints...
Solution: {'%arg0': 1, '%arg1': 1, '%arg2': 1}

real	0m0.407s
user	0m7.409s
sys	0m0.056s
----------------------------------------
[Wed Jul 23 10:00:36 UTC 2025] Processing: /home/genesis/0606-gather/predict_online_104.cluster.stablehlo.mlir
All operations visited successfully.
Checking satisfiability of constraints...
Solution: {'%arg0': 1, '%arg1': 1}

real	0m0.386s
user	0m7.380s
sys	0m0.064s
----------------------------------------
[Wed Jul 23 10:00:37 UTC 2025] Processing: /home/genesis/0606-gather/predict_online_105.cluster.stablehlo.mlir
All operations visited successfully.
Checking satisfiability of constraints...
Solution: {'%arg0': 1, '%arg1': 1}

real	0m0.399s
user	0m7.413s
sys	0m0.041s
----------------------------------------
[Wed Jul 23 10:00:37 UTC 2025] Processing: /home/genesis/0606-gather/predict_online_106.cluster.stablehlo.mlir
All operations visited successfully.
Checking satisfiability of constraints...
Solution: {'%arg0': 1, '%arg1': 1, '%arg2': 1}

real	0m0.383s
user	0m7.379s
sys	0m0.060s
----------------------------------------
[Wed Jul 23 10:00:37 UTC 2025] Processing: /home/genesis/0606-gather/predict_online_107.cluster.stablehlo.mlir
All operations visited successfully.
Checking satisfiability of constraints...
Solution: {'%arg0': 1, '%arg1': 1}

real	0m0.396s
user	0m7.405s
sys	0m0.048s
----------------------------------------
[Wed Jul 23 10:00:38 UTC 2025] Processing: /home/genesis/0606-gather/predict_online_108.cluster.stablehlo.mlir
All operations visited successfully.
Checking satisfiability of constraints...
Solution: {'%arg0': 1/100}

real	0m0.383s
user	0m7.382s
sys	0m0.060s
----------------------------------------
[Wed Jul 23 10:00:38 UTC 2025] Processing: /home/genesis/0606-gather/predict_online_109.cluster.stablehlo.mlir
All operations visited successfully.
Checking satisfiability of constraints...
Solution: {'%arg0': 1/100, '%arg1': -1/100}

real	0m0.384s
user	0m7.357s
sys	0m0.060s
----------------------------------------
[Wed Jul 23 10:00:38 UTC 2025] Processing: /home/genesis/0606-gather/predict_online_110.cluster.stablehlo.mlir
All operations visited successfully.
Checking satisfiability of constraints...
Solution: {'%arg0': 1, '%arg1': 1, '%arg2': 1}

real	0m0.385s
user	0m7.377s
sys	0m0.064s
----------------------------------------
[Wed Jul 23 10:00:39 UTC 2025] Processing: /home/genesis/0606-gather/predict_online_111.cluster.stablehlo.mlir
All operations visited successfully.
Checking satisfiability of constraints...
Solution: {'%arg0': 1, '%arg1': 1}

real	0m0.409s
user	0m7.412s
sys	0m0.053s
----------------------------------------
[Wed Jul 23 10:00:39 UTC 2025] Processing: /home/genesis/0606-gather/predict_online_112.cluster.stablehlo.mlir
All operations visited successfully.
Checking satisfiability of constraints...
Solution: {'%arg0': 1, '%arg1': 1}

real	0m0.395s
user	0m7.416s
sys	0m0.036s
----------------------------------------
[Wed Jul 23 10:00:40 UTC 2025] Processing: /home/genesis/0606-gather/predict_online_113.cluster.stablehlo.mlir
All operations visited successfully.
Checking satisfiability of constraints...
Solution: {'%arg0': 1, '%arg1': 1}

real	0m0.396s
user	0m7.409s
sys	0m0.044s
----------------------------------------
[Wed Jul 23 10:00:40 UTC 2025] Processing: /home/genesis/0606-gather/predict_online_114.cluster.stablehlo.mlir
All operations visited successfully.
Checking satisfiability of constraints...
Solution: {'%arg0': 1/100}

real	0m0.407s
user	0m7.425s
sys	0m0.040s
----------------------------------------
[Wed Jul 23 10:00:41 UTC 2025] Processing: /home/genesis/0606-gather/predict_online_115.cluster.stablehlo.mlir
All operations visited successfully.
Checking satisfiability of constraints...
Solution: {'%arg0': 1/100}

real	0m0.378s
user	0m7.397s
sys	0m0.040s
----------------------------------------
[Wed Jul 23 10:00:41 UTC 2025] Processing: /home/genesis/0606-gather/predict_online_116.cluster.stablehlo.mlir
All operations visited successfully.
Checking satisfiability of constraints...
Solution: {'%arg0': 1, '%arg1': -9, '%arg2': 1, '%arg3': 1, '%arg4': 1, '%arg5': 1, '%arg6': 1, '%arg7': 1}

real	0m0.406s
user	0m7.386s
sys	0m0.076s
----------------------------------------
[Wed Jul 23 10:00:41 UTC 2025] Processing: /home/genesis/0606-gather/predict_online_117.cluster.stablehlo.mlir
All operations visited successfully.
Checking satisfiability of constraints...
Solution: {'%arg0': 1, '%arg1': -9, '%arg2': 1, '%arg3': 1, '%arg4': 1, '%arg5': 1, '%arg6': 1, '%arg7': 1}

real	0m0.427s
user	0m7.427s
sys	0m0.056s
----------------------------------------
[Wed Jul 23 10:00:42 UTC 2025] Processing: /home/genesis/0606-gather/predict_online_118.cluster.stablehlo.mlir
All operations visited successfully.
Checking satisfiability of constraints...
Solution: {'%arg0': 1, '%arg1': 1, '%arg2': 1}

real	0m0.392s
user	0m7.394s
sys	0m0.056s
----------------------------------------
==== Completed: 0606_gather.log ====
